HYPERPARAMETERS OF EACH ITERATION:
|   iter    |  target   | baggin... | baggin... | featur... | lambda_l1 | lambda_l2 | min_ch... | num_le... |
-------------------------------------------------------------------------------------------------------------
|  1        |  0.9994   |  0.6247   |  6.704    |  0.8392   |  5.987    |  1.56     |  19.82    |  16.75    |
|  2        |  0.9995   |  0.9197   |  4.607    |  0.8248   |  0.2058   |  9.699    |  84.08    |  55.93    |
|  3        |  0.9994   |  0.5091   |  2.1      |  0.5825   |  5.248    |  4.319    |  32.67    |  157.4    |
|  4        |  0.9994   |  0.4837   |  2.753    |  0.6198   |  4.561    |  7.852    |  23.97    |  132.6    |
|  5        |  0.9995   |  0.7554   |  1.279    |  0.7645   |  1.705    |  0.6505   |  95.14    |  247.3    |
|  6        |  0.9993   |  0.885    |  2.828    |  0.4586   |  6.842    |  4.402    |  16.59    |  127.8    |
|  7        |  0.9993   |  0.4206   |  6.456    |  0.5553   |  6.625    |  3.117    |  54.41    |  140.9    |
|  8        |  0.9994   |  0.5109   |  6.818    |  0.8651   |  9.395    |  8.948    |  61.8     |  236.2    |
|  9        |  0.9993   |  0.4531   |  2.176    |  0.4271   |  3.253    |  3.887    |  30.78    |  212.5    |
|  10       |  0.9995   |  0.6141   |  2.686    |  0.7256   |  1.409    |  8.022    |  12.08    |  252.7    |
|  11       |  0.9993   |  0.8633   |  2.192    |  0.4033   |  8.155    |  7.069    |  74.26    |  197.9    |
|  12       |  0.9993   |  0.4444   |  3.151    |  0.4695   |  8.631    |  6.233    |  36.44    |  18.14    |
|  13       |  0.9994   |  0.5866   |  2.951    |  0.8378   |  6.376    |  8.872    |  49.86    |  32.38    |
|  14       |  0.9994   |  0.8279   |  5.565    |  0.7368   |  7.71     |  4.938    |  54.66    |  110.6    |
|  15       |  0.9993   |  0.4153   |  1.647    |  0.4189   |  6.364    |  3.144    |  53.31    |  232.5    |
|  16       |  0.9995   |  0.5496   |  3.462    |  0.8533   |  2.288    |  0.7698   |  32.53    |  42.95    |
|  17       |  0.9994   |  0.9578   |  5.849    |  0.78     |  8.715    |  8.037    |  22.72    |  228.7    |
|  18       |  0.9995   |  0.7236   |  5.845    |  0.9377   |  3.18     |  1.101    |  26.65    |  110.5    |
|  19       |  0.9994   |  0.8908   |  6.164    |  0.4042   |  5.107    |  4.174    |  26.1     |  32.45    |
|  20       |  0.9994   |  0.6026   |  6.657    |  0.5939   |  5.188    |  7.03     |  39.54    |  248.8    |
|  21       |  0.9995   |  0.9775   |  2.511    |  0.6983   |  3.009    |  2.848    |  8.504    |  156.8    |
|  22       |  0.9994   |  0.7016   |  1.309    |  0.5672   |  9.083    |  2.396    |  18.77    |  126.3    |
|  23       |  0.9995   |  0.9914   |  2.452    |  0.8033   |  7.616    |  2.376    |  74.18    |  95.42    |
|  24       |  0.9995   |  0.7794   |  4.801    |  0.7215   |  0.9029   |  8.353    |  35.47    |  49.38    |
|  25       |  0.9995   |  0.4245   |  4.545    |  0.8065   |  0.1659   |  5.121    |  26.52    |  165.9    |
|  26       |  0.9994   |  0.5046   |  5.146    |  0.632    |  9.367    |  1.375    |  37.4     |  30.82    |
|  27       |  0.9994   |  0.9548   |  6.264    |  0.5548   |  6.6      |  8.172    |  57.74    |  136.5    |
|  28       |  0.9994   |  0.5451   |  1.559    |  0.9383   |  9.004    |  6.331    |  37.21    |  90.7     |
|  29       |  0.9994   |  0.8356   |  6.383    |  0.9323   |  7.799    |  6.42     |  12.99    |  43.05    |
|  30       |  0.9994   |  0.9391   |  4.639    |  0.4055   |  1.015    |  6.635    |  5.481    |  42.85    |
|  31       |  0.9995   |  0.7292   |  5.151    |  0.7912   |  2.243    |  7.122    |  27.54    |  84.65    |
|  32       |  0.9994   |  0.8479   |  4.898    |  0.9095   |  6.576    |  5.683    |  13.9     |  95.4     |
|  33       |  0.9994   |  0.5591   |  2.464    |  0.9838   |  3.931    |  8.92     |  64.96    |  203.9    |
|  34       |  0.9994   |  0.7016   |  4.461    |  0.6955   |  1.952    |  7.225    |  31.67    |  8.176    |
|  35       |  0.9993   |  0.7873   |  2.063    |  0.9643   |  9.539    |  9.149    |  40.17    |  5.926    |
|  36       |  0.9994   |  0.957    |  3.569    |  0.98     |  9.636    |  8.53     |  32.97    |  99.81    |
|  37       |  0.9993   |  0.9107   |  2.902    |  0.5017   |  5.568    |  9.362    |  71.12    |  146.8    |
|  38       |  0.9994   |  0.4583   |  4.69     |  0.994    |  1.401    |  5.183    |  88.35    |  190.2    |
|  39       |  0.9994   |  0.8182   |  5.215    |  0.6157   |  2.936    |  8.094    |  81.96    |  222.2    |
|  40       |  0.9994   |  0.9479   |  4.068    |  0.7009   |  7.983    |  6.5      |  71.69    |  204.1    |
|  41       |  0.9995   |  0.934    |  3.028    |  0.6253   |  0.9398   |  5.783    |  8.415    |  120.3    |
|  42       |  0.9995   |  0.7256   |  2.719    |  0.7545   |  0.305    |  0.3735   |  83.15    |  93.49    |
|  43       |  0.9994   |  0.4762   |  4.133    |  0.862    |  2.158    |  6.229    |  13.11    |  15.13    |
|  44       |  0.9994   |  0.7188   |  4.244    |  0.7825   |  7.261    |  9.759    |  54.05    |  84.03    |
|  45       |  0.9995   |  0.8771   |  2.625    |  0.6634   |  0.7846   |  0.2535   |  96.45    |  214.3    |
|  46       |  0.9994   |  0.8176   |  3.454    |  0.504    |  1.564    |  2.502    |  57.18    |  183.5    |
|  47       |  0.9994   |  0.7961   |  2.68     |  0.9729   |  7.379    |  5.544    |  63.11    |  108.6    |
|  48       |  0.9995   |  0.5486   |  3.136    |  0.8547   |  0.1439   |  1.161    |  9.37     |  12.35    |
|  49       |  0.9995   |  0.9133   |  5.222    |  0.6845   |  0.9783   |  4.916    |  49.98    |  45.99    |
|  50       |  0.9994   |  0.6603   |  3.391    |  0.7695   |  6.351    |  0.453    |  40.59    |  161.0    |
|  51       |  0.9995   |  0.4921   |  2.24     |  0.773    |  1.282    |  2.652    |  84.35    |  85.08    |
|  52       |  0.9994   |  0.772    |  2.851    |  0.4597   |  2.06     |  0.2143   |  89.06    |  97.41    |
|  53       |  0.9994   |  0.8631   |  2.666    |  0.4529   |  0.6447   |  3.644    |  81.3     |  92.37    |
|  54       |  0.9994   |  0.9991   |  1.307    |  0.8695   |  7.423    |  7.924    |  38.18    |  120.0    |
|  55       |  0.9994   |  0.7336   |  6.422    |  0.7971   |  2.305    |  9.661    |  42.63    |  9.026    |
|  56       |  0.9995   |  0.8855   |  2.156    |  0.9105   |  6.51     |  6.631    |  9.864    |  108.4    |
|  57       |  0.9994   |  0.8258   |  4.789    |  0.8811   |  6.739    |  8.448    |  25.48    |  245.8    |
|  58       |  0.9994   |  0.4715   |  6.702    |  0.981    |  9.533    |  9.249    |  27.46    |  109.0    |
|  59       |  0.9995   |  0.9858   |  5.199    |  0.9417   |  4.447    |  4.08     |  27.84    |  47.48    |
|  60       |  0.9994   |  0.657    |  2.964    |  0.7105   |  9.814    |  0.1684   |  89.61    |  133.9    |
|  61       |  0.9993   |  0.4039   |  3.898    |  0.5745   |  5.863    |  5.109    |  20.17    |  247.5    |
|  62       |  0.9995   |  0.8666   |  5.286    |  0.7591   |  0.26     |  4.421    |  59.09    |  173.6    |
|  63       |  0.9993   |  0.6024   |  6.795    |  0.4568   |  4.716    |  9.729    |  60.35    |  200.8    |
|  64       |  0.9994   |  0.4037   |  5.035    |  0.7843   |  9.37     |  7.269    |  21.63    |  228.7    |
|  65       |  0.9994   |  0.8478   |  3.031    |  0.672    |  6.56     |  6.258    |  24.49    |  191.8    |
|  66       |  0.9994   |  0.9631   |  5.744    |  0.5525   |  6.951    |  2.209    |  66.61    |  189.1    |
|  67       |  0.9995   |  0.8038   |  3.981    |  0.7321   |  2.695    |  4.208    |  28.27    |  253.8    |
|  68       |  0.999    |  0.7193   |  5.477    |  0.7086   |  4.519    |  5.651    |  43.62    |  4.763    |
|  69       |  0.9994   |  0.9028   |  4.556    |  0.6244   |  2.785    |  9.861    |  44.68    |  193.5    |
|  70       |  0.9994   |  0.5974   |  5.341    |  0.6057   |  6.094    |  7.423    |  7.175    |  52.08    |
|  71       |  0.9994   |  0.5938   |  2.838    |  0.4786   |  1.914    |  1.156    |  84.14    |  91.28    |
|  72       |  0.9994   |  0.7555   |  2.311    |  0.6047   |  3.679    |  4.45     |  99.59    |  149.0    |
|  73       |  0.9993   |  0.4376   |  6.907    |  0.5385   |  0.7324   |  9.91     |  88.39    |  226.9    |
|  74       |  0.9994   |  0.7457   |  4.157    |  0.6885   |  0.1144   |  4.844    |  52.86    |  9.54     |
|  75       |  0.9994   |  0.8833   |  6.937    |  0.5139   |  1.558    |  3.118    |  43.75    |  103.8    |
|  76       |  0.9994   |  0.9604   |  5.131    |  0.7993   |  8.562    |  3.273    |  5.17     |  166.4    |
|  77       |  0.9994   |  0.5342   |  3.496    |  0.8117   |  4.72     |  5.384    |  22.96    |  202.0    |
|  78       |  0.9995   |  0.7168   |  5.875    |  0.9459   |  2.507    |  7.593    |  89.74    |  44.44    |
|  79       |  0.9994   |  0.6892   |  6.878    |  0.8443   |  7.391    |  9.329    |  50.41    |  215.1    |
|  80       |  0.9994   |  0.7978   |  4.858    |  0.9546   |  4.536    |  6.566    |  44.84    |  217.0    |
|  81       |  0.9994   |  0.5646   |  5.75     |  0.8924   |  9.766    |  1.332    |  30.85    |  108.3    |
|  82       |  0.9993   |  0.9175   |  5.242    |  0.4957   |  7.411    |  6.597    |  35.74    |  10.95    |
|  83       |  0.9994   |  0.4248   |  6.532    |  0.6109   |  2.998    |  3.563    |  24.2     |  209.4    |
|  84       |  0.9994   |  0.8161   |  2.147    |  0.6203   |  8.659    |  0.6733   |  49.75    |  48.48    |
|  85       |  0.9994   |  0.427    |  1.922    |  0.6625   |  6.369    |  1.243    |  28.38    |  16.73    |
|  86       |  0.9994   |  0.4649   |  6.254    |  0.9219   |  9.962    |  3.213    |  70.2     |  110.1    |
|  87       |  0.9994   |  0.7659   |  6.794    |  0.5447   |  1.06     |  2.209    |  70.44    |  130.6    |
|  88       |  0.9995   |  0.9823   |  2.531    |  0.9506   |  3.568    |  2.966    |  85.93    |  46.09    |
|  89       |  0.9994   |  0.6721   |  3.945    |  0.9003   |  8.489    |  3.596    |  22.87    |  223.4    |
|  90       |  0.9993   |  0.9656   |  4.87     |  0.407    |  7.387    |  9.417    |  62.65    |  147.2    |
|  91       |  0.9993   |  0.6728   |  2.276    |  0.4164   |  6.587    |  2.875    |  74.81    |  235.6    |
|  92       |  0.9994   |  0.6155   |  4.481    |  0.8625   |  2.157    |  9.715    |  42.25    |  167.9    |
|  93       |  0.9994   |  0.9328   |  6.581    |  0.7373   |  9.093    |  7.157    |  12.4     |  51.33    |
|  94       |  0.9994   |  0.9043   |  5.181    |  0.4027   |  4.262    |  4.593    |  28.78    |  46.98    |
|  95       |  0.9995   |  0.8207   |  6.231    |  0.823    |  3.71     |  5.71     |  25.85    |  55.85    |
|  96       |  0.9995   |  0.7183   |  4.782    |  0.9939   |  2.707    |  6.66     |  83.58    |  151.9    |
|  97       |  0.9994   |  0.8248   |  5.707    |  0.7315   |  5.348    |  5.653    |  56.33    |  184.9    |
|  98       |  0.9994   |  0.961    |  6.739    |  0.6601   |  1.716    |  9.005    |  89.49    |  132.6    |
|  99       |  0.9994   |  0.8366   |  3.978    |  0.7021   |  7.87     |  1.839    |  13.95    |  72.79    |
|  100      |  0.9995   |  0.5649   |  5.02     |  0.7792   |  2.119    |  3.145    |  36.49    |  69.92    |
|  101      |  0.9995   |  0.4519   |  3.0      |  0.8331   |  0.0416   |  0.5419   |  82.59    |  145.8    |
|  102      |  0.9993   |  0.6082   |  2.843    |  0.5421   |  5.114    |  3.137    |  28.92    |  7.183    |
|  103      |  0.9995   |  0.7075   |  2.52     |  0.8814   |  4.19     |  1.611    |  7.247    |  53.04    |
|  104      |  0.9994   |  0.948    |  2.642    |  0.4735   |  6.93     |  8.353    |  35.96    |  226.3    |
|  105      |  0.9994   |  0.9133   |  6.66     |  0.4202   |  5.337    |  4.649    |  72.91    |  225.5    |
|  106      |  0.9994   |  0.4608   |  5.702    |  0.8533   |  6.817    |  2.121    |  52.81    |  238.2    |
|  107      |  0.9995   |  0.8468   |  4.508    |  0.9472   |  5.777    |  6.101    |  51.2     |  233.8    |
|  108      |  0.9994   |  0.6462   |  1.674    |  0.7071   |  5.141    |  2.185    |  90.7     |  96.06    |
|  109      |  0.9994   |  0.9249   |  2.145    |  0.4752   |  2.59     |  5.554    |  31.1     |  41.54    |
|  110      |  0.9993   |  0.9837   |  5.048    |  0.6299   |  3.005    |  3.895    |  6.931    |  5.415    |
|  111      |  0.9994   |  0.6519   |  6.601    |  0.4646   |  0.2449   |  1.765    |  32.6     |  251.2    |
|  112      |  0.9994   |  0.5122   |  1.726    |  0.8878   |  7.087    |  9.554    |  85.89    |  195.0    |
|  113      |  0.9994   |  0.9784   |  1.153    |  0.9481   |  8.788    |  8.887    |  87.31    |  175.8    |
|  114      |  0.9994   |  0.4062   |  5.001    |  0.9936   |  3.381    |  4.996    |  73.12    |  26.18    |
|  115      |  0.9994   |  0.9249   |  5.15     |  0.4258   |  2.094    |  3.228    |  80.84    |  149.8    |
|  116      |  0.9994   |  0.4928   |  6.55     |  0.6706   |  4.66     |  0.5872   |  36.4     |  185.2    |
|  117      |  0.9995   |  0.9567   |  2.942    |  0.6861   |  0.3042   |  4.523    |  94.95    |  168.6    |
|  118      |  0.9994   |  0.6469   |  6.803    |  0.5573   |  1.31     |  0.02854  |  94.64    |  137.7    |
|  119      |  0.9995   |  0.8867   |  2.697    |  0.8107   |  4.242    |  6.817    |  59.54    |  248.9    |
|  120      |  0.9994   |  0.5403   |  2.925    |  0.6064   |  2.965    |  8.402    |  62.69    |  213.6    |
|  121      |  0.9994   |  0.636    |  3.664    |  0.8594   |  3.05     |  5.939    |  25.8     |  82.81    |
|  122      |  0.9994   |  0.49     |  3.792    |  0.9001   |  6.747    |  5.225    |  72.41    |  131.0    |
|  123      |  0.9995   |  0.8584   |  3.573    |  0.7115   |  2.045    |  5.483    |  24.08    |  139.0    |
|  124      |  0.9994   |  0.4743   |  3.279    |  0.595    |  0.4878   |  4.009    |  54.24    |  250.7    |
|  125      |  0.9995   |  0.8191   |  1.279    |  0.7726   |  0.9432   |  8.429    |  12.62    |  205.8    |
|  126      |  0.9993   |  0.8348   |  5.902    |  0.4109   |  8.653    |  4.946    |  43.21    |  23.87    |
|  127      |  0.9994   |  0.6732   |  4.325    |  0.5484   |  9.155    |  1.589    |  78.92    |  73.85    |
|  128      |  0.9994   |  0.8051   |  4.651    |  0.8043   |  7.319    |  0.06008  |  17.91    |  205.1    |
|  129      |  0.9995   |  0.8452   |  1.926    |  0.8418   |  4.268    |  4.785    |  21.77    |  179.5    |
|  130      |  0.9994   |  0.8965   |  4.421    |  0.5547   |  1.047    |  9.75     |  87.89    |  156.0    |
|  131      |  0.9994   |  0.5806   |  3.412    |  0.9697   |  4.304    |  0.5934   |  10.47    |  18.26    |
|  132      |  0.9994   |  0.8826   |  6.955    |  0.5786   |  0.3042   |  6.375    |  13.93    |  170.5    |
|  133      |  0.9994   |  0.8989   |  6.432    |  0.817    |  9.643    |  2.422    |  43.23    |  216.0    |
|  134      |  0.9993   |  0.6467   |  5.552    |  0.4728   |  9.105    |  5.987    |  21.48    |  18.76    |
|  135      |  0.9994   |  0.8609   |  4.165    |  0.8356   |  6.186    |  6.814    |  57.63    |  164.2    |
|  136      |  0.9994   |  0.5409   |  4.621    |  0.6563   |  4.291    |  6.139    |  93.13    |  20.62    |
|  137      |  0.9995   |  0.8248   |  4.493    |  0.9405   |  4.149    |  9.959    |  9.706    |  81.86    |
|  138      |  0.9994   |  0.568    |  6.518    |  0.7097   |  5.366    |  9.083    |  23.94    |  74.58    |
|  139      |  0.9995   |  0.7733   |  5.275    |  0.7137   |  1.538    |  2.636    |  83.32    |  36.0     |
|  140      |  0.9994   |  0.7527   |  5.507    |  0.6139   |  3.552    |  4.022    |  60.09    |  58.56    |
|  141      |  0.9994   |  0.8664   |  1.798    |  0.8097   |  6.213    |  3.523    |  11.11    |  159.6    |
|  142      |  0.9993   |  0.4014   |  3.882    |  0.4698   |  9.011    |  4.509    |  36.41    |  192.5    |
|  143      |  0.9994   |  0.5938   |  3.319    |  0.606    |  0.2144   |  7.159    |  85.81    |  225.3    |
|  144      |  0.9994   |  0.8321   |  3.214    |  0.7327   |  9.768    |  8.899    |  68.42    |  230.6    |
|  145      |  0.9994   |  0.5648   |  1.345    |  0.8375   |  2.212    |  6.208    |  63.05    |  195.6    |
|  146      |  0.9994   |  0.7456   |  3.184    |  0.5067   |  0.4343   |  4.245    |  66.2     |  31.76    |
|  147      |  0.9993   |  0.46     |  3.489    |  0.5803   |  9.564    |  4.836    |  44.59    |  167.1    |
|  148      |  0.9994   |  0.5502   |  5.054    |  0.8807   |  9.323    |  4.193    |  27.73    |  214.5    |
|  149      |  0.9995   |  0.7577   |  1.864    |  0.996    |  0.393    |  7.841    |  77.97    |  196.2    |
|  150      |  0.9993   |  0.866    |  1.517    |  0.5078   |  9.237    |  3.129    |  79.52    |  27.13    |
|  151      |  0.9993   |  0.4095   |  2.461    |  0.5546   |  5.484    |  7.687    |  78.93    |  76.62    |
|  152      |  0.9995   |  0.4855   |  3.391    |  0.7466   |  0.8352   |  2.716    |  44.66    |  132.9    |
|  153      |  0.9994   |  0.437    |  6.108    |  0.6544   |  6.892    |  7.081    |  88.1     |  188.6    |
|  154      |  0.9994   |  0.5282   |  5.033    |  0.908    |  1.49     |  9.348    |  65.96    |  74.44    |
|  155      |  0.9994   |  0.5106   |  4.196    |  0.9537   |  7.353    |  7.92     |  6.813    |  95.69    |
|  156      |  0.9993   |  0.7548   |  4.071    |  0.5055   |  3.735    |  3.245    |  87.2     |  200.5    |
|  157      |  0.9993   |  0.554    |  2.762    |  0.4457   |  7.218    |  0.9772   |  37.86    |  113.7    |
|  158      |  0.9993   |  0.5615   |  1.537    |  0.5151   |  9.295    |  8.351    |  61.03    |  173.5    |
|  159      |  0.9994   |  0.7369   |  4.403    |  0.6664   |  1.05     |  9.038    |  61.71    |  195.4    |
|  160      |  0.9994   |  0.6645   |  6.923    |  0.7427   |  2.392    |  7.2      |  99.23    |  147.2    |
|  161      |  0.9994   |  0.7351   |  6.345    |  0.7429   |  4.048    |  8.991    |  84.53    |  132.1    |
|  162      |  0.9994   |  0.5928   |  4.425    |  0.8537   |  7.971    |  0.13     |  98.66    |  111.2    |
|  163      |  0.9994   |  0.8084   |  4.917    |  0.5061   |  3.325    |  5.598    |  37.61    |  149.4    |
|  164      |  0.9994   |  0.6177   |  5.115    |  0.715    |  7.242    |  6.833    |  97.59    |  134.8    |
|  165      |  0.9995   |  0.8761   |  3.047    |  0.8589   |  1.138    |  2.692    |  45.98    |  92.12    |
|  166      |  0.9994   |  0.8528   |  4.225    |  0.707    |  3.647    |  7.675    |  72.01    |  108.1    |
|  167      |  0.9995   |  0.6797   |  2.275    |  0.8496   |  3.808    |  4.589    |  20.88    |  147.4    |
|  168      |  0.9994   |  0.4809   |  4.36     |  0.6922   |  5.133    |  4.765    |  47.65    |  161.4    |
|  169      |  0.9993   |  0.4356   |  4.31     |  0.5066   |  1.129    |  3.064    |  98.93    |  28.54    |
|  170      |  0.9993   |  0.587    |  4.321    |  0.409    |  9.022    |  1.186    |  8.572    |  205.7    |
|  171      |  0.9994   |  0.8077   |  4.895    |  0.8409   |  8.69     |  2.364    |  70.16    |  34.4     |
|  172      |  0.9994   |  0.6922   |  3.019    |  0.9652   |  7.395    |  0.8818   |  86.69    |  146.2    |
|  173      |  0.9995   |  0.4698   |  2.047    |  0.7713   |  0.3486   |  1.071    |  60.68    |  25.92    |
|  174      |  0.9993   |  0.5897   |  5.088    |  0.5414   |  7.114    |  9.164    |  67.65    |  100.2    |
|  175      |  0.9995   |  0.9923   |  5.441    |  0.9876   |  4.441    |  8.96     |  80.36    |  121.1    |
|  176      |  0.9994   |  0.6165   |  1.942    |  0.7126   |  1.941    |  5.675    |  63.18    |  154.6    |
|  177      |  0.9994   |  0.5446   |  2.579    |  0.9023   |  9.006    |  5.724    |  71.41    |  173.8    |
|  178      |  0.9994   |  0.7947   |  3.312    |  0.4327   |  0.7911   |  7.483    |  74.81    |  121.9    |
|  179      |  0.9994   |  0.5291   |  5.429    |  0.8804   |  6.815    |  5.217    |  8.085    |  82.78    |
|  180      |  0.9994   |  0.9039   |  2.948    |  0.5518   |  7.299    |  5.769    |  69.1     |  98.75    |
|  181      |  0.9995   |  0.4561   |  5.321    |  0.783    |  0.01586  |  1.081    |  53.23    |  211.6    |
|  182      |  0.9995   |  0.834    |  5.351    |  0.7531   |  2.526    |  3.646    |  35.93    |  69.9     |
|  183      |  0.9994   |  0.9913   |  4.474    |  0.571    |  5.644    |  5.535    |  50.33    |  234.0    |
|  184      |  0.9994   |  0.9632   |  2.16     |  0.4054   |  4.786    |  4.293    |  20.96    |  147.5    |
|  185      |  0.9994   |  0.6497   |  2.297    |  0.811    |  3.851    |  4.45     |  20.21    |  147.0    |
|  186      |  0.9995   |  0.7856   |  6.724    |  0.9508   |  4.657    |  1.1      |  26.74    |  110.8    |
|  187      |  0.9993   |  0.4352   |  3.294    |  0.4555   |  2.315    |  4.906    |  24.63    |  138.6    |
|  188      |  0.9994   |  0.7522   |  6.565    |  0.5453   |  1.988    |  5.001    |  61.73    |  131.5    |
|  189      |  0.9994   |  0.7591   |  3.479    |  0.683    |  7.658    |  3.874    |  27.87    |  168.1    |
|  190      |  0.9995   |  0.7941   |  5.01     |  0.6245   |  2.991    |  1.463    |  26.8     |  111.3    |
|  191      |  0.9995   |  0.9158   |  6.313    |  0.9488   |  4.465    |  8.728    |  80.26    |  120.4    |
|  192      |  0.9993   |  0.5579   |  5.937    |  0.4758   |  4.999    |  3.224    |  27.63    |  47.78    |
|  193      |  0.9993   |  0.6578   |  4.156    |  0.4344   |  7.435    |  3.692    |  9.316    |  79.46    |
|  194      |  0.9995   |  0.9753   |  4.204    |  0.7978   |  5.126    |  1.627    |  73.23    |  175.0    |
|  195      |  0.9994   |  0.9059   |  2.932    |  0.4093   |  4.15     |  2.813    |  44.14    |  209.5    |
