|  196      |  0.9936   |  0.7726   |  6.662    |  0.5333   |  6.498    |  5.583    |  27.53    |  47.46    |
|  197      |  0.9936   |  0.7514   |  5.381    |  0.6242   |  4.844    |  2.133    |  24.56    |  49.44    |
|  198      |  0.9937   |  0.908    |  1.039    |  0.7443   |  0.8733   |  0.3989   |  83.72    |  91.89    |
|  199      |  0.9937   |  0.6865   |  4.48     |  0.5886   |  0.2257   |  0.8722   |  28.9     |  109.6    |
|  200      |  0.9942   |  0.8942   |  3.775    |  0.7503   |  0.3144   |  4.237    |  26.19    |  165.7    |
|  201      |  0.9937   |  0.5407   |  1.9      |  0.7498   |  0.321    |  2.754    |  25.43    |  165.7    |
|  202      |  0.9941   |  0.8403   |  3.812    |  0.8719   |  2.283    |  6.871    |  28.88    |  85.22    |
|  203      |  0.9937   |  0.6591   |  5.253    |  0.7472   |  3.325    |  0.001108 |  27.66    |  45.44    |
|  204      |  0.9937   |  0.9024   |  2.854    |  0.6629   |  4.16     |  0.5051   |  32.92    |  42.72    |
|  205      |  0.9939   |  0.6321   |  1.185    |  0.8874   |  7.148    |  8.833    |  39.92    |  119.7    |
|  206      |  0.9937   |  0.9339   |  3.716    |  0.6528   |  1.182    |  6.725    |  27.5     |  82.42    |
|  207      |  0.9936   |  0.8819   |  1.767    |  0.6673   |  1.043    |  1.801    |  94.65    |  248.5    |
|  208      |  0.9936   |  0.6576   |  2.247    |  0.7127   |  2.194    |  7.143    |  27.2     |  84.27    |
|  209      |  0.9911   |  0.7941   |  3.642    |  0.4309   |  2.222    |  1.321    |  95.42    |  247.7    |
|  210      |  0.9936   |  0.4379   |  5.403    |  0.6323   |  4.122    |  0.646    |  27.28    |  109.0    |
|  211      |  0.9911   |  0.4589   |  2.068    |  0.4523   |  1.639    |  0.8813   |  97.9     |  247.0    |
|  212      |  0.994    |  0.4147   |  2.755    |  0.9526   |  1.537    |  4.578    |  25.91    |  165.0    |
|  213      |  0.9937   |  0.8101   |  6.907    |  0.6291   |  2.814    |  3.383    |  27.69    |  110.1    |
|  214      |  0.9936   |  0.5552   |  4.953    |  0.5226   |  0.493    |  6.03     |  29.35    |  85.43    |
|  215      |  0.9941   |  0.7701   |  6.297    |  0.9867   |  2.086    |  7.806    |  28.02    |  83.74    |
|  216      |  0.9942   |  0.8515   |  3.771    |  0.7901   |  1.353    |  0.9808   |  30.69    |  110.8    |
|  217      |  0.9936   |  0.5296   |  2.078    |  0.5113   |  0.6864   |  2.322    |  83.54    |  92.55    |
|  218      |  0.994    |  0.4944   |  6.262    |  0.8081   |  1.671    |  7.144    |  29.91    |  84.41    |
|  219      |  0.9936   |  0.6861   |  4.322    |  0.7307   |  3.904    |  0.4814   |  29.96    |  42.74    |
|  220      |  0.9905   |  0.7343   |  3.734    |  0.4032   |  1.802    |  8.834    |  29.56    |  85.71    |
|  221      |  0.9911   |  0.9782   |  2.002    |  0.4693   |  0.08596  |  0.4869   |  83.84    |  94.35    |
|  222      |  0.9936   |  0.7849   |  4.674    |  0.5631   |  2.378    |  6.283    |  27.46    |  86.34    |
|  223      |  0.9901   |  0.4992   |  5.929    |  0.4062   |  5.804    |  4.333    |  25.41    |  50.93    |
|  224      |  0.9937   |  0.7163   |  3.365    |  0.6758   |  1.463    |  1.649    |  29.05    |  112.0    |
|  225      |  0.9941   |  0.9471   |  2.706    |  0.8613   |  3.037    |  0.3353   |  82.26    |  93.89    |
|  226      |  0.9907   |  0.8979   |  1.122    |  0.4952   |  5.015    |  8.339    |  50.69    |  32.58    |
|  227      |  0.994    |  0.5358   |  6.187    |  0.9113   |  2.657    |  6.46     |  30.16    |  84.08    |
|  228      |  0.9937   |  0.7646   |  4.308    |  0.6486   |  0.7237   |  2.116    |  30.12    |  111.0    |
|  229      |  0.9941   |  0.5557   |  4.701    |  0.8583   |  3.47     |  1.09     |  33.05    |  41.68    |
|  230      |  0.9937   |  0.7002   |  2.369    |  0.6573   |  3.41     |  1.94     |  33.15    |  42.87    |
|  231      |  0.9935   |  0.6766   |  3.978    |  0.5062   |  7.768    |  6.384    |  20.24    |  228.2    |
|  232      |  0.991    |  0.8937   |  5.205    |  0.4298   |  0.989    |  1.07     |  30.05    |  108.8    |
|  233      |  0.9941   |  0.8883   |  5.343    |  0.8491   |  2.807    |  1.312    |  27.99    |  43.47    |
|  234      |  0.9941   |  0.9617   |  4.04     |  0.8269   |  1.896    |  6.038    |  30.44    |  84.83    |
|  235      |  0.9936   |  0.655    |  3.371    |  0.6688   |  3.461    |  1.832    |  82.31    |  92.67    |
|  236      |  0.994    |  0.4916   |  6.249    |  0.8097   |  1.67     |  7.176    |  28.01    |  82.25    |
|  237      |  0.9936   |  0.671    |  4.73     |  0.5318   |  1.59     |  5.546    |  59.96    |  173.3    |
|  238      |  0.9941   |  0.7946   |  4.948    |  0.9009   |  2.777    |  0.8713   |  34.41    |  42.97    |
|  239      |  0.9936   |  0.7372   |  3.602    |  0.5527   |  5.669    |  0.592    |  30.69    |  46.53    |
|  240      |  0.9942   |  1.0      |  5.173    |  1.0      |  1.898    |  0.4301   |  28.97    |  43.49    |
|  241      |  0.9941   |  0.913    |  3.518    |  0.7509   |  1.804    |  5.656    |  29.49    |  86.36    |
|  242      |  0.9941   |  0.9027   |  6.602    |  0.9655   |  0.3084   |  7.216    |  29.07    |  82.32    |
|  243      |  0.9936   |  0.4836   |  6.741    |  0.6222   |  0.8649   |  5.802    |  28.83    |  83.14    |
|  244      |  0.9937   |  0.7222   |  6.901    |  0.579    |  0.1213   |  7.848    |  28.55    |  83.92    |
|  245      |  0.9937   |  0.8497   |  5.424    |  0.7455   |  0.6878   |  3.56     |  27.99    |  110.2    |
|  246      |  0.9942   |  0.952    |  3.727    |  0.9394   |  2.322    |  0.8376   |  29.19    |  42.24    |
|  247      |  0.9942   |  0.8871   |  2.201    |  0.9574   |  0.2785   |  4.39     |  24.08    |  166.9    |
|  248      |  0.9937   |  0.9975   |  5.671    |  0.688    |  3.741    |  0.4954   |  28.89    |  110.1    |
|  249      |  0.9941   |  0.7058   |  5.034    |  0.8119   |  1.15     |  4.146    |  29.54    |  85.4     |
|  250      |  0.9937   |  0.8711   |  6.084    |  0.6624   |  0.841    |  4.423    |  30.01    |  84.3     |
|  251      |  0.9911   |  0.6548   |  3.771    |  0.4767   |  3.009    |  1.425    |  35.03    |  41.52    |
|  252      |  0.9937   |  0.5599   |  3.214    |  0.6718   |  0.7374   |  1.291    |  28.21    |  42.74    |
|  253      |  0.9941   |  0.9572   |  4.905    |  0.9701   |  1.855    |  6.733    |  29.99    |  83.24    |
|  254      |  0.9936   |  0.5019   |  4.609    |  0.676    |  2.138    |  3.882    |  30.77    |  85.94    |
|  255      |  0.991    |  0.8036   |  3.18     |  0.4645   |  1.444    |  5.112    |  28.18    |  85.31    |
|  256      |  0.9936   |  0.5131   |  6.213    |  0.5963   |  2.314    |  1.372    |  33.5     |  43.84    |
|  257      |  0.9941   |  0.8578   |  6.116    |  0.9567   |  1.919    |  2.178    |  29.43    |  111.1    |
|  258      |  0.9939   |  0.9176   |  3.583    |  0.923    |  1.26     |  3.678    |  10.56    |  9.415    |
|  259      |  0.9941   |  0.7354   |  6.174    |  0.8358   |  1.654    |  5.63     |  30.93    |  86.6     |
|  260      |  0.9933   |  0.4523   |  2.597    |  0.6225   |  8.183    |  7.445    |  37.26    |  119.2    |
|  261      |  0.9936   |  0.8513   |  5.069    |  0.5592   |  2.521    |  8.32     |  28.93    |  83.25    |
|  262      |  0.9941   |  0.6824   |  4.191    |  0.9462   |  2.158    |  4.955    |  30.24    |  87.51    |
|  263      |  0.9936   |  0.7524   |  5.516    |  0.6779   |  3.753    |  6.591    |  29.25    |  85.6     |
|  264      |  0.9937   |  0.8903   |  4.462    |  0.733    |  0.9578   |  3.154    |  24.85    |  165.1    |
|  265      |  0.9942   |  0.8245   |  4.822    |  0.9747   |  1.105    |  1.811    |  28.7     |  111.2    |
|  266      |  0.9937   |  0.8027   |  3.483    |  0.5084   |  1.612    |  0.5312   |  28.56    |  111.1    |
|  267      |  0.9936   |  0.7771   |  5.127    |  0.6982   |  1.125    |  3.685    |  59.4     |  172.1    |
|  268      |  0.9937   |  0.6236   |  3.963    |  0.569    |  2.76     |  0.2834   |  29.98    |  110.8    |
|  269      |  0.991    |  0.8861   |  5.295    |  0.4336   |  0.9104   |  1.689    |  28.17    |  110.2    |
|  270      |  0.9941   |  0.6381   |  5.831    |  0.8735   |  2.755    |  0.4049   |  28.64    |  43.15    |
|  271      |  0.9937   |  0.6504   |  5.98     |  0.6672   |  2.05     |  0.1493   |  28.5     |  44.36    |
|  272      |  0.994    |  0.4692   |  6.086    |  0.7677   |  4.141    |  3.013    |  26.07    |  110.9    |
|  273      |  0.991    |  0.8583   |  6.621    |  0.4718   |  0.7037   |  5.129    |  28.96    |  85.42    |
|  274      |  0.9936   |  0.7623   |  5.564    |  0.7234   |  4.462    |  1.77     |  27.3     |  110.3    |
|  275      |  0.994    |  0.5022   |  4.211    |  0.843    |  3.573    |  1.015    |  27.51    |  42.64    |
|  276      |  0.9938   |  0.435    |  3.462    |  0.9787   |  2.439    |  3.382    |  11.92    |  10.21    |
|  277      |  0.9941   |  0.7941   |  2.608    |  0.9084   |  3.009    |  1.99     |  82.99    |  94.02    |
|  278      |  0.9937   |  0.8287   |  5.025    |  0.6794   |  1.344    |  6.096    |  28.78    |  82.02    |
|  279      |  0.9936   |  0.4      |  4.754    |  0.5326   |  1.983    |  0.6573   |  29.6     |  111.7    |
|  280      |  0.9911   |  0.9377   |  2.107    |  0.4099   |  2.376    |  1.056    |  81.59    |  95.11    |
|  281      |  0.9937   |  0.5709   |  3.423    |  0.6343   |  1.366    |  0.7952   |  32.96    |  43.65    |
|  282      |  0.9936   |  0.9142   |  5.374    |  0.5044   |  2.708    |  5.785    |  27.33    |  85.26    |
|  283      |  0.9937   |  0.8695   |  5.222    |  0.6808   |  3.066    |  1.34     |  29.49    |  110.0    |
|  284      |  0.9939   |  0.6162   |  5.215    |  0.8833   |  2.808    |  5.18     |  13.39    |  10.62    |
|  285      |  0.994    |  0.7706   |  6.872    |  0.9735   |  5.361    |  3.83     |  27.3     |  49.01    |
|  286      |  0.9936   |  0.9149   |  1.161    |  0.647    |  2.465    |  1.817    |  82.51    |  92.68    |
|  287      |  0.9906   |  0.7824   |  5.102    |  0.4955   |  5.944    |  8.972    |  21.2     |  227.5    |
|  288      |  0.9906   |  0.5686   |  3.908    |  0.4458   |  1.496    |  4.031    |  12.74    |  10.16    |
|  289      |  0.9937   |  0.8249   |  5.167    |  0.5593   |  2.345    |  1.86     |  30.77    |  42.81    |
|  290      |  0.9936   |  0.8154   |  2.309    |  0.6196   |  7.312    |  0.4479   |  40.8     |  161.0    |
|  291      |  0.9941   |  0.8867   |  4.583    |  0.987    |  2.176    |  1.957    |  29.64    |  111.2    |
|  292      |  0.9936   |  0.4349   |  3.778    |  0.7385   |  3.95     |  0.321    |  29.23    |  46.75    |
|  293      |  0.9908   |  0.6176   |  5.391    |  0.4385   |  5.352    |  1.852    |  24.89    |  47.33    |
|  294      |  0.9942   |  0.9668   |  3.233    |  0.9505   |  0.7396   |  0.1092   |  81.73    |  92.88    |
|  295      |  0.9941   |  0.5708   |  4.104    |  0.9619   |  0.3241   |  4.792    |  29.93    |  86.11    |
|  296      |  0.9941   |  0.969    |  4.035    |  0.953    |  0.6924   |  7.042    |  29.49    |  83.73    |
|  297      |  0.9941   |  0.8001   |  4.154    |  0.9955   |  0.6789   |  7.813    |  29.32    |  81.75    |
|  298      |  0.9941   |  0.8541   |  4.563    |  0.9172   |  0.5761   |  4.838    |  30.42    |  87.82    |
|  299      |  0.9941   |  0.6502   |  5.786    |  0.8304   |  1.562    |  6.988    |  27.63    |  84.97    |
|  300      |  0.9941   |  0.7579   |  4.15     |  0.8707   |  5.529    |  1.138    |  28.5     |  42.4     |
|  301      |  0.994    |  0.5917   |  2.638    |  0.8403   |  5.628    |  0.4611   |  26.95    |  42.14    |
|  302      |  0.9937   |  0.7019   |  6.868    |  0.6119   |  2.835    |  0.4449   |  29.83    |  111.4    |
|  303      |  0.9941   |  0.9526   |  3.783    |  0.8164   |  3.02     |  6.117    |  29.62    |  83.15    |
|  304      |  0.991    |  0.9957   |  3.548    |  0.4069   |  1.645    |  6.36     |  30.36    |  84.29    |
|  305      |  0.9905   |  0.4981   |  2.315    |  0.4206   |  1.861    |  5.782    |  51.53    |  204.6    |
|  306      |  0.994    |  0.5826   |  1.938    |  0.7712   |  6.26     |  0.1424   |  29.61    |  47.28    |
|  307      |  0.9941   |  0.7025   |  5.296    |  0.9913   |  2.846    |  2.097    |  28.73    |  108.4    |
|  308      |  0.9935   |  0.7626   |  2.596    |  0.5029   |  8.296    |  7.546    |  50.51    |  33.79    |
|  309      |  0.991    |  0.99     |  3.683    |  0.4914   |  0.2481   |  4.35     |  29.14    |  87.63    |
|  310      |  0.9935   |  0.501    |  6.871    |  0.6469   |  7.016    |  3.696    |  16.23    |  163.5    |
|  311      |  0.9911   |  0.9355   |  1.525    |  0.4899   |  2.11     |  1.452    |  72.1     |  244.5    |
|  312      |  0.9941   |  0.8067   |  5.016    |  0.9278   |  3.124    |  6.422    |  29.86    |  86.77    |
|  313      |  0.994    |  0.7804   |  2.318    |  0.8204   |  5.994    |  1.957    |  27.53    |  42.16    |
|  314      |  0.9935   |  0.6581   |  4.511    |  0.6491   |  8.845    |  8.593    |  33.09    |  100.1    |
|  315      |  0.9941   |  0.4093   |  4.678    |  0.8045   |  0.7636   |  0.3894   |  28.21    |  43.39    |
|  316      |  0.9936   |  0.9879   |  3.536    |  0.5265   |  6.111    |  1.958    |  26.56    |  43.88    |
|  317      |  0.9939   |  0.5147   |  3.753    |  0.9013   |  7.279    |  1.151    |  27.94    |  45.85    |
|  318      |  0.9941   |  0.4814   |  1.784    |  0.8652   |  0.8945   |  5.453    |  25.52    |  166.3    |
|  319      |  0.9936   |  0.4425   |  3.35     |  0.6221   |  0.6308   |  4.142    |  26.85    |  165.6    |
|  320      |  0.994    |  0.5222   |  2.561    |  0.9595   |  3.406    |  1.181    |  83.24    |  92.84    |
|  321      |  0.9941   |  0.7377   |  6.18     |  0.9348   |  2.208    |  3.603    |  28.97    |  110.7    |
|  322      |  0.9936   |  0.839    |  6.378    |  0.7177   |  1.428    |  5.986    |  29.82    |  83.44    |
|  323      |  0.9941   |  0.43     |  5.475    |  0.7592   |  0.19     |  6.185    |  30.49    |  82.74    |
|  324      |  0.9913   |  0.788    |  2.303    |  0.4581   |  0.4832   |  0.09899  |  8.797    |  11.81    |
|  325      |  0.9941   |  0.5844   |  1.594    |  0.7523   |  2.643    |  0.2922   |  95.07    |  246.1    |
|  326      |  0.9937   |  0.4725   |  4.31     |  0.5286   |  0.2525   |  0.9422   |  28.39    |  42.73    |
|  327      |  0.9935   |  0.6932   |  2.682    |  0.624    |  6.07     |  9.616    |  49.42    |  33.65    |
|  328      |  0.9941   |  0.9769   |  2.822    |  0.9284   |  4.529    |  0.9849   |  28.11    |  42.28    |
|  329      |  0.9911   |  0.9772   |  3.887    |  0.48     |  4.576    |  1.33     |  28.23    |  42.35    |
|  330      |  0.9941   |  0.9977   |  6.327    |  0.9805   |  2.755    |  0.8692   |  27.09    |  109.8    |
|  331      |  0.9937   |  0.6017   |  6.363    |  0.5481   |  1.763    |  1.06     |  29.17    |  43.07    |
|  332      |  0.9936   |  0.8821   |  4.116    |  0.6068   |  2.021    |  7.511    |  28.1     |  83.65    |
|  333      |  0.9936   |  0.7016   |  3.715    |  0.633    |  1.076    |  4.465    |  81.91    |  193.2    |
|  334      |  0.9942   |  0.9677   |  3.433    |  0.8394   |  0.2914   |  5.407    |  31.42    |  86.61    |
|  335      |  0.9935   |  0.4161   |  3.332    |  0.6151   |  3.95     |  1.044    |  29.1     |  47.82    |
|  336      |  0.994    |  0.6635   |  4.238    |  0.9935   |  6.712    |  5.647    |  14.81    |  95.36    |
|  337      |  0.9936   |  0.5515   |  1.413    |  0.6943   |  1.299    |  7.769    |  50.97    |  161.0    |
|  338      |  0.9935   |  0.8012   |  1.479    |  0.509    |  8.314    |  5.744    |  69.3     |  98.16    |
|  339      |  0.9939   |  0.4052   |  1.051    |  0.7851   |  6.554    |  0.03652  |  44.01    |  69.22    |
|  340      |  0.9936   |  0.6324   |  5.456    |  0.5432   |  3.358    |  5.546    |  77.22    |  149.9    |
|  341      |  0.9906   |  0.8432   |  2.412    |  0.4352   |  7.855    |  7.087    |  56.92    |  226.9    |
|  342      |  0.991    |  0.8598   |  5.773    |  0.4759   |  3.588    |  5.855    |  30.83    |  86.75    |
|  343      |  0.994    |  0.9374   |  4.605    |  0.8431   |  7.939    |  6.749    |  35.88    |  197.3    |
|  344      |  0.9936   |  0.9719   |  4.009    |  0.6739   |  6.133    |  1.709    |  78.89    |  187.1    |
|  345      |  0.994    |  0.629    |  2.719    |  0.7994   |  4.99     |  6.253    |  85.77    |  238.1    |
|  346      |  0.9936   |  0.5117   |  3.657    |  0.6131   |  4.482    |  0.01649  |  44.08    |  35.34    |
|  347      |  0.9935   |  0.5285   |  1.374    |  0.993    |  0.9676   |  8.602    |  92.3     |  8.305    |
|  348      |  0.9908   |  0.8321   |  3.576    |  0.469    |  5.049    |  5.62     |  39.56    |  195.4    |
|  349      |  0.9938   |  0.5082   |  1.805    |  0.9355   |  0.5782   |  8.729    |  25.18    |  10.18    |
|  350      |  0.9936   |  0.6124   |  4.622    |  0.5829   |  1.264    |  7.832    |  29.17    |  83.8     |
|  351      |  0.991    |  0.7511   |  2.299    |  0.4878   |  2.772    |  2.297    |  83.37    |  93.47    |
|  352      |  0.994    |  0.634    |  6.388    |  0.843    |  4.982    |  3.445    |  26.69    |  49.9     |
|  353      |  0.9938   |  0.499    |  6.215    |  0.829    |  9.018    |  0.4429   |  87.99    |  129.7    |
|  354      |  0.9933   |  0.4611   |  2.598    |  0.6011   |  8.782    |  8.704    |  64.69    |  73.88    |
|  355      |  0.9936   |  0.9197   |  6.0      |  0.7114   |  4.405    |  4.603    |  25.61    |  48.67    |
|  356      |  0.994    |  0.8572   |  2.63     |  0.7569   |  5.323    |  8.259    |  95.38    |  217.4    |
|  357      |  0.9939   |  0.5922   |  5.655    |  0.9755   |  7.679    |  6.476    |  94.03    |  74.98    |
|  358      |  0.994    |  0.7264   |  4.063    |  0.7865   |  7.527    |  4.033    |  39.04    |  132.7    |
|  359      |  0.994    |  0.4638   |  4.791    |  0.8999   |  2.137    |  7.227    |  29.75    |  83.74    |
|  360      |  0.9941   |  0.4251   |  6.821    |  0.9056   |  0.3065   |  2.381    |  74.22    |  167.7    |
|  361      |  0.9911   |  0.5118   |  5.422    |  0.4343   |  2.194    |  1.431    |  29.63    |  112.4    |
|  362      |  0.9941   |  0.8856   |  4.529    |  0.8763   |  2.21     |  2.794    |  48.08    |  163.1    |
|  363      |  0.994    |  0.6424   |  4.656    |  0.8648   |  3.473    |  8.575    |  77.35    |  22.23    |
|  364      |  0.994    |  0.9298   |  1.427    |  0.9443   |  5.977    |  0.7039   |  75.62    |  91.93    |
|  365      |  0.994    |  0.9663   |  1.784    |  0.9359   |  2.053    |  9.603    |  99.02    |  13.86    |
|  366      |  0.9934   |  0.5213   |  3.065    |  0.5316   |  9.25     |  9.252    |  19.17    |  140.4    |
|  367      |  0.9909   |  0.8036   |  3.123    |  0.4037   |  2.063    |  9.153    |  87.16    |  202.6    |
|  368      |  0.9939   |  0.536    |  6.659    |  0.9804   |  7.074    |  3.743    |  29.43    |  178.3    |
|  369      |  0.9936   |  0.7306   |  2.957    |  0.6234   |  1.222    |  9.209    |  97.68    |  161.2    |
|  370      |  0.9941   |  0.7962   |  1.479    |  0.8579   |  0.9855   |  5.301    |  26.55    |  166.5    |
|  371      |  0.9934   |  0.5094   |  1.784    |  0.6654   |  8.006    |  6.742    |  12.82    |  203.9    |
|  372      |  0.9936   |  0.5831   |  3.094    |  0.647    |  3.251    |  0.9701   |  33.48    |  43.28    |
|  373      |  0.9908   |  0.4898   |  4.307    |  0.4317   |  0.6205   |  4.803    |  24.98    |  166.4    |
|  374      |  0.9935   |  0.6294   |  5.448    |  0.529    |  6.636    |  5.108    |  14.39    |  95.04    |
|  375      |  0.9902   |  0.8029   |  6.547    |  0.4306   |  6.058    |  8.195    |  81.3     |  61.49    |
|  376      |  0.9936   |  0.9466   |  2.263    |  0.5843   |  7.159    |  3.96     |  32.52    |  196.0    |
|  377      |  0.9936   |  0.6062   |  1.108    |  0.7223   |  3.394    |  3.057    |  85.02    |  207.2    |
|  378      |  0.994    |  0.7867   |  3.067    |  0.8227   |  6.046    |  4.761    |  59.27    |  123.9    |
|  379      |  0.9935   |  0.9148   |  3.199    |  0.6868   |  8.348    |  2.448    |  55.94    |  19.34    |
|  380      |  0.9939   |  0.5595   |  5.444    |  0.8858   |  6.234    |  8.118    |  72.67    |  216.5    |
|  381      |  0.9908   |  0.772    |  1.533    |  0.4959   |  4.66     |  5.991    |  66.93    |  34.5     |
|  382      |  0.9936   |  0.7806   |  2.197    |  0.5733   |  7.654    |  0.1962   |  20.26    |  87.2     |
|  383      |  0.9941   |  0.9598   |  4.993    |  0.8185   |  2.932    |  6.433    |  29.17    |  87.65    |
|  384      |  0.9941   |  0.8708   |  1.778    |  0.7569   |  3.168    |  9.527    |  43.65    |  236.2    |
|  385      |  0.9935   |  0.6892   |  3.146    |  0.5731   |  7.642    |  9.183    |  25.73    |  71.03    |
|  386      |  0.9935   |  0.5295   |  5.198    |  0.5258   |  6.016    |  6.67     |  21.01    |  36.19    |
|  387      |  0.9938   |  0.4269   |  4.879    |  0.8078   |  6.878    |  4.076    |  88.25    |  167.7    |
|  388      |  0.9935   |  0.4308   |  6.066    |  0.6274   |  2.606    |  8.91     |  32.08    |  46.01    |
|  389      |  0.9941   |  0.8854   |  5.866    |  0.8584   |  4.046    |  8.196    |  53.12    |  66.55    |
|  390      |  0.9941   |  0.934    |  5.619    |  0.9214   |  2.04     |  2.573    |  29.21    |  109.1    |
|  391      |  0.991    |  0.5939   |  6.363    |  0.4828   |  2.095    |  3.91     |  81.8     |  221.0    |
|  392      |  0.9939   |  0.6863   |  4.742    |  0.875    |  6.015    |  9.023    |  25.02    |  245.1    |
|  393      |  0.9939   |  0.4374   |  4.515    |  0.9052   |  3.467    |  4.221    |  13.27    |  11.06    |
