|  394      |  0.9938   |  0.4043   |  5.448    |  0.9861   |  7.086    |  4.752    |  75.04    |  202.3    |
|  395      |  0.9903   |  0.4786   |  6.098    |  0.4677   |  4.749    |  4.819    |  98.51    |  222.6    |
|  396      |  0.994    |  0.8844   |  6.851    |  0.8494   |  2.96     |  6.253    |  91.36    |  66.27    |
|  397      |  0.9936   |  0.7508   |  3.755    |  0.5122   |  0.03301  |  9.789    |  84.66    |  55.39    |
|  398      |  0.9941   |  0.7997   |  3.764    |  0.8936   |  2.703    |  0.6434   |  34.33    |  44.5     |
|  399      |  0.9937   |  0.6384   |  6.565    |  0.587    |  0.5378   |  1.021    |  28.17    |  43.26    |
|  400      |  0.9941   |  0.8927   |  6.392    |  0.8445   |  1.604    |  8.27     |  27.72    |  84.87    |
|  401      |  0.9936   |  0.9621   |  1.622    |  0.6342   |  4.877    |  5.336    |  53.09    |  32.7     |
|  402      |  0.9906   |  0.734    |  2.606    |  0.4749   |  7.274    |  3.334    |  24.9     |  35.97    |
|  403      |  0.994    |  0.5072   |  3.004    |  0.8793   |  0.5495   |  9.05     |  62.5     |  177.5    |
|  404      |  0.994    |  0.7598   |  6.702    |  0.9465   |  5.672    |  2.528    |  89.4     |  194.4    |
|  405      |  0.9941   |  0.9642   |  3.023    |  0.9675   |  5.835    |  4.401    |  18.72    |  19.05    |
|  406      |  0.9935   |  0.9253   |  1.397    |  0.6429   |  7.769    |  8.298    |  83.79    |  252.6    |
|  407      |  0.9939   |  0.579    |  2.271    |  0.7626   |  7.143    |  7.257    |  38.64    |  119.1    |
|  408      |  0.994    |  0.9996   |  4.246    |  0.9662   |  6.522    |  1.843    |  91.46    |  54.25    |
|  409      |  0.9941   |  0.4456   |  4.666    |  0.8111   |  0.2689   |  1.316    |  29.69    |  111.2    |
|  410      |  0.9936   |  0.7547   |  3.541    |  0.6261   |  5.897    |  1.425    |  15.72    |  194.8    |
|  411      |  0.9901   |  0.6989   |  4.791    |  0.4017   |  8.018    |  5.336    |  23.95    |  62.69    |
|  412      |  0.9901   |  0.5386   |  4.667    |  0.4803   |  8.308    |  1.163    |  22.31    |  135.3    |
|  413      |  0.9936   |  0.6195   |  5.515    |  0.7179   |  4.372    |  3.522    |  27.57    |  48.65    |
|  414      |  0.9941   |  0.4774   |  3.439    |  0.9964   |  0.1569   |  7.502    |  28.25    |  82.98    |
|  415      |  0.9941   |  0.6911   |  5.341    |  0.9703   |  2.896    |  7.27     |  26.71    |  85.47    |
|  416      |  0.9903   |  0.9182   |  5.545    |  0.4159   |  9.872    |  8.683    |  22.07    |  228.0    |
|  417      |  0.9935   |  0.5414   |  2.421    |  0.7412   |  6.211    |  2.01     |  92.29    |  145.2    |
|  418      |  0.991    |  0.5251   |  4.66     |  0.4275   |  3.418    |  1.404    |  18.63    |  203.6    |
|  419      |  0.9941   |  0.5255   |  4.07     |  0.7765   |  0.9428   |  4.499    |  32.42    |  87.14    |
|  420      |  0.9941   |  0.7199   |  1.12     |  0.9936   |  0.749    |  6.629    |  26.58    |  165.5    |
|  421      |  0.9936   |  0.5473   |  3.861    |  0.5605   |  1.415    |  6.36     |  31.42    |  86.63    |
|  422      |  0.9935   |  0.5514   |  1.692    |  0.556    |  6.699    |  5.872    |  9.381    |  108.9    |
|  423      |  0.9941   |  0.989    |  6.771    |  0.9727   |  1.823    |  6.847    |  31.05    |  85.52    |
|  424      |  0.9941   |  0.7378   |  5.998    |  0.7542   |  1.265    |  6.815    |  31.1     |  83.35    |
|  425      |  0.9941   |  0.9614   |  3.91     |  0.9245   |  6.809    |  1.784    |  27.64    |  42.93    |
|  426      |  0.9942   |  0.9853   |  4.486    |  0.9675   |  0.3368   |  0.5105   |  82.14    |  93.86    |
|  427      |  0.991    |  0.8368   |  3.093    |  0.4947   |  1.125    |  0.04527  |  29.08    |  44.56    |
|  428      |  0.9936   |  0.5089   |  5.064    |  0.6477   |  1.695    |  4.836    |  30.43    |  84.49    |
|  429      |  0.9935   |  0.4122   |  5.243    |  0.6803   |  1.763    |  6.397    |  30.19    |  86.66    |
|  430      |  0.9941   |  0.864    |  4.922    |  0.7852   |  2.882    |  1.884    |  28.19    |  109.7    |
|  431      |  0.9936   |  0.4881   |  1.114    |  0.6511   |  2.011    |  4.602    |  26.99    |  165.4    |
|  432      |  0.9936   |  0.7261   |  1.822    |  0.6323   |  4.464    |  0.1225   |  27.91    |  41.67    |
|  433      |  0.9933   |  0.8797   |  4.208    |  0.5692   |  2.895    |  3.943    |  11.45    |  12.3     |
|  434      |  0.9936   |  0.8934   |  4.292    |  0.6243   |  1.968    |  4.966    |  30.25    |  85.24    |
|  435      |  0.9941   |  0.8072   |  4.158    |  0.8031   |  2.938    |  6.313    |  29.75    |  85.52    |
|  436      |  0.994    |  0.4408   |  5.373    |  0.7632   |  3.044    |  6.195    |  28.57    |  87.0     |
|  437      |  0.9937   |  0.4328   |  3.829    |  0.5635   |  0.9951   |  0.2608   |  29.05    |  110.9    |
|  438      |  0.9937   |  0.6543   |  1.616    |  0.5173   |  0.6271   |  5.32     |  25.72    |  164.9    |
|  439      |  0.9936   |  0.4535   |  2.229    |  0.616    |  0.3865   |  4.565    |  25.65    |  167.6    |
|  440      |  0.9942   |  0.7814   |  6.791    |  0.8435   |  1.527    |  0.6458   |  28.34    |  111.6    |
|  441      |  0.9937   |  0.8995   |  2.517    |  0.6095   |  0.5782   |  6.537    |  25.22    |  166.1    |
|  442      |  0.9941   |  0.5904   |  4.212    |  0.8601   |  0.4204   |  5.64     |  29.85    |  82.48    |
|  443      |  0.9936   |  0.4963   |  4.004    |  0.7404   |  2.267    |  0.5612   |  81.21    |  93.45    |
|  444      |  0.9941   |  0.476    |  4.381    |  0.8204   |  0.03714  |  7.86     |  29.46    |  83.22    |
|  445      |  0.994    |  0.6961   |  2.035    |  0.7763   |  6.974    |  0.3362   |  27.25    |  43.67    |
|  446      |  0.991    |  0.7784   |  3.353    |  0.4661   |  0.2961   |  3.769    |  25.33    |  164.6    |
|  447      |  0.9937   |  0.5881   |  5.397    |  0.5864   |  1.423    |  1.181    |  30.39    |  44.1     |
|  448      |  0.9936   |  0.7752   |  6.17     |  0.6452   |  0.7568   |  6.403    |  60.72    |  172.9    |
|  449      |  0.9937   |  0.7781   |  3.653    |  0.5088   |  1.159    |  5.314    |  31.1     |  85.48    |
|  450      |  0.9935   |  0.5383   |  6.058    |  0.7455   |  6.069    |  3.046    |  89.11    |  195.2    |
|  451      |  0.9941   |  0.9153   |  3.222    |  0.9891   |  3.912    |  1.7      |  32.78    |  44.08    |
|  452      |  0.9902   |  0.6758   |  3.587    |  0.4701   |  5.956    |  6.961    |  50.06    |  33.45    |
|  453      |  0.994    |  0.4      |  5.859    |  1.0      |  2.505    |  2.01     |  28.57    |  110.7    |
|  454      |  0.9936   |  0.837    |  4.777    |  0.7185   |  7.808    |  0.7265   |  28.96    |  45.2     |
|  455      |  0.9941   |  0.5665   |  2.605    |  0.9608   |  0.4776   |  5.536    |  32.52    |  87.7     |
|  456      |  0.991    |  0.7378   |  4.26     |  0.4976   |  5.975    |  0.2849   |  29.38    |  42.2     |
|  457      |  0.9941   |  0.6009   |  3.208    |  0.8842   |  0.4307   |  4.191    |  33.15    |  87.76    |
|  458      |  0.9936   |  0.4119   |  3.156    |  0.671    |  1.282    |  1.334    |  29.87    |  110.1    |
|  459      |  0.9941   |  0.4551   |  4.658    |  0.8675   |  0.5767   |  0.3149   |  83.04    |  93.58    |
|  460      |  0.9941   |  0.8535   |  2.004    |  0.9559   |  2.324    |  1.514    |  95.84    |  246.2    |
|  461      |  0.994    |  0.4325   |  2.231    |  0.7924   |  1.825    |  5.364    |  26.26    |  166.1    |
|  462      |  0.994    |  0.4345   |  4.987    |  0.8006   |  2.324    |  1.979    |  28.93    |  43.13    |
|  463      |  0.9936   |  0.4731   |  1.905    |  0.6245   |  1.394    |  0.9229   |  95.66    |  246.7    |
|  464      |  0.991    |  0.8351   |  3.878    |  0.4644   |  1.44     |  4.074    |  32.55    |  88.13    |
|  465      |  0.9941   |  0.7333   |  5.474    |  0.9343   |  2.423    |  2.789    |  28.48    |  110.9    |
|  466      |  0.9936   |  0.7952   |  3.482    |  0.6377   |  7.061    |  2.219    |  28.77    |  42.29    |
|  467      |  0.9941   |  0.9071   |  2.393    |  0.9035   |  5.736    |  5.299    |  7.167    |  107.5    |
|  468      |  0.9936   |  0.6979   |  3.407    |  0.6746   |  4.777    |  0.5339   |  30.41    |  44.7     |
|  469      |  0.9937   |  0.9524   |  3.503    |  0.53     |  0.6775   |  7.362    |  28.31    |  82.99    |
|  470      |  0.9937   |  0.9202   |  5.092    |  0.5909   |  0.1007   |  4.382    |  31.76    |  86.59    |
|  471      |  0.994    |  0.7979   |  6.267    |  0.918    |  2.945    |  6.287    |  91.95    |  65.64    |
|  472      |  0.9941   |  0.9316   |  5.238    |  0.968    |  3.22     |  2.071    |  29.38    |  42.62    |
|  473      |  0.9908   |  0.4907   |  4.917    |  0.4177   |  0.4433   |  4.918    |  31.5     |  87.46    |
|  474      |  0.9935   |  0.4952   |  3.403    |  0.5532   |  3.08     |  7.098    |  28.81    |  85.81    |
|  475      |  0.994    |  0.6208   |  1.712    |  0.8195   |  5.258    |  0.6853   |  45.0     |  58.42    |
|  476      |  0.9941   |  0.9992   |  6.036    |  0.8982   |  4.303    |  2.538    |  6.64     |  104.7    |
|  477      |  0.9941   |  0.505    |  1.083    |  0.8412   |  2.39     |  2.165    |  12.91    |  114.8    |
|  478      |  0.994    |  0.7261   |  2.062    |  0.9449   |  6.768    |  1.082    |  28.92    |  44.52    |
|  479      |  0.9936   |  0.8283   |  2.449    |  0.7169   |  3.594    |  7.552    |  47.03    |  219.0    |
|  480      |  0.9911   |  0.8648   |  5.9      |  0.433    |  0.7981   |  0.5345   |  65.99    |  24.19    |
|  481      |  0.9938   |  0.4421   |  2.71     |  0.9363   |  6.929    |  7.875    |  39.24    |  119.6    |
|  482      |  0.994    |  0.7175   |  5.54     |  0.8229   |  6.285    |  7.438    |  14.49    |  18.74    |
|  483      |  0.994    |  0.884    |  6.006    |  0.9717   |  7.581    |  1.405    |  91.9     |  190.7    |
|  484      |  0.9935   |  0.6197   |  5.55     |  0.6086   |  5.11     |  8.381    |  25.65    |  245.3    |
|  485      |  0.9936   |  0.7969   |  3.161    |  0.5286   |  2.355    |  2.514    |  62.95    |  62.9     |
|  486      |  0.9936   |  0.5687   |  1.651    |  0.5126   |  2.366    |  2.354    |  95.3     |  246.9    |
|  487      |  0.994    |  0.4167   |  2.624    |  0.7819   |  2.321    |  2.639    |  86.63    |  116.7    |
|  488      |  0.9936   |  0.8947   |  2.056    |  0.6232   |  7.095    |  2.709    |  9.648    |  58.44    |
|  489      |  0.9934   |  0.517    |  6.539    |  0.6636   |  6.903    |  9.159    |  68.54    |  152.5    |
|  490      |  0.9941   |  0.8513   |  4.776    |  0.9998   |  4.122    |  0.6011   |  19.32    |  237.3    |
|  491      |  0.994    |  0.7957   |  1.228    |  0.9834   |  6.326    |  3.512    |  82.24    |  74.47    |
|  492      |  0.994    |  0.7873   |  2.191    |  0.9047   |  2.371    |  6.393    |  86.6     |  229.2    |
|  493      |  0.994    |  0.7264   |  3.298    |  0.9379   |  6.113    |  8.265    |  59.69    |  27.76    |
|  494      |  0.9936   |  0.7723   |  1.949    |  0.7367   |  1.182    |  4.418    |  78.77    |  253.4    |
|  495      |  0.9941   |  0.7225   |  5.562    |  0.831    |  0.8868   |  5.65     |  31.7     |  82.48    |
|  496      |  0.9937   |  0.9541   |  6.903    |  0.7034   |  4.107    |  9.603    |  5.109    |  74.89    |
|  497      |  0.9899   |  0.6328   |  6.258    |  0.4802   |  8.075    |  8.835    |  13.65    |  100.5    |
|  498      |  0.9936   |  0.984    |  2.99     |  0.5489   |  6.418    |  1.962    |  16.17    |  182.3    |
|  499      |  0.994    |  0.4968   |  3.196    |  0.8256   |  3.128    |  1.171    |  32.4     |  41.26    |
|  500      |  0.9934   |  0.4512   |  6.431    |  0.6437   |  5.735    |  5.314    |  26.97    |  49.3     |
|  501      |  0.9902   |  0.5997   |  6.149    |  0.4906   |  9.235    |  2.849    |  94.75    |  18.23    |
|  502      |  0.9936   |  0.5409   |  4.476    |  0.5591   |  2.249    |  1.352    |  33.45    |  42.44    |
|  503      |  0.9903   |  0.4298   |  2.484    |  0.4222   |  6.063    |  0.2619   |  30.38    |  45.47    |
|  504      |  0.9936   |  0.5458   |  1.582    |  0.6298   |  2.85     |  2.469    |  27.94    |  46.85    |
|  505      |  0.9942   |  0.8842   |  4.771    |  0.9875   |  0.3594   |  4.702    |  27.34    |  165.3    |
|  506      |  0.9941   |  0.7329   |  4.827    |  0.8848   |  1.17     |  4.96     |  32.28    |  85.55    |
|  507      |  0.9939   |  0.9334   |  4.0      |  0.9482   |  2.429    |  2.627    |  11.01    |  10.54    |
|  508      |  0.9936   |  0.4057   |  2.823    |  0.5783   |  0.2024   |  5.942    |  31.14    |  86.64    |
|  509      |  0.994    |  0.6298   |  6.703    |  0.8529   |  4.772    |  0.08113  |  28.19    |  110.7    |
|  510      |  0.9941   |  0.8115   |  2.713    |  0.9707   |  2.107    |  3.906    |  26.04    |  166.3    |
|  511      |  0.9941   |  0.7346   |  2.089    |  0.7966   |  1.145    |  3.907    |  24.95    |  166.9    |
|  512      |  0.991    |  0.7146   |  2.24     |  0.4994   |  0.6252   |  3.889    |  25.5     |  166.5    |
|  513      |  0.9936   |  0.8358   |  6.672    |  0.5847   |  4.801    |  1.84     |  27.07    |  100.6    |
|  514      |  0.9938   |  0.4468   |  5.653    |  0.8855   |  8.448    |  0.3681   |  71.35    |  149.7    |
|  515      |  0.991    |  0.7466   |  6.7      |  0.4179   |  3.17     |  0.8554   |  26.95    |  109.6    |
|  516      |  0.9939   |  0.4702   |  3.293    |  0.9668   |  5.904    |  0.03867  |  78.63    |  71.19    |
|  517      |  0.9905   |  0.7636   |  3.773    |  0.4398   |  4.031    |  7.439    |  88.11    |  114.1    |
|  518      |  0.9933   |  0.8078   |  2.396    |  0.5586   |  8.023    |  1.514    |  10.55    |  14.5     |
|  519      |  0.9942   |  0.8733   |  5.149    |  0.7795   |  0.2649   |  0.02365  |  28.74    |  111.1    |
|  520      |  0.9936   |  0.6718   |  4.79     |  0.6314   |  3.175    |  1.658    |  76.14    |  71.95    |
|  521      |  0.9937   |  0.9552   |  6.123    |  0.6985   |  3.877    |  0.5277   |  70.47    |  243.4    |
|  522      |  0.9936   |  0.6016   |  3.023    |  0.5461   |  4.462    |  5.479    |  63.83    |  201.3    |
|  523      |  0.9935   |  0.8603   |  1.17     |  0.5838   |  9.573    |  8.911    |  61.05    |  205.3    |
|  524      |  0.9912   |  0.5627   |  2.275    |  0.7812   |  5.139    |  9.222    |  56.28    |  4.323    |
|  525      |  0.9897   |  0.426    |  3.989    |  0.45     |  5.442    |  7.652    |  21.61    |  230.5    |
|  526      |  0.9935   |  0.6901   |  2.922    |  0.6906   |  8.553    |  4.129    |  35.66    |  224.4    |
|  527      |  0.9941   |  0.9676   |  2.127    |  0.9363   |  2.853    |  1.576    |  67.68    |  177.8    |
|  528      |  0.994    |  0.5654   |  5.227    |  0.9659   |  2.724    |  2.374    |  54.76    |  247.1    |
|  529      |  0.994    |  0.7387   |  1.297    |  0.9833   |  6.359    |  7.279    |  38.62    |  120.4    |
|  530      |  0.994    |  0.8585   |  4.597    |  0.9527   |  8.474    |  6.849    |  21.59    |  227.0    |
|  531      |  0.9936   |  0.8012   |  4.707    |  0.7004   |  6.446    |  8.967    |  24.47    |  246.4    |
|  532      |  0.9936   |  0.9151   |  3.847    |  0.7198   |  0.5064   |  8.98     |  82.69    |  241.4    |
|  533      |  0.994    |  0.8443   |  3.124    |  0.9147   |  8.052    |  0.6354   |  71.94    |  102.8    |
|  534      |  0.9911   |  0.5245   |  6.54     |  0.4505   |  3.996    |  0.8225   |  70.0     |  44.28    |
|  535      |  0.9911   |  0.6673   |  1.291    |  0.4574   |  3.195    |  0.8556   |  23.34    |  226.5    |
|  536      |  0.9905   |  0.9181   |  2.403    |  0.4984   |  9.712    |  6.196    |  37.5     |  207.6    |
|  537      |  0.9935   |  0.642    |  3.762    |  0.548    |  7.409    |  8.104    |  42.87    |  117.7    |
|  538      |  0.9934   |  0.4957   |  1.568    |  0.5582   |  8.533    |  9.357    |  26.74    |  92.14    |
|  539      |  0.9899   |  0.7748   |  2.506    |  0.4391   |  5.92     |  9.726    |  59.13    |  10.09    |
|  540      |  0.9941   |  0.8174   |  4.397    |  0.9037   |  3.33     |  2.61     |  92.43    |  157.1    |
|  541      |  0.991    |  0.6115   |  5.734    |  0.4766   |  0.6197   |  2.501    |  27.99    |  74.89    |
|  542      |  0.9934   |  0.4375   |  1.696    |  0.6688   |  7.852    |  6.336    |  10.84    |  139.6    |
|  543      |  0.9936   |  0.6882   |  2.897    |  0.5322   |  2.211    |  7.634    |  35.04    |  30.59    |
|  544      |  0.9939   |  0.7123   |  4.013    |  0.8512   |  8.374    |  6.86     |  19.58    |  246.4    |
|  545      |  0.9935   |  0.4479   |  6.229    |  0.7277   |  3.708    |  6.305    |  49.43    |  35.67    |
|  546      |  0.9938   |  0.4001   |  5.816    |  0.7874   |  9.051    |  7.394    |  29.18    |  194.6    |
|  547      |  0.994    |  0.7269   |  6.613    |  0.9624   |  6.468    |  9.355    |  38.48    |  63.59    |
|  548      |  0.9936   |  0.9629   |  1.527    |  0.559    |  1.36     |  7.421    |  67.6     |  117.2    |
|  549      |  0.994    |  0.5577   |  4.679    |  0.837    |  2.328    |  4.172    |  63.17    |  33.9     |
|  550      |  0.9935   |  0.6435   |  5.458    |  0.6323   |  4.323    |  6.934    |  41.86    |  235.3    |
=============================================================================================================

BEST HYPERPARAMETERS:
|  519      |  0.9942   |  0.8733   |  5.149    |  0.7795   |  0.2649   |  0.02365  |  28.74    |  111.1    |