|  394      |  0.9995   |  0.4702   |  6.55     |  0.9785   |  0.6373   |  1.063    |  54.04    |  211.2    |
|  395      |  0.9995   |  0.4748   |  4.726    |  0.8944   |  0.009045 |  2.833    |  45.33    |  91.58    |
|  396      |  0.9995   |  0.5013   |  3.027    |  0.8096   |  0.4416   |  0.2264   |  82.97    |  94.9     |
|  397      |  0.9994   |  0.5431   |  2.264    |  0.5208   |  1.175    |  4.146    |  9.184    |  156.6    |
|  398      |  0.9994   |  0.8401   |  4.844    |  0.4542   |  0.7037   |  2.331    |  42.27    |  91.88    |
|  399      |  0.9995   |  0.9624   |  3.859    |  0.9233   |  1.309    |  6.508    |  77.99    |  196.0    |
|  400      |  0.9994   |  0.9791   |  2.952    |  0.5546   |  2.282    |  1.811    |  46.44    |  95.06    |
|  401      |  0.9995   |  0.6498   |  5.451    |  0.8931   |  1.776    |  3.163    |  46.88    |  91.55    |
|  402      |  0.9994   |  0.7456   |  6.073    |  0.4799   |  0.569    |  1.319    |  83.01    |  88.34    |
|  403      |  0.9995   |  0.7329   |  5.195    |  0.8651   |  1.273    |  3.871    |  44.7     |  93.61    |
|  404      |  0.9995   |  0.9398   |  5.816    |  0.616    |  1.36     |  3.493    |  42.39    |  90.65    |
|  405      |  0.9994   |  0.7113   |  4.078    |  0.4609   |  0.855    |  2.121    |  99.63    |  56.14    |
|  406      |  0.9994   |  0.798    |  3.801    |  0.5542   |  0.2573   |  6.684    |  78.79    |  196.9    |
|  407      |  0.9995   |  0.9275   |  1.628    |  0.9221   |  1.248    |  6.423    |  9.565    |  121.3    |
|  408      |  0.9995   |  0.6518   |  5.226    |  0.6981   |  1.222    |  2.992    |  43.3     |  90.59    |
|  409      |  0.9995   |  0.8237   |  2.288    |  0.6561   |  1.722    |  1.245    |  62.36    |  28.16    |
|  410      |  0.9995   |  0.8157   |  1.323    |  0.8509   |  2.752    |  5.252    |  9.81     |  121.6    |
|  411      |  0.9994   |  0.4472   |  2.906    |  0.8808   |  2.082    |  4.572    |  8.791    |  120.9    |
|  412      |  0.9994   |  0.916    |  5.55     |  0.5447   |  2.0      |  4.013    |  83.96    |  90.46    |
|  413      |  0.9995   |  0.6871   |  2.345    |  0.7521   |  1.014    |  5.456    |  7.318    |  119.9    |
|  414      |  0.9995   |  0.5936   |  4.564    |  0.8503   |  0.2316   |  2.534    |  95.72    |  56.13    |
|  415      |  0.9995   |  0.9889   |  1.543    |  0.9581   |  0.4905   |  7.754    |  77.63    |  194.7    |
|  416      |  0.9994   |  0.4524   |  2.162    |  0.8923   |  1.865    |  7.339    |  78.52    |  197.3    |
|  417      |  0.9994   |  0.5455   |  6.016    |  0.4686   |  0.005591 |  0.2561   |  53.54    |  210.4    |
|  418      |  0.9994   |  0.4675   |  3.456    |  0.475    |  1.56     |  1.465    |  44.85    |  94.81    |
|  419      |  0.9995   |  0.5126   |  4.098    |  0.8745   |  0.5623   |  4.413    |  41.87    |  93.35    |
|  420      |  0.9995   |  0.7713   |  3.034    |  0.6848   |  1.187    |  2.279    |  61.92    |  26.31    |
|  421      |  0.9994   |  0.7247   |  5.154    |  0.511    |  0.7044   |  4.306    |  45.78    |  91.24    |
|  422      |  0.9993   |  0.5295   |  1.908    |  0.5173   |  1.184    |  6.193    |  78.1     |  196.4    |
|  423      |  0.9995   |  0.5183   |  3.064    |  0.7419   |  0.7023   |  3.448    |  40.31    |  95.85    |
|  424      |  0.9995   |  0.7591   |  2.833    |  0.5493   |  1.56     |  0.03526  |  45.3     |  93.8     |
|  425      |  0.9995   |  0.6111   |  4.588    |  0.6944   |  0.9909   |  4.329    |  43.01    |  89.4     |
|  426      |  0.9996   |  0.9853   |  4.486    |  0.9675   |  0.3368   |  0.5105   |  82.14    |  93.86    |
|  427      |  0.9995   |  0.844    |  4.227    |  0.9056   |  1.142    |  1.159    |  96.16    |  55.76    |
|  428      |  0.9995   |  0.9864   |  6.142    |  0.9118   |  1.106    |  1.206    |  85.17    |  89.35    |
|  429      |  0.9995   |  0.7546   |  1.166    |  0.8627   |  1.012    |  1.349    |  60.73    |  27.9     |
|  430      |  0.9994   |  0.7401   |  3.511    |  0.5157   |  0.6918   |  4.819    |  42.91    |  89.74    |
|  431      |  0.9994   |  0.7078   |  4.417    |  0.52     |  0.04557  |  0.7345   |  83.23    |  95.16    |
|  432      |  0.9995   |  0.5228   |  1.876    |  0.9285   |  0.7575   |  5.723    |  9.985    |  118.6    |
|  433      |  0.9994   |  0.4653   |  3.416    |  0.5593   |  0.9932   |  1.617    |  99.61    |  55.13    |
|  434      |  0.9995   |  0.6781   |  3.422    |  0.9282   |  1.162    |  4.943    |  42.15    |  93.51    |
|  435      |  0.9995   |  0.9661   |  4.704    |  0.6298   |  0.3841   |  0.9356   |  81.94    |  93.62    |
|  436      |  0.9996   |  0.9881   |  6.224    |  0.9525   |  0.1588   |  0.9286   |  97.58    |  55.22    |
|  437      |  0.9995   |  0.7443   |  6.108    |  0.8098   |  0.9788   |  1.74     |  55.1     |  211.2    |
|  438      |  0.9995   |  0.4459   |  5.501    |  0.724    |  0.1111   |  1.091    |  53.98    |  212.9    |
|  439      |  0.9995   |  0.9984   |  3.045    |  0.7405   |  0.9655   |  1.137    |  44.13    |  92.94    |
|  440      |  0.9995   |  0.7592   |  3.016    |  0.7502   |  0.9503   |  1.262    |  82.74    |  94.92    |
|  441      |  0.9995   |  0.6356   |  6.032    |  0.8166   |  0.5417   |  4.073    |  42.98    |  90.62    |
|  442      |  0.9994   |  0.6556   |  3.283    |  0.8092   |  5.36     |  4.679    |  85.65    |  46.13    |
|  443      |  0.9995   |  0.793    |  1.636    |  0.9521   |  0.4139   |  7.385    |  76.79    |  194.4    |
|  444      |  0.9995   |  0.8451   |  2.603    |  0.8521   |  0.496    |  2.98     |  10.36    |  155.8    |
|  445      |  0.9994   |  0.7508   |  3.214    |  0.4487   |  0.8672   |  4.352    |  94.41    |  170.2    |
|  446      |  0.9995   |  0.5247   |  2.848    |  0.7004   |  0.3427   |  0.8691   |  81.37    |  95.8     |
|  447      |  0.9995   |  0.4025   |  5.819    |  0.7751   |  0.2728   |  0.6656   |  85.04    |  90.59    |
|  448      |  0.9995   |  0.8261   |  5.868    |  0.7527   |  2.254    |  3.282    |  52.69    |  212.6    |
|  449      |  0.9994   |  0.6954   |  5.36     |  0.4908   |  0.2395   |  0.65     |  96.0     |  53.9     |
|  450      |  0.9995   |  0.7024   |  6.318    |  0.8704   |  0.8961   |  1.357    |  97.18    |  55.63    |
|  451      |  0.9994   |  0.8125   |  1.608    |  0.5303   |  0.3839   |  7.906    |  13.42    |  205.1    |
|  452      |  0.9994   |  0.5437   |  4.881    |  0.7549   |  2.398    |  3.018    |  42.89    |  91.0     |
|  453      |  0.9995   |  0.67     |  3.117    |  0.8526   |  0.4008   |  2.391    |  59.66    |  26.72    |
|  454      |  0.9995   |  0.8918   |  2.392    |  0.7925   |  1.399    |  4.957    |  9.457    |  121.0    |
|  455      |  0.9995   |  0.8834   |  2.248    |  0.9759   |  0.5709   |  1.247    |  44.6     |  92.19    |
|  456      |  0.9994   |  0.5066   |  5.822    |  0.5142   |  0.8482   |  0.1961   |  83.96    |  88.32    |
|  457      |  0.9995   |  0.9684   |  2.707    |  0.6405   |  0.2896   |  2.825    |  9.938    |  154.6    |
|  458      |  0.9994   |  0.9109   |  6.175    |  0.6096   |  2.028    |  1.277    |  85.09    |  91.15    |
|  459      |  0.9995   |  0.7394   |  3.756    |  0.8339   |  0.2435   |  0.8699   |  81.51    |  94.45    |
|  460      |  0.9995   |  0.6115   |  4.282    |  0.6981   |  1.946    |  3.716    |  47.24    |  90.88    |
|  461      |  0.9995   |  0.4936   |  1.534    |  0.7993   |  2.111    |  1.488    |  9.361    |  155.8    |
|  462      |  0.9995   |  0.8163   |  3.605    |  0.7276   |  0.8248   |  1.482    |  44.58    |  90.49    |
|  463      |  0.9995   |  0.5848   |  4.717    |  0.6993   |  0.3499   |  5.175    |  41.31    |  93.98    |
|  464      |  0.9994   |  0.8048   |  2.574    |  0.5897   |  0.8468   |  2.023    |  61.07    |  27.08    |
|  465      |  0.9995   |  0.8116   |  4.127    |  0.6435   |  0.6105   |  2.115    |  81.34    |  93.28    |
|  466      |  0.9995   |  0.7474   |  2.686    |  0.9421   |  0.823    |  0.6614   |  61.79    |  24.77    |
|  467      |  0.9995   |  0.8553   |  1.808    |  0.739    |  0.7722   |  4.959    |  8.836    |  119.3    |
|  468      |  0.9995   |  0.9248   |  2.963    |  0.8433   |  0.2895   |  2.769    |  10.74    |  156.9    |
|  469      |  0.9995   |  0.4077   |  4.099    |  0.9765   |  0.8123   |  3.05     |  40.48    |  95.79    |
|  470      |  0.9995   |  0.755    |  1.239    |  0.6971   |  0.6325   |  1.362    |  61.38    |  27.09    |
|  471      |  0.9995   |  0.9024   |  2.851    |  0.84     |  2.325    |  7.056    |  77.45    |  195.1    |
|  472      |  0.9995   |  0.6642   |  2.08     |  0.7161   |  1.535    |  2.181    |  10.78    |  155.1    |
|  473      |  0.9995   |  0.6452   |  2.219    |  0.816    |  0.2791   |  4.06     |  41.66    |  94.75    |
|  474      |  0.9994   |  0.5581   |  1.746    |  0.5021   |  0.5514   |  2.833    |  40.69    |  95.56    |
|  475      |  0.9995   |  0.9423   |  4.155    |  0.8263   |  0.3911   |  4.843    |  41.87    |  94.76    |
|  476      |  0.9995   |  0.4328   |  5.856    |  0.8627   |  1.335    |  0.6279   |  86.61    |  90.8     |
|  477      |  0.9995   |  0.911    |  4.622    |  0.9061   |  0.4103   |  0.5403   |  85.89    |  88.65    |
|  478      |  0.9995   |  0.6882   |  3.952    |  0.6366   |  0.3428   |  1.016    |  82.39    |  144.0    |
|  479      |  0.9995   |  0.7688   |  2.156    |  0.7056   |  0.502    |  2.298    |  9.58     |  12.77    |
|  480      |  0.9993   |  0.4397   |  2.764    |  0.4868   |  1.4      |  7.639    |  9.543    |  120.5    |
|  481      |  0.9995   |  0.942    |  2.918    |  0.7659   |  2.31     |  2.805    |  44.2     |  93.33    |
|  482      |  0.9994   |  0.8565   |  6.701    |  0.4482   |  0.009101 |  2.552    |  84.94    |  88.37    |
|  483      |  0.9994   |  0.5648   |  4.233    |  0.441    |  0.009422 |  2.217    |  10.02    |  12.97    |
|  484      |  0.9995   |  0.4213   |  3.963    |  0.9165   |  0.4682   |  0.605    |  85.57    |  89.76    |
|  485      |  0.9995   |  0.6453   |  2.477    |  0.9542   |  0.9567   |  1.426    |  43.83    |  90.57    |
|  486      |  0.9994   |  0.6942   |  6.248    |  0.5844   |  1.384    |  0.5086   |  94.99    |  55.06    |
|  487      |  0.9995   |  0.6213   |  3.385    |  0.9966   |  0.4805   |  3.33     |  10.49    |  156.6    |
|  488      |  0.9994   |  0.642    |  6.834    |  0.5019   |  1.279    |  2.365    |  95.78    |  54.46    |
|  489      |  0.9995   |  0.695    |  4.681    |  0.7873   |  0.8844   |  0.05931  |  96.0     |  55.72    |
|  490      |  0.9994   |  0.7173   |  2.718    |  0.412    |  1.072    |  0.6309   |  82.04    |  144.2    |
|  491      |  0.9995   |  0.936    |  1.868    |  0.9226   |  0.1667   |  1.352    |  45.5     |  93.37    |
|  492      |  0.9994   |  0.761    |  4.147    |  0.5915   |  0.7615   |  2.56     |  44.71    |  92.12    |
|  493      |  0.9994   |  0.5225   |  6.907    |  0.4377   |  1.159    |  0.6488   |  53.14    |  212.0    |
|  494      |  0.9994   |  0.6028   |  2.881    |  0.6062   |  0.354    |  1.711    |  81.95    |  145.9    |
|  495      |  0.9995   |  0.9135   |  2.743    |  0.973    |  1.009    |  0.8444   |  81.23    |  95.71    |
|  496      |  0.9995   |  0.9801   |  2.3      |  0.6683   |  0.6816   |  6.243    |  9.221    |  122.1    |
|  497      |  0.9994   |  0.4652   |  4.291    |  0.9404   |  1.702    |  7.584    |  77.95    |  194.3    |
|  498      |  0.9995   |  0.5298   |  6.409    |  0.8097   |  1.103    |  3.371    |  52.33    |  212.8    |
|  499      |  0.9995   |  0.7154   |  1.518    |  0.7176   |  1.09     |  5.147    |  8.688    |  121.4    |
|  500      |  0.9994   |  0.5263   |  4.182    |  0.674    |  2.171    |  0.7481   |  93.13    |  56.7     |
|  501      |  0.9994   |  0.827    |  3.415    |  0.522    |  0.2129   |  1.759    |  82.11    |  95.41    |
|  502      |  0.9995   |  0.9414   |  4.81     |  0.9852   |  2.184    |  2.775    |  95.7     |  56.39    |
|  503      |  0.9995   |  0.5352   |  4.577    |  0.9764   |  0.8575   |  5.049    |  42.91    |  95.29    |
|  504      |  0.9995   |  0.8152   |  4.416    |  0.7698   |  0.1082   |  0.9129   |  43.75    |  89.85    |
|  505      |  0.9995   |  0.8679   |  2.587    |  0.8455   |  0.6796   |  2.361    |  42.54    |  88.92    |
|  506      |  0.9994   |  0.4355   |  2.66     |  0.6666   |  1.474    |  1.445    |  63.14    |  23.93    |
|  507      |  0.9994   |  0.6717   |  3.082    |  0.565    |  1.055    |  1.706    |  58.8     |  27.85    |
|  508      |  0.9995   |  0.8474   |  3.144    |  0.829    |  0.01802  |  2.456    |  11.98    |  156.9    |
|  509      |  0.9994   |  0.5077   |  4.456    |  0.6802   |  1.52     |  0.4744   |  81.03    |  95.23    |
|  510      |  0.9994   |  0.6962   |  1.92     |  0.454    |  0.349    |  2.179    |  59.02    |  26.98    |
|  511      |  0.9995   |  0.4658   |  3.391    |  0.6433   |  0.09828  |  0.001851 |  44.72    |  92.25    |
|  512      |  0.9993   |  0.4442   |  3.13     |  0.4129   |  1.587    |  1.542    |  43.17    |  88.28    |
|  513      |  0.9995   |  0.5732   |  5.02     |  0.8336   |  0.3697   |  2.603    |  94.65    |  54.68    |
|  514      |  0.9994   |  0.8636   |  3.113    |  0.4746   |  2.301    |  3.406    |  41.91    |  93.74    |
|  515      |  0.9995   |  0.8937   |  5.384    |  0.6377   |  0.1795   |  1.037    |  84.39    |  91.1     |
|  516      |  0.9995   |  0.9854   |  4.777    |  0.9575   |  0.1282   |  2.583    |  93.98    |  56.11    |
|  517      |  0.9994   |  0.5254   |  5.693    |  0.5909   |  0.1179   |  1.802    |  93.38    |  57.07    |
|  518      |  0.9995   |  0.8162   |  1.987    |  0.7772   |  0.04102  |  3.661    |  11.07    |  156.2    |
|  519      |  0.9994   |  0.9212   |  1.984    |  0.589    |  0.2794   |  6.624    |  77.65    |  194.4    |
|  520      |  0.9994   |  0.7045   |  5.721    |  0.4759   |  0.8411   |  0.3308   |  86.14    |  89.22    |
|  521      |  0.9995   |  0.7029   |  3.913    |  0.9431   |  2.74     |  0.8168   |  93.3     |  53.8     |
|  522      |  0.9995   |  0.9464   |  4.405    |  0.8438   |  0.1558   |  1.774    |  85.19    |  87.98    |
|  523      |  0.9995   |  0.789    |  6.722    |  0.8979   |  1.896    |  3.814    |  54.27    |  210.6    |
|  524      |  0.9995   |  0.5743   |  5.608    |  0.6641   |  0.4822   |  1.412    |  96.86    |  56.35    |
|  525      |  0.9995   |  0.6295   |  4.052    |  0.8162   |  0.9115   |  0.1258   |  82.03    |  95.34    |
|  526      |  0.9994   |  0.8794   |  1.648    |  0.5965   |  0.5254   |  7.668    |  75.6     |  194.7    |
|  527      |  0.9995   |  0.5041   |  2.376    |  0.562    |  0.3808   |  0.5434   |  43.02    |  89.27    |
|  528      |  0.9994   |  0.4639   |  2.8      |  0.499    |  1.019    |  2.442    |  9.695    |  154.8    |
|  529      |  0.9995   |  0.427    |  2.499    |  0.9004   |  0.879    |  4.909    |  12.73    |  156.1    |
|  530      |  0.9995   |  0.569    |  1.704    |  0.7078   |  0.1045   |  1.133    |  81.22    |  95.6     |
|  531      |  0.9995   |  0.9945   |  3.881    |  0.6697   |  1.331    |  3.423    |  41.53    |  95.18    |
|  532      |  0.9994   |  0.6812   |  5.803    |  0.447    |  0.08101  |  1.667    |  99.47    |  53.96    |
|  533      |  0.9995   |  0.6672   |  5.159    |  0.614    |  0.1522   |  0.4951   |  81.83    |  92.82    |
|  534      |  0.9995   |  0.9088   |  1.909    |  0.8689   |  0.4863   |  3.035    |  11.14    |  157.3    |
|  535      |  0.9995   |  0.7765   |  2.104    |  0.6817   |  1.002    |  1.888    |  44.32    |  93.65    |
|  536      |  0.9994   |  0.5844   |  5.963    |  0.4036   |  1.077    |  2.543    |  45.63    |  90.77    |
|  537      |  0.9994   |  0.8193   |  5.434    |  0.4013   |  2.3      |  4.054    |  44.01    |  89.62    |
|  538      |  0.9995   |  0.6384   |  1.704    |  0.9949   |  0.02333  |  5.442    |  8.118    |  119.4    |
|  539      |  0.9995   |  0.9643   |  2.046    |  0.8644   |  1.112    |  0.2649   |  80.86    |  95.28    |
|  540      |  0.9995   |  0.7601   |  2.452    |  0.7785   |  0.522    |  1.592    |  44.63    |  91.37    |
|  541      |  0.9995   |  0.8273   |  1.44     |  0.7735   |  1.423    |  2.657    |  9.906    |  156.4    |
|  542      |  0.9994   |  0.8889   |  4.074    |  0.4727   |  1.432    |  1.424    |  82.9     |  94.13    |
|  543      |  0.9994   |  0.6999   |  4.657    |  0.432    |  0.6372   |  1.425    |  94.14    |  55.26    |
|  544      |  0.9995   |  0.7591   |  2.651    |  0.9716   |  4.039    |  1.876    |  8.075    |  156.2    |
|  545      |  0.9994   |  0.6637   |  3.603    |  0.4338   |  0.6269   |  0.1782   |  45.83    |  93.55    |
|  546      |  0.9995   |  0.7193   |  2.649    |  0.9995   |  0.84     |  2.019    |  10.83    |  157.5    |
|  547      |  0.9995   |  0.6582   |  3.779    |  0.8459   |  0.3312   |  1.752    |  87.19    |  88.08    |
|  548      |  0.9994   |  0.8622   |  2.718    |  0.4204   |  0.04579  |  3.396    |  8.75     |  121.0    |
|  549      |  0.9994   |  0.6644   |  4.179    |  0.5308   |  0.7405   |  3.528    |  48.59    |  46.46    |
|  550      |  0.9994   |  0.9936   |  2.936    |  0.4129   |  1.647    |  1.38     |  11.13    |  158.1    |
=============================================================================================================

BEST HYPERPARAMETERS:
|  426      |  0.9996   |  0.9853   |  4.486    |  0.9675   |  0.3368   |  0.5105   |  82.14    |  93.86    |