|  196      |  0.9941   |  0.9081   |  4.988    |  0.9128   |  1.436    |  0.9131   |  28.56    |  44.69    |
|  197      |  0.9891   |  0.9586   |  4.564    |  0.4066   |  2.424    |  1.542    |  27.61    |  43.89    |
|  198      |  0.993    |  0.5442   |  5.814    |  0.7436   |  9.32     |  5.98     |  46.41    |  85.98    |
|  199      |  0.9889   |  0.6011   |  3.195    |  0.4459   |  1.361    |  7.715    |  26.68    |  84.32    |
|  200      |  0.9933   |  0.423    |  3.454    |  0.6241   |  1.222    |  0.03297  |  54.73    |  28.91    |
|  201      |  0.9932   |  0.5346   |  3.735    |  0.5534   |  3.363    |  6.936    |  50.4     |  213.9    |
|  202      |  0.989    |  0.8152   |  1.951    |  0.4387   |  6.562    |  9.071    |  51.18    |  31.82    |
|  203      |  0.989    |  0.8339   |  6.209    |  0.4401   |  3.453    |  1.433    |  25.88    |  110.0    |
|  204      |  0.9934   |  0.9373   |  2.508    |  0.5063   |  2.64     |  0.1759   |  74.19    |  62.01    |
|  205      |  0.9937   |  0.4715   |  1.882    |  0.7811   |  8.863    |  6.915    |  31.64    |  60.17    |
|  206      |  0.9939   |  0.5541   |  5.935    |  0.8464   |  3.444    |  8.207    |  17.14    |  22.71    |
|  207      |  0.9932   |  0.4296   |  3.981    |  0.6935   |  1.677    |  6.429    |  45.05    |  100.8    |
|  208      |  0.994    |  0.4034   |  3.833    |  0.9749   |  1.111    |  5.458    |  25.95    |  165.3    |
|  209      |  0.9939   |  0.4579   |  3.713    |  0.8391   |  2.356    |  8.102    |  27.42    |  85.09    |
|  210      |  0.9941   |  0.5766   |  1.987    |  0.7734   |  0.06354  |  8.228    |  6.528    |  249.7    |
|  211      |  0.9939   |  0.564    |  6.991    |  0.9459   |  8.776    |  1.825    |  11.83    |  213.2    |
|  212      |  0.9937   |  0.5748   |  4.991    |  0.9521   |  8.302    |  9.924    |  71.22    |  157.3    |
|  213      |  0.9939   |  0.7473   |  5.068    |  0.9028   |  5.097    |  6.177    |  52.39    |  234.8    |
|  214      |  0.9938   |  0.5969   |  2.256    |  0.9838   |  8.463    |  8.9      |  32.05    |  22.0     |
|  215      |  0.9931   |  0.8628   |  6.2      |  0.6976   |  2.811    |  5.596    |  13.28    |  15.24    |
|  216      |  0.9934   |  0.797    |  2.027    |  0.6912   |  2.467    |  3.136    |  29.53    |  44.08    |
|  217      |  0.989    |  0.5327   |  2.652    |  0.4617   |  4.968    |  8.395    |  49.66    |  31.05    |
|  218      |  0.993    |  0.5618   |  1.088    |  0.7354   |  7.464    |  3.068    |  76.41    |  68.19    |
|  219      |  0.9932   |  0.8548   |  4.242    |  0.6487   |  6.692    |  1.169    |  35.41    |  221.2    |
|  220      |  0.989    |  0.6323   |  4.586    |  0.4919   |  4.098    |  4.783    |  56.84    |  195.0    |
|  221      |  0.993    |  0.4626   |  2.391    |  0.5676   |  8.708    |  2.147    |  69.92    |  50.59    |
|  222      |  0.9941   |  0.7292   |  5.205    |  0.968    |  0.7533   |  1.654    |  97.27    |  56.03    |
|  223      |  0.9933   |  0.9961   |  6.374    |  0.7317   |  2.676    |  5.023    |  85.91    |  101.5    |
|  224      |  0.9931   |  0.7946   |  3.166    |  0.5537   |  9.83     |  7.21     |  56.03    |  251.9    |
|  225      |  0.9931   |  0.5695   |  3.237    |  0.6509   |  6.953    |  0.6088   |  98.06    |  39.59    |
|  226      |  0.9938   |  0.5732   |  1.524    |  0.9824   |  7.289    |  9.797    |  46.2     |  33.69    |
|  227      |  0.9939   |  0.4904   |  6.339    |  0.9389   |  2.74     |  0.8655   |  75.35    |  24.03    |
|  228      |  0.9938   |  0.6412   |  4.967    |  0.8906   |  9.501    |  3.936    |  59.63    |  207.7    |
|  229      |  0.994    |  0.6821   |  1.038    |  0.7585   |  4.306    |  6.356    |  25.05    |  137.7    |
|  230      |  0.9891   |  0.6282   |  6.158    |  0.4194   |  7.917    |  0.5111   |  97.36    |  154.7    |
|  231      |  0.994    |  0.6107   |  5.677    |  0.9293   |  0.9963   |  3.0      |  82.81    |  89.92    |
|  232      |  0.9932   |  0.9232   |  3.452    |  0.7256   |  7.098    |  4.696    |  18.95    |  154.8    |
|  233      |  0.9933   |  0.9214   |  3.41     |  0.6372   |  3.885    |  5.407    |  82.76    |  173.9    |
|  234      |  0.994    |  0.9398   |  6.963    |  0.9017   |  6.066    |  5.236    |  39.3     |  67.11    |
|  235      |  0.994    |  0.927    |  3.255    |  0.9187   |  3.59     |  8.979    |  6.453    |  240.1    |
|  236      |  0.9933   |  0.9255   |  2.074    |  0.6912   |  3.926    |  5.331    |  56.05    |  117.2    |
|  237      |  0.9938   |  0.5315   |  3.953    |  0.7699   |  7.361    |  6.606    |  31.74    |  199.1    |
|  238      |  0.989    |  0.7526   |  1.146    |  0.4125   |  7.702    |  8.09     |  83.62    |  140.1    |
|  239      |  0.9931   |  0.4388   |  2.483    |  0.9942   |  0.2828   |  1.72     |  55.64    |  6.422    |
|  240      |  0.9891   |  0.909    |  5.689    |  0.4566   |  5.685    |  2.211    |  56.27    |  230.4    |
|  241      |  0.994    |  0.9307   |  5.784    |  0.8867   |  4.858    |  4.589    |  37.98    |  182.3    |
|  242      |  0.9939   |  0.6282   |  4.163    |  0.7538   |  7.74     |  1.862    |  12.35    |  236.9    |
|  243      |  0.9915   |  0.5996   |  5.98     |  0.8591   |  1.12     |  9.21     |  13.99    |  4.089    |
|  244      |  0.994    |  0.6865   |  4.324    |  0.8923   |  3.893    |  4.846    |  17.52    |  150.3    |
|  245      |  0.9931   |  0.5189   |  6.423    |  0.6184   |  6.412    |  1.134    |  82.52    |  36.83    |
|  246      |  0.9939   |  0.658    |  5.27     |  0.974    |  9.027    |  5.242    |  26.34    |  45.27    |
|  247      |  0.9937   |  0.4571   |  5.2      |  0.9466   |  8.835    |  0.8001   |  76.7     |  81.24    |
|  248      |  0.9885   |  0.8457   |  5.193    |  0.4756   |  1.357    |  3.374    |  47.08    |  8.539    |
|  249      |  0.9938   |  0.4928   |  1.267    |  0.814    |  4.31     |  5.25     |  57.13    |  87.54    |
|  250      |  0.9938   |  0.5122   |  4.912    |  0.885    |  8.529    |  6.047    |  11.26    |  43.77    |
|  251      |  0.9937   |  0.5551   |  4.933    |  0.913    |  7.435    |  7.358    |  90.61    |  118.1    |
|  252      |  0.9928   |  0.8666   |  5.618    |  0.5708   |  5.631    |  5.936    |  10.31    |  12.55    |
|  253      |  0.9937   |  0.6298   |  2.654    |  0.9435   |  8.234    |  9.005    |  78.16    |  216.6    |
|  254      |  0.9933   |  0.9184   |  2.734    |  0.701    |  3.345    |  8.232    |  35.23    |  39.43    |
|  255      |  0.9938   |  0.7766   |  3.814    |  0.9666   |  8.873    |  8.954    |  90.1     |  47.99    |
|  256      |  0.989    |  0.5449   |  1.521    |  0.4517   |  7.276    |  4.52     |  85.05    |  35.65    |
|  257      |  0.9891   |  0.9296   |  2.934    |  0.4659   |  1.545    |  0.8029   |  87.26    |  249.2    |
|  258      |  0.9938   |  0.7599   |  2.65     |  0.8418   |  9.492    |  3.926    |  72.27    |  115.8    |
|  259      |  0.9931   |  0.7324   |  3.815    |  0.7063   |  6.114    |  8.924    |  60.97    |  180.6    |
|  260      |  0.9939   |  0.4964   |  5.647    |  0.9325   |  4.11     |  4.594    |  20.67    |  86.56    |
|  261      |  0.9889   |  0.4991   |  6.744    |  0.4097   |  6.148    |  2.745    |  83.51    |  238.0    |
|  262      |  0.994    |  0.7865   |  5.681    |  0.9064   |  2.565    |  2.695    |  60.53    |  183.4    |
|  263      |  0.9931   |  0.7019   |  1.014    |  0.6534   |  9.616    |  3.818    |  36.67    |  52.39    |
|  264      |  0.9931   |  0.6709   |  5.085    |  0.6232   |  7.209    |  5.891    |  70.26    |  140.4    |
|  265      |  0.9891   |  0.8212   |  5.046    |  0.4897   |  7.483    |  6.907    |  62.82    |  90.13    |
|  266      |  0.9937   |  0.4762   |  1.078    |  0.7673   |  9.192    |  3.505    |  29.87    |  145.9    |
|  267      |  0.9934   |  0.9712   |  1.743    |  0.5645   |  0.5791   |  3.794    |  73.69    |  103.1    |
|  268      |  0.9933   |  0.6583   |  2.108    |  0.5149   |  0.9821   |  9.741    |  29.37    |  235.5    |
|  269      |  0.9941   |  0.9657   |  4.789    |  0.786    |  0.632    |  1.181    |  68.63    |  110.2    |
|  270      |  0.9939   |  0.8878   |  4.318    |  0.9712   |  7.355    |  6.175    |  36.24    |  113.6    |
|  271      |  0.989    |  0.499    |  4.508    |  0.4849   |  2.97     |  5.606    |  60.71    |  158.5    |
|  272      |  0.9941   |  0.953    |  4.972    |  0.8105   |  4.182    |  0.8289   |  12.75    |  104.1    |
|  273      |  0.994    |  0.8938   |  5.076    |  0.9352   |  3.714    |  4.974    |  21.19    |  188.1    |
|  274      |  0.9932   |  0.9886   |  5.795    |  0.5828   |  9.463    |  4.351    |  10.34    |  60.79    |
|  275      |  0.994    |  0.8349   |  1.321    |  0.8888   |  7.032    |  6.985    |  11.54    |  30.92    |
|  276      |  0.9932   |  0.7395   |  6.582    |  0.5792   |  5.926    |  0.8613   |  51.63    |  78.54    |
|  277      |  0.994    |  0.977    |  4.057    |  0.8242   |  2.122    |  6.996    |  77.52    |  211.0    |
|  278      |  0.9891   |  0.4506   |  5.283    |  0.4534   |  7.675    |  2.902    |  70.38    |  137.0    |
|  279      |  0.9935   |  0.8941   |  1.041    |  0.6548   |  1.846    |  0.5109   |  44.55    |  175.4    |
|  280      |  0.9939   |  0.4274   |  4.845    |  0.8094   |  1.562    |  4.268    |  89.68    |  58.07    |
|  281      |  0.9934   |  0.7889   |  1.057    |  0.7054   |  0.2444   |  4.31     |  35.13    |  179.8    |
|  282      |  0.9933   |  0.7451   |  4.968    |  0.5176   |  5.528    |  3.106    |  23.27    |  101.4    |
|  283      |  0.994    |  0.928    |  6.598    |  0.8142   |  7.676    |  3.576    |  37.48    |  138.1    |
|  284      |  0.9931   |  0.4934   |  1.777    |  0.7166   |  7.404    |  6.819    |  8.161    |  240.4    |
|  285      |  0.9924   |  0.8624   |  4.709    |  0.6048   |  0.8977   |  5.931    |  45.93    |  7.214    |
|  286      |  0.994    |  0.9858   |  6.34     |  0.7828   |  7.098    |  2.083    |  53.38    |  18.95    |
|  287      |  0.9934   |  0.647    |  6.556    |  0.6999   |  2.61     |  3.767    |  19.08    |  108.4    |
|  288      |  0.989    |  0.6278   |  2.427    |  0.4578   |  8.212    |  9.146    |  7.938    |  239.5    |
|  289      |  0.989    |  0.5258   |  3.116    |  0.4944   |  0.498    |  2.851    |  19.69    |  147.0    |
|  290      |  0.9891   |  0.5854   |  4.65     |  0.4747   |  5.414    |  5.117    |  46.1     |  13.16    |
|  291      |  0.9931   |  0.6384   |  4.761    |  0.5876   |  7.089    |  3.856    |  66.34    |  251.4    |
|  292      |  0.9892   |  0.7426   |  2.786    |  0.4664   |  1.528    |  0.03527  |  64.15    |  149.3    |
|  293      |  0.9939   |  0.8441   |  4.736    |  0.8991   |  8.293    |  0.7447   |  74.16    |  213.3    |
|  294      |  0.9931   |  0.5434   |  1.934    |  0.5758   |  6.92     |  1.341    |  58.01    |  67.0     |
|  295      |  0.9841   |  0.4023   |  3.752    |  0.6981   |  1.573    |  3.533    |  22.22    |  3.827    |
|  296      |  0.9891   |  0.8361   |  4.816    |  0.4697   |  0.9457   |  4.511    |  91.29    |  49.67    |
|  297      |  0.9939   |  0.6802   |  5.462    |  0.8202   |  9.174    |  3.144    |  22.26    |  193.6    |
|  298      |  0.9933   |  0.513    |  2.56     |  0.7392   |  3.378    |  0.4514   |  46.24    |  44.0     |
|  299      |  0.9914   |  0.7855   |  3.567    |  0.8798   |  9.119    |  5.93     |  82.33    |  4.881    |
|  300      |  0.9939   |  0.6931   |  5.926    |  0.92     |  7.72     |  9.834    |  27.75    |  106.1    |
|  301      |  0.989    |  0.895    |  4.991    |  0.4647   |  1.814    |  3.401    |  46.7     |  202.0    |
|  302      |  0.9931   |  0.7674   |  1.965    |  0.7457   |  9.189    |  6.43     |  35.14    |  50.19    |
|  303      |  0.9939   |  0.6612   |  5.59     |  0.8269   |  3.7      |  4.024    |  91.77    |  24.63    |
|  304      |  0.9932   |  0.7159   |  2.341    |  0.5956   |  4.222    |  3.053    |  67.51    |  102.6    |
|  305      |  0.9891   |  0.4981   |  2.315    |  0.4206   |  1.861    |  5.782    |  51.53    |  204.6    |
|  306      |  0.9933   |  0.8181   |  4.922    |  0.6875   |  3.449    |  1.54     |  87.57    |  59.18    |
|  307      |  0.9927   |  0.9874   |  5.655    |  0.5845   |  3.019    |  6.209    |  74.25    |  11.13    |
|  308      |  0.9933   |  0.827    |  6.126    |  0.9003   |  9.228    |  5.93     |  91.99    |  8.739    |
|  309      |  0.993    |  0.4996   |  6.411    |  0.5165   |  8.482    |  1.382    |  93.19    |  139.8    |
|  310      |  0.9931   |  0.501    |  6.871    |  0.6469   |  7.016    |  3.696    |  16.23    |  163.5    |
|  311      |  0.9891   |  0.9355   |  1.525    |  0.4899   |  2.11     |  1.452    |  72.1     |  244.5    |
|  312      |  0.989    |  0.8048   |  2.898    |  0.4578   |  6.12     |  6.526    |  71.41    |  82.46    |
|  313      |  0.9939   |  0.7522   |  4.389    |  0.7651   |  2.94     |  5.27     |  95.41    |  14.57    |
|  314      |  0.9938   |  0.8148   |  3.779    |  0.7508   |  6.47     |  7.764    |  16.08    |  12.2     |
|  315      |  0.9941   |  0.4093   |  4.678    |  0.8045   |  0.7636   |  0.3894   |  28.21    |  43.39    |
|  316      |  0.994    |  0.6186   |  1.902    |  0.8978   |  0.9685   |  6.027    |  37.98    |  69.02    |
|  317      |  0.989    |  0.5289   |  1.902    |  0.4819   |  7.277    |  6.045    |  62.95    |  109.1    |
|  318      |  0.989    |  0.7911   |  2.532    |  0.451    |  9.184    |  8.087    |  69.76    |  176.8    |
|  319      |  0.9939   |  0.4771   |  1.697    |  0.974    |  4.066    |  1.602    |  79.0     |  170.8    |
|  320      |  0.9927   |  0.9066   |  2.531    |  0.5804   |  2.37     |  2.443    |  35.41    |  8.047    |
|  321      |  0.9939   |  0.476    |  4.154    |  0.881    |  4.492    |  0.6297   |  68.61    |  143.6    |
|  322      |  0.9932   |  0.4033   |  4.022    |  0.7335   |  5.023    |  2.768    |  19.65    |  52.88    |
|  323      |  0.9938   |  0.63     |  2.182    |  0.9817   |  7.333    |  2.681    |  77.04    |  245.7    |
|  324      |  0.994    |  0.8295   |  1.182    |  0.9619   |  4.129    |  9.161    |  58.27    |  133.1    |
|  325      |  0.9939   |  0.7331   |  5.015    |  0.8868   |  6.102    |  3.681    |  44.74    |  47.99    |
|  326      |  0.9938   |  0.5214   |  3.039    |  0.9945   |  7.007    |  3.524    |  44.47    |  110.7    |
|  327      |  0.994    |  0.7392   |  4.986    |  0.878    |  6.823    |  3.03     |  12.21    |  137.0    |
|  328      |  0.9931   |  0.5279   |  6.86     |  0.529    |  7.16     |  3.829    |  32.07    |  76.09    |
|  329      |  0.989    |  0.4243   |  2.828    |  0.4207   |  2.701    |  6.758    |  79.31    |  61.91    |
|  330      |  0.9893   |  0.8837   |  1.835    |  0.422    |  0.1867   |  0.3176   |  62.66    |  101.6    |
|  331      |  0.9932   |  0.8296   |  2.113    |  0.5639   |  4.037    |  9.62     |  52.02    |  156.3    |
|  332      |  0.9934   |  0.981    |  4.026    |  0.7325   |  0.5699   |  8.115    |  37.44    |  221.4    |
|  333      |  0.9933   |  0.7016   |  3.715    |  0.633    |  1.076    |  4.465    |  81.91    |  193.2    |
|  334      |  0.989    |  0.529    |  3.134    |  0.4636   |  4.926    |  3.331    |  80.93    |  134.1    |
|  335      |  0.9891   |  0.6421   |  4.678    |  0.4435   |  0.7987   |  9.089    |  99.35    |  186.8    |
|  336      |  0.9933   |  0.7574   |  1.936    |  0.6983   |  0.9114   |  4.58     |  53.92    |  26.53    |
|  337      |  0.9932   |  0.5515   |  1.413    |  0.6943   |  1.299    |  7.769    |  50.97    |  161.0    |
|  338      |  0.9931   |  0.8012   |  1.479    |  0.509    |  8.314    |  5.744    |  69.3     |  98.16    |
|  339      |  0.9938   |  0.4052   |  1.051    |  0.7851   |  6.554    |  0.03652  |  44.01    |  69.22    |
|  340      |  0.9932   |  0.6324   |  5.456    |  0.5432   |  3.358    |  5.546    |  77.22    |  149.9    |
|  341      |  0.989    |  0.8432   |  2.412    |  0.4352   |  7.855    |  7.087    |  56.92    |  226.9    |
|  342      |  0.9891   |  0.6608   |  3.115    |  0.453    |  3.563    |  5.261    |  18.08    |  49.4     |
|  343      |  0.9939   |  0.9374   |  4.605    |  0.8431   |  7.939    |  6.749    |  35.88    |  197.3    |
|  344      |  0.9932   |  0.9719   |  4.009    |  0.6739   |  6.133    |  1.709    |  78.89    |  187.1    |
|  345      |  0.9938   |  0.629    |  2.719    |  0.7994   |  4.99     |  6.253    |  85.77    |  238.1    |
|  346      |  0.9933   |  0.5117   |  3.657    |  0.6131   |  4.482    |  0.01649  |  44.08    |  35.34    |
|  347      |  0.9934   |  0.5285   |  1.374    |  0.993    |  0.9676   |  8.602    |  92.3     |  8.305    |
|  348      |  0.989    |  0.8321   |  3.576    |  0.469    |  5.049    |  5.62     |  39.56    |  195.4    |
|  349      |  0.9937   |  0.5082   |  1.805    |  0.9355   |  0.5782   |  8.729    |  25.18    |  10.18    |
|  350      |  0.9931   |  0.9915   |  6.045    |  0.6771   |  9.722    |  1.516    |  62.72    |  236.0    |
|  351      |  0.9931   |  0.5379   |  2.328    |  0.5972   |  2.27     |  6.313    |  87.64    |  228.9    |
|  352      |  0.9936   |  0.407    |  3.441    |  0.7575   |  9.764    |  1.935    |  99.42    |  202.5    |
|  353      |  0.9937   |  0.499    |  6.215    |  0.829    |  9.018    |  0.4429   |  87.99    |  129.7    |
|  354      |  0.9929   |  0.4611   |  2.598    |  0.6011   |  8.782    |  8.704    |  64.69    |  73.88    |
|  355      |  0.9929   |  0.4483   |  2.484    |  0.7069   |  7.365    |  8.676    |  81.95    |  220.6    |
|  356      |  0.9939   |  0.8572   |  2.63     |  0.7569   |  5.323    |  8.259    |  95.38    |  217.4    |
|  357      |  0.9937   |  0.5922   |  5.655    |  0.9755   |  7.679    |  6.476    |  94.03    |  74.98    |
|  358      |  0.9939   |  0.7264   |  4.063    |  0.7865   |  7.527    |  4.033    |  39.04    |  132.7    |
|  359      |  0.9939   |  0.6511   |  6.822    |  0.7698   |  7.588    |  2.211    |  42.56    |  181.0    |
|  360      |  0.994    |  0.4251   |  6.821    |  0.9056   |  0.3065   |  2.381    |  74.22    |  167.7    |
|  361      |  0.9929   |  0.5068   |  1.503    |  0.6575   |  9.678    |  5.685    |  51.0     |  116.8    |
|  362      |  0.9941   |  0.8856   |  4.529    |  0.8763   |  2.21     |  2.794    |  48.08    |  163.1    |
|  363      |  0.9939   |  0.6424   |  4.656    |  0.8648   |  3.473    |  8.575    |  77.35    |  22.23    |
|  364      |  0.9939   |  0.9298   |  1.427    |  0.9443   |  5.977    |  0.7039   |  75.62    |  91.93    |
|  365      |  0.9939   |  0.9663   |  1.784    |  0.9359   |  2.053    |  9.603    |  99.02    |  13.86    |
|  366      |  0.993    |  0.5213   |  3.065    |  0.5316   |  9.25     |  9.252    |  19.17    |  140.4    |
|  367      |  0.989    |  0.8036   |  3.123    |  0.4037   |  2.063    |  9.153    |  87.16    |  202.6    |
|  368      |  0.9939   |  0.536    |  6.659    |  0.9804   |  7.074    |  3.743    |  29.43    |  178.3    |
|  369      |  0.9932   |  0.7306   |  2.957    |  0.6234   |  1.222    |  9.209    |  97.68    |  161.2    |
|  370      |  0.9931   |  0.5816   |  2.849    |  0.7214   |  9.071    |  4.591    |  29.28    |  113.3    |
|  371      |  0.993    |  0.5094   |  1.784    |  0.6654   |  8.006    |  6.742    |  12.82    |  203.9    |
|  372      |  0.9892   |  0.929    |  6.376    |  0.4308   |  1.464    |  4.294    |  18.37    |  108.7    |
|  373      |  0.9933   |  0.5251   |  5.499    |  0.5108   |  1.396    |  5.344    |  32.4     |  201.3    |
|  374      |  0.9932   |  0.5347   |  5.855    |  0.5764   |  0.2657   |  6.732    |  69.01    |  81.46    |
|  375      |  0.989    |  0.8029   |  6.547    |  0.4306   |  6.058    |  8.195    |  81.3     |  61.49    |
|  376      |  0.9932   |  0.9466   |  2.263    |  0.5843   |  7.159    |  3.96     |  32.52    |  196.0    |
|  377      |  0.9932   |  0.6062   |  1.108    |  0.7223   |  3.394    |  3.057    |  85.02    |  207.2    |
|  378      |  0.9939   |  0.7867   |  3.067    |  0.8227   |  6.046    |  4.761    |  59.27    |  123.9    |
|  379      |  0.9931   |  0.9148   |  3.199    |  0.6868   |  8.348    |  2.448    |  55.94    |  19.34    |
|  380      |  0.9938   |  0.5595   |  5.444    |  0.8858   |  6.234    |  8.118    |  72.67    |  216.5    |
|  381      |  0.9891   |  0.772    |  1.533    |  0.4959   |  4.66     |  5.991    |  66.93    |  34.5     |
|  382      |  0.9932   |  0.7806   |  2.197    |  0.5733   |  7.654    |  0.1962   |  20.26    |  87.2     |
|  383      |  0.989    |  0.9616   |  6.404    |  0.4269   |  1.188    |  9.381    |  67.06    |  27.37    |
|  384      |  0.994    |  0.8708   |  1.778    |  0.7569   |  3.168    |  9.527    |  43.65    |  236.2    |
|  385      |  0.9931   |  0.6892   |  3.146    |  0.5731   |  7.642    |  9.183    |  25.73    |  71.03    |
|  386      |  0.9931   |  0.5295   |  5.198    |  0.5258   |  6.016    |  6.67     |  21.01    |  36.19    |
|  387      |  0.9936   |  0.4269   |  4.879    |  0.8078   |  6.878    |  4.076    |  88.25    |  167.7    |
|  388      |  0.9932   |  0.4308   |  6.066    |  0.6274   |  2.606    |  8.91     |  32.08    |  46.01    |
|  389      |  0.994    |  0.8854   |  5.866    |  0.8584   |  4.046    |  8.196    |  53.12    |  66.55    |
|  390      |  0.9933   |  0.8044   |  2.222    |  0.5912   |  2.663    |  7.41     |  66.03    |  141.3    |
|  391      |  0.9891   |  0.5939   |  6.363    |  0.4828   |  2.095    |  3.91     |  81.8     |  221.0    |
|  392      |  0.9931   |  0.573    |  5.943    |  0.6555   |  5.011    |  4.394    |  79.89    |  76.2     |
|  393      |  0.9939   |  0.6052   |  6.17     |  0.8203   |  3.871    |  4.573    |  51.09    |  76.54    |
