|  394      |  0.9936   |  0.4043   |  5.448    |  0.9861   |  7.086    |  4.752    |  75.04    |  202.3    |
|  395      |  0.9889   |  0.4786   |  6.098    |  0.4677   |  4.749    |  4.819    |  98.51    |  222.6    |
|  396      |  0.994    |  0.8844   |  6.851    |  0.8494   |  2.96     |  6.253    |  91.36    |  66.27    |
|  397      |  0.993    |  0.5329   |  1.928    |  0.5005   |  8.579    |  8.121    |  73.38    |  133.3    |
|  398      |  0.9941   |  0.7997   |  3.764    |  0.8936   |  2.703    |  0.6434   |  34.33    |  44.5     |
|  399      |  0.9931   |  0.775    |  6.082    |  0.5507   |  8.557    |  9.735    |  84.96    |  108.7    |
|  400      |  0.9939   |  0.8066   |  6.431    |  0.8503   |  9.152    |  6.529    |  20.43    |  18.09    |
|  401      |  0.9933   |  0.9621   |  1.622    |  0.6342   |  4.877    |  5.336    |  53.09    |  32.7     |
|  402      |  0.9891   |  0.734    |  2.606    |  0.4749   |  7.274    |  3.334    |  24.9     |  35.97    |
|  403      |  0.9939   |  0.5072   |  3.004    |  0.8793   |  0.5495   |  9.05     |  62.5     |  177.5    |
|  404      |  0.9939   |  0.7598   |  6.702    |  0.9465   |  5.672    |  2.528    |  89.4     |  194.4    |
|  405      |  0.994    |  0.9642   |  3.023    |  0.9675   |  5.835    |  4.401    |  18.72    |  19.05    |
|  406      |  0.9931   |  0.9253   |  1.397    |  0.6429   |  7.769    |  8.298    |  83.79    |  252.6    |
|  407      |  0.993    |  0.44     |  3.953    |  0.5564   |  6.12     |  9.551    |  57.86    |  86.49    |
|  408      |  0.9939   |  0.9996   |  4.246    |  0.9662   |  6.522    |  1.843    |  91.46    |  54.25    |
|  409      |  0.9941   |  0.8955   |  5.637    |  0.8098   |  0.7305   |  0.2411   |  68.28    |  187.8    |
|  410      |  0.9933   |  0.7547   |  3.541    |  0.6261   |  5.897    |  1.425    |  15.72    |  194.8    |
|  411      |  0.989    |  0.6989   |  4.791    |  0.4017   |  8.018    |  5.336    |  23.95    |  62.69    |
|  412      |  0.989    |  0.5386   |  4.667    |  0.4803   |  8.308    |  1.163    |  22.31    |  135.3    |
|  413      |  0.9939   |  0.4209   |  4.619    |  0.853    |  3.104    |  2.604    |  45.42    |  155.6    |
|  414      |  0.989    |  0.7929   |  4.029    |  0.4822   |  0.6228   |  9.252    |  91.65    |  113.8    |
|  415      |  0.9932   |  0.8002   |  3.826    |  0.5238   |  6.401    |  1.868    |  74.25    |  185.8    |
|  416      |  0.994    |  0.7623   |  6.177    |  0.8466   |  2.915    |  1.314    |  81.8     |  106.8    |
|  417      |  0.9931   |  0.5414   |  2.421    |  0.7412   |  6.211    |  2.01     |  92.29    |  145.2    |
|  418      |  0.9891   |  0.5251   |  4.66     |  0.4275   |  3.418    |  1.404    |  18.63    |  203.6    |
|  419      |  0.9931   |  0.4526   |  4.234    |  0.6057   |  3.526    |  7.787    |  77.61    |  62.08    |
|  420      |  0.9931   |  0.9879   |  1.116    |  0.5399   |  7.698    |  3.714    |  73.09    |  124.3    |
|  421      |  0.9932   |  0.5142   |  3.957    |  0.6704   |  5.523    |  1.23     |  32.57    |  241.8    |
|  422      |  0.9932   |  0.7966   |  6.787    |  0.5327   |  6.657    |  1.602    |  37.9     |  192.3    |
|  423      |  0.9932   |  0.5716   |  1.662    |  0.696    |  1.767    |  8.87     |  74.02    |  107.6    |
|  424      |  0.9932   |  0.6845   |  2.968    |  0.5864   |  3.908    |  3.026    |  68.02    |  50.24    |
|  425      |  0.9933   |  0.453    |  3.209    |  0.6572   |  0.1532   |  6.856    |  15.64    |  32.79    |
|  426      |  0.9891   |  0.8112   |  1.914    |  0.4412   |  6.198    |  6.497    |  36.54    |  159.1    |
|  427      |  0.9933   |  0.7742   |  3.332    |  0.6812   |  2.964    |  8.166    |  34.81    |  30.03    |
|  428      |  0.9876   |  0.5071   |  5.889    |  0.4833   |  1.971    |  1.819    |  55.39    |  6.927    |
|  429      |  0.9932   |  0.5991   |  6.535    |  0.5831   |  2.641    |  1.83     |  73.77    |  22.77    |
|  430      |  0.9938   |  0.5924   |  1.241    |  0.8307   |  9.157    |  6.97     |  36.52    |  235.6    |
|  431      |  0.9927   |  0.8198   |  1.786    |  0.6235   |  0.1016   |  6.385    |  36.87    |  9.875    |
|  432      |  0.989    |  0.7235   |  4.672    |  0.4816   |  3.952    |  8.009    |  36.82    |  210.5    |
|  433      |  0.993    |  0.9447   |  5.914    |  0.5159   |  7.875    |  6.32     |  33.84    |  14.25    |
|  434      |  0.9933   |  0.9576   |  6.705    |  0.5488   |  1.14     |  6.353    |  79.95    |  242.5    |
|  435      |  0.9932   |  0.9118   |  3.217    |  0.6294   |  3.259    |  9.875    |  94.73    |  105.6    |
|  436      |  0.9931   |  0.6811   |  5.927    |  0.6998   |  4.952    |  6.034    |  66.45    |  65.11    |
|  437      |  0.9941   |  0.6837   |  4.722    |  0.9064   |  0.4524   |  0.06975  |  33.44    |  41.54    |
|  438      |  0.9934   |  0.9091   |  4.187    |  0.7286   |  1.959    |  0.801    |  28.73    |  90.65    |
|  439      |  0.9939   |  0.7003   |  4.344    |  0.861    |  2.788    |  7.913    |  74.39    |  33.38    |
|  440      |  0.9938   |  0.5916   |  3.078    |  0.8127   |  5.404    |  4.953    |  70.62    |  31.3     |
|  441      |  0.994    |  0.7976   |  6.162    |  0.9743   |  3.17     |  0.3978   |  81.68    |  107.5    |
|  442      |  0.9933   |  0.4743   |  5.903    |  0.5515   |  1.073    |  0.7188   |  68.3     |  187.2    |
|  443      |  0.9931   |  0.8278   |  4.216    |  0.7151   |  8.113    |  7.085    |  83.59    |  91.69    |
|  444      |  0.9932   |  0.6024   |  3.264    |  0.7301   |  2.65     |  8.914    |  11.82    |  126.4    |
|  445      |  0.9891   |  0.9539   |  4.354    |  0.4886   |  8.544    |  3.333    |  90.5     |  224.6    |
|  446      |  0.9929   |  0.4326   |  3.462    |  0.6695   |  4.843    |  8.156    |  95.25    |  217.4    |
|  447      |  0.9939   |  0.7325   |  1.889    |  0.9546   |  4.85     |  7.053    |  85.73    |  104.7    |
|  448      |  0.9931   |  0.8326   |  2.839    |  0.553    |  8.526    |  9.417    |  32.5     |  72.83    |
|  449      |  0.9934   |  0.7348   |  3.484    |  0.7064   |  0.5215   |  0.4725   |  76.89    |  229.6    |
|  450      |  0.9941   |  0.7024   |  6.318    |  0.8704   |  0.8961   |  1.357    |  97.18    |  55.63    |
|  451      |  0.9938   |  0.5449   |  4.706    |  0.9599   |  5.997    |  7.817    |  74.87    |  156.0    |
|  452      |  0.9939   |  0.6472   |  1.746    |  0.9871   |  4.412    |  1.577    |  79.31    |  171.5    |
|  453      |  0.9934   |  0.7981   |  3.796    |  0.5467   |  1.667    |  5.317    |  47.3     |  53.73    |
|  454      |  0.9939   |  0.5673   |  6.574    |  0.8999   |  4.759    |  4.203    |  20.44    |  86.66    |
|  455      |  0.9932   |  0.8563   |  6.783    |  0.7144   |  3.442    |  6.145    |  95.23    |  171.6    |
|  456      |  0.9938   |  0.7319   |  6.494    |  0.9827   |  9.662    |  5.312    |  47.83    |  204.4    |
|  457      |  0.9939   |  0.9703   |  5.645    |  0.9714   |  5.74     |  7.68     |  74.67    |  255.5    |
|  458      |  0.9932   |  0.7834   |  2.325    |  0.6918   |  6.201    |  6.186    |  9.454    |  108.4    |
|  459      |  0.993    |  0.4405   |  4.847    |  0.5713   |  6.321    |  6.383    |  51.69    |  235.5    |
|  460      |  0.9939   |  0.7577   |  3.001    |  0.9983   |  5.245    |  2.333    |  63.59    |  139.7    |
|  461      |  0.9934   |  0.6212   |  3.904    |  0.6611   |  0.593    |  6.422    |  27.01    |  164.8    |
|  462      |  0.9933   |  0.8392   |  2.568    |  0.7149   |  4.68     |  1.418    |  29.52    |  46.96    |
|  463      |  0.994    |  0.8658   |  3.136    |  0.8363   |  4.334    |  6.152    |  58.92    |  208.0    |
|  464      |  0.9929   |  0.4819   |  3.775    |  0.6455   |  9.3      |  5.945    |  71.75    |  187.4    |
|  465      |  0.9931   |  0.8064   |  6.119    |  0.7076   |  6.193    |  2.339    |  59.65    |  26.61    |
|  466      |  0.9891   |  0.9998   |  4.33     |  0.4956   |  8.998    |  4.578    |  26.17    |  45.96    |
|  467      |  0.9938   |  0.4769   |  3.697    |  0.8521   |  7.118    |  5.405    |  36.95    |  113.6    |
|  468      |  0.994    |  0.955    |  5.239    |  0.8041   |  6.694    |  2.935    |  13.01    |  136.6    |
|  469      |  0.9933   |  0.8671   |  3.323    |  0.651    |  5.11     |  1.141    |  28.87    |  42.59    |
|  470      |  0.993    |  0.4436   |  1.076    |  0.6629   |  8.12     |  3.999    |  28.48    |  104.0    |
|  471      |  0.994    |  0.7979   |  6.267    |  0.918    |  2.945    |  6.287    |  91.95    |  65.64    |
|  472      |  0.9937   |  0.485    |  5.785    |  0.9637   |  8.462    |  7.682    |  23.51    |  228.6    |
|  473      |  0.9941   |  0.9401   |  3.89     |  0.9684   |  2.473    |  2.903    |  63.08    |  43.01    |
|  474      |  0.9935   |  0.4973   |  3.675    |  0.6413   |  0.1965   |  0.771    |  32.85    |  40.58    |
|  475      |  0.994    |  0.6208   |  1.712    |  0.8195   |  5.258    |  0.6853   |  45.0     |  58.42    |
|  476      |  0.9941   |  0.9992   |  6.036    |  0.8982   |  4.303    |  2.538    |  6.64     |  104.7    |
|  477      |  0.994    |  0.505    |  1.083    |  0.8412   |  2.39     |  2.165    |  12.91    |  114.8    |
|  478      |  0.9934   |  0.716    |  6.238    |  0.6088   |  1.721    |  0.8007   |  81.51    |  106.7    |
|  479      |  0.9933   |  0.8283   |  2.449    |  0.7169   |  3.594    |  7.552    |  47.03    |  219.0    |
|  480      |  0.9891   |  0.8648   |  5.9      |  0.433    |  0.7981   |  0.5345   |  65.99    |  24.19    |
|  481      |  0.9939   |  0.4564   |  1.326    |  0.8061   |  5.651    |  0.4443   |  44.15    |  58.02    |
|  482      |  0.9939   |  0.7175   |  5.54     |  0.8229   |  6.285    |  7.438    |  14.49    |  18.74    |
|  483      |  0.9939   |  0.884    |  6.006    |  0.9717   |  7.581    |  1.405    |  91.9     |  190.7    |
|  484      |  0.9933   |  0.8504   |  5.794    |  0.5234   |  3.784    |  5.72     |  21.65    |  188.5    |
|  485      |  0.9933   |  0.7969   |  3.161    |  0.5286   |  2.355    |  2.514    |  62.95    |  62.9     |
|  486      |  0.9931   |  0.5132   |  2.097    |  0.5837   |  6.281    |  4.791    |  61.0     |  109.6    |
|  487      |  0.9939   |  0.4167   |  2.624    |  0.7819   |  2.321    |  2.639    |  86.63    |  116.7    |
|  488      |  0.9932   |  0.8947   |  2.056    |  0.6232   |  7.095    |  2.709    |  9.648    |  58.44    |
|  489      |  0.993    |  0.517    |  6.539    |  0.6636   |  6.903    |  9.159    |  68.54    |  152.5    |
|  490      |  0.9941   |  0.8513   |  4.776    |  0.9998   |  4.122    |  0.6011   |  19.32    |  237.3    |
|  491      |  0.9939   |  0.7957   |  1.228    |  0.9834   |  6.326    |  3.512    |  82.24    |  74.47    |
|  492      |  0.994    |  0.7873   |  2.191    |  0.9047   |  2.371    |  6.393    |  86.6     |  229.2    |
|  493      |  0.9939   |  0.7264   |  3.298    |  0.9379   |  6.113    |  8.265    |  59.69    |  27.76    |
|  494      |  0.9933   |  0.7723   |  1.949    |  0.7367   |  1.182    |  4.418    |  78.77    |  253.4    |
|  495      |  0.9931   |  0.4571   |  3.207    |  0.5615   |  4.857    |  6.797    |  58.3     |  208.0    |
|  496      |  0.9933   |  0.9541   |  6.903    |  0.7034   |  4.107    |  9.603    |  5.109    |  74.89    |
|  497      |  0.9891   |  0.6328   |  6.258    |  0.4802   |  8.075    |  8.835    |  13.65    |  100.5    |
|  498      |  0.9932   |  0.5346   |  3.642    |  0.7373   |  2.543    |  8.191    |  35.02    |  30.58    |
|  499      |  0.994    |  0.4246   |  3.871    |  0.9871   |  1.251    |  0.3961   |  29.66    |  43.56    |
|  500      |  0.9939   |  0.6866   |  6.947    |  0.972    |  3.893    |  1.729    |  82.06    |  106.0    |
|  501      |  0.9932   |  0.8976   |  4.69     |  0.5542   |  6.988    |  3.272    |  12.21    |  136.2    |
|  502      |  0.9933   |  0.5409   |  4.476    |  0.5591   |  2.249    |  1.352    |  33.45    |  42.44    |
|  503      |  0.9929   |  0.9372   |  5.412    |  0.6161   |  2.332    |  4.666    |  13.53    |  13.76    |
|  504      |  0.994    |  0.9619   |  1.132    |  0.797    |  6.183    |  0.7736   |  45.38    |  57.75    |
|  505      |  0.9941   |  0.8842   |  4.771    |  0.9875   |  0.3594   |  4.702    |  27.34    |  165.3    |
|  506      |  0.9933   |  0.8646   |  4.029    |  0.5026   |  2.243    |  1.939    |  63.25    |  42.47    |
|  507      |  0.9891   |  0.8646   |  4.208    |  0.4477   |  0.6636   |  0.8555   |  30.29    |  43.15    |
|  508      |  0.994    |  0.9969   |  5.123    |  0.8989   |  5.463    |  0.9238   |  26.19    |  50.19    |
|  509      |  0.9931   |  0.592    |  4.041    |  0.7345   |  5.596    |  1.216    |  41.29    |  160.6    |
|  510      |  0.994    |  0.7889   |  3.247    |  0.8681   |  5.245    |  3.674    |  19.11    |  19.47    |
|  511      |  0.9931   |  0.5234   |  4.617    |  0.6216   |  5.136    |  6.232    |  53.07    |  233.5    |
|  512      |  0.9934   |  0.671    |  3.841    |  0.6701   |  1.091    |  1.317    |  68.0     |  109.3    |
|  513      |  0.994    |  0.5646   |  2.495    |  0.8253   |  1.344    |  1.457    |  95.6     |  248.2    |
|  514      |  0.9933   |  0.8311   |  4.742    |  0.5025   |  2.253    |  7.178    |  28.72    |  85.91    |
|  515      |  0.994    |  0.8912   |  5.957    |  0.8652   |  7.076    |  7.039    |  13.59    |  96.07    |
|  516      |  0.9941   |  0.6624   |  3.555    |  0.917    |  1.992    |  0.8355   |  34.29    |  43.31    |
|  517      |  0.994    |  0.9647   |  5.216    |  0.9764   |  4.433    |  4.597    |  21.52    |  187.6    |
|  518      |  0.9933   |  0.8433   |  6.184    |  0.6358   |  4.054    |  4.708    |  27.06    |  47.83    |
|  519      |  0.9934   |  0.6199   |  1.582    |  0.5865   |  0.8319   |  1.391    |  32.21    |  42.13    |
|  520      |  0.994    |  0.5567   |  2.984    |  0.8272   |  5.804    |  0.1084   |  26.65    |  45.8     |
|  521      |  0.9939   |  0.7078   |  4.595    |  0.8256   |  2.479    |  5.614    |  87.56    |  191.2    |
|  522      |  0.994    |  0.5204   |  6.34     |  0.7532   |  3.321    |  3.904    |  20.56    |  86.0     |
|  523      |  0.9891   |  0.5175   |  5.615    |  0.4238   |  7.855    |  6.389    |  12.51    |  43.59    |
|  524      |  0.9938   |  0.4749   |  5.339    |  0.8634   |  5.171    |  5.126    |  15.93    |  13.67    |
|  525      |  0.9931   |  0.4544   |  2.835    |  0.5206   |  2.664    |  1.892    |  95.4     |  248.0    |
|  526      |  0.9933   |  0.9563   |  4.473    |  0.6306   |  4.014    |  6.945    |  51.18    |  232.8    |
|  527      |  0.9939   |  0.7943   |  3.411    |  0.835    |  5.834    |  3.792    |  19.43    |  18.0     |
|  528      |  0.994    |  0.5385   |  5.048    |  0.9774   |  4.007    |  4.523    |  19.53    |  87.33    |
|  529      |  0.9933   |  0.8195   |  6.569    |  0.6858   |  2.407    |  5.592    |  87.36    |  191.3    |
|  530      |  0.989    |  0.4354   |  3.616    |  0.4206   |  1.901    |  3.59     |  63.86    |  43.33    |
|  531      |  0.989    |  0.6187   |  3.198    |  0.4449   |  1.438    |  2.051    |  33.29    |  43.51    |
|  532      |  0.994    |  0.6158   |  6.131    |  0.832    |  1.074    |  4.815    |  88.27    |  189.7    |
|  533      |  0.9939   |  0.571    |  5.154    |  0.7686   |  4.529    |  5.733    |  22.3     |  187.6    |
|  534      |  0.9891   |  0.8197   |  6.388    |  0.4652   |  6.419    |  6.326    |  13.09    |  95.69    |
|  535      |  0.9934   |  0.6522   |  3.194    |  0.5855   |  3.607    |  0.6264   |  28.49    |  45.38    |
|  536      |  0.9891   |  0.9181   |  2.403    |  0.4984   |  9.712    |  6.196    |  37.5     |  207.6    |
|  537      |  0.9931   |  0.642    |  3.762    |  0.548    |  7.409    |  8.104    |  42.87    |  117.7    |
|  538      |  0.9931   |  0.5053   |  6.148    |  0.7366   |  7.63     |  9.795    |  28.3     |  105.5    |
|  539      |  0.9895   |  0.7748   |  2.506    |  0.4391   |  5.92     |  9.726    |  59.13    |  10.09    |
|  540      |  0.994    |  0.8174   |  4.397    |  0.9037   |  3.33     |  2.61     |  92.43    |  157.1    |
|  541      |  0.9891   |  0.6115   |  5.734    |  0.4766   |  0.6197   |  2.501    |  27.99    |  74.89    |
|  542      |  0.9933   |  0.5818   |  5.332    |  0.6394   |  0.6737   |  1.224    |  97.55    |  54.58    |
|  543      |  0.9939   |  0.7724   |  5.796    |  0.8595   |  7.912    |  0.2484   |  74.41    |  213.7    |
|  544      |  0.9933   |  0.9202   |  4.774    |  0.5893   |  3.897    |  5.141    |  51.66    |  232.7    |
|  545      |  0.994    |  0.5578   |  1.326    |  0.973    |  2.649    |  0.8255   |  96.08    |  246.1    |
|  546      |  0.9941   |  0.7883   |  5.801    |  0.9587   |  3.001    |  0.1094   |  38.84    |  186.1    |
|  547      |  0.989    |  0.692    |  1.867    |  0.4141   |  4.376    |  9.099    |  32.26    |  175.0    |
|  548      |  0.9934   |  0.9799   |  6.127    |  0.6806   |  2.118    |  8.429    |  27.53    |  84.55    |
|  549      |  0.994    |  0.8476   |  2.462    |  0.7682   |  5.848    |  4.448    |  19.42    |  18.08    |
|  550      |  0.9934   |  0.6675   |  4.389    |  0.5868   |  0.7625   |  5.498    |  25.98    |  164.5    |
=============================================================================================================

BEST HYPERPARAMETERS:
|  89       |  0.9942   |  0.6902   |  4.271    |  0.9717   |  0.07227  |  0.0807   |  32.52    |  41.31    |
