|  394      |  0.989    |  0.8041   |  3.572    |  0.4555   |  3.133    |  9.471    |  8.054    |  239.2    |
|  395      |  0.9939   |  0.7205   |  4.555    |  0.7527   |  5.344    |  2.396    |  74.15    |  175.3    |
|  396      |  0.9934   |  0.8015   |  4.628    |  0.7488   |  3.333    |  4.055    |  25.23    |  46.67    |
|  397      |  0.9941   |  0.4905   |  5.456    |  0.8551   |  0.9521   |  0.8801   |  30.41    |  45.5     |
|  398      |  0.994    |  0.443    |  2.594    |  1.0      |  1.991    |  2.53     |  13.21    |  12.53    |
|  399      |  0.9933   |  0.5482   |  3.263    |  0.5246   |  3.168    |  3.415    |  28.73    |  47.6     |
|  400      |  0.9933   |  0.754    |  3.367    |  0.5908   |  3.731    |  1.699    |  27.01    |  48.74    |
|  401      |  0.9941   |  0.8685   |  2.838    |  0.9068   |  2.194    |  1.758    |  30.53    |  49.43    |
|  402      |  0.9941   |  0.8848   |  4.771    |  0.8084   |  0.8462   |  5.029    |  7.779    |  105.2    |
|  403      |  0.9891   |  0.4225   |  1.699    |  0.4317   |  5.49     |  0.8199   |  25.81    |  47.67    |
|  404      |  0.994    |  0.4105   |  3.346    |  0.9803   |  1.808    |  3.652    |  8.944    |  14.83    |
|  405      |  0.994    |  0.9639   |  5.165    |  0.7983   |  6.174    |  5.227    |  14.89    |  94.87    |
|  406      |  0.9938   |  0.4616   |  5.597    |  0.9752   |  5.946    |  8.572    |  9.657    |  102.0    |
|  407      |  0.9939   |  0.4589   |  3.344    |  0.7809   |  4.149    |  3.113    |  26.98    |  46.89    |
|  408      |  0.9932   |  0.8841   |  3.822    |  0.5322   |  6.963    |  9.211    |  7.532    |  100.5    |
|  409      |  0.9934   |  0.6871   |  4.366    |  0.6462   |  0.972    |  5.238    |  26.42    |  167.1    |
|  410      |  0.9933   |  0.674    |  5.109    |  0.5975   |  5.281    |  5.775    |  9.281    |  99.85    |
|  411      |  0.9892   |  0.7805   |  3.854    |  0.424    |  0.2593   |  1.857    |  31.67    |  171.6    |
|  412      |  0.9932   |  0.564    |  2.721    |  0.7094   |  0.3405   |  2.141    |  10.65    |  17.51    |
|  413      |  0.9932   |  0.7972   |  3.235    |  0.7335   |  5.284    |  8.026    |  9.749    |  99.47    |
|  414      |  0.989    |  0.925    |  3.295    |  0.4578   |  2.677    |  2.035    |  30.62    |  46.36    |
|  415      |  0.9941   |  0.9937   |  3.757    |  0.8376   |  0.8643   |  3.086    |  25.05    |  47.21    |
|  416      |  0.994    |  0.9412   |  4.895    |  0.86     |  6.932    |  7.213    |  7.588    |  100.8    |
|  417      |  0.9931   |  0.467    |  5.163    |  0.6141   |  7.307    |  8.067    |  7.554    |  100.4    |
|  418      |  0.9934   |  0.6191   |  6.887    |  0.695    |  1.562    |  5.218    |  7.799    |  105.6    |
|  419      |  0.9934   |  0.5702   |  1.281    |  0.5172   |  1.944    |  1.467    |  28.58    |  47.96    |
|  420      |  0.994    |  0.5344   |  4.704    |  0.9292   |  4.038    |  1.451    |  25.84    |  46.11    |
|  421      |  0.9932   |  0.435    |  4.89     |  0.7122   |  6.932    |  4.603    |  13.47    |  94.95    |
|  422      |  0.9893   |  0.686    |  1.926    |  0.4575   |  0.5453   |  2.823    |  9.544    |  17.31    |
|  423      |  0.9933   |  0.8481   |  5.168    |  0.6107   |  3.459    |  3.544    |  26.22    |  47.31    |
|  424      |  0.9932   |  0.6845   |  2.968    |  0.5864   |  3.908    |  3.026    |  68.02    |  50.24    |
|  425      |  0.9891   |  0.7321   |  5.157    |  0.4091   |  0.5232   |  1.161    |  67.42    |  109.6    |
|  426      |  0.989    |  0.8112   |  1.914    |  0.4412   |  6.198    |  6.497    |  36.54    |  159.1    |
|  427      |  0.9933   |  0.7742   |  3.332    |  0.6812   |  2.964    |  8.166    |  34.81    |  30.03    |
|  428      |  0.9872   |  0.5071   |  5.889    |  0.4833   |  1.971    |  1.819    |  55.39    |  6.927    |
|  429      |  0.9934   |  0.9657   |  6.102    |  0.6695   |  3.07     |  2.849    |  24.8     |  45.37    |
|  430      |  0.9934   |  0.6915   |  1.883    |  0.5976   |  2.227    |  1.556    |  27.0     |  47.03    |
|  431      |  0.9934   |  0.7049   |  3.454    |  0.6527   |  1.279    |  3.454    |  26.28    |  47.06    |
|  432      |  0.994    |  0.8117   |  5.921    |  0.8459   |  6.379    |  2.266    |  53.38    |  19.47    |
|  433      |  0.9933   |  0.8712   |  3.198    |  0.5487   |  5.386    |  7.162    |  8.838    |  100.7    |
|  434      |  0.9941   |  0.9716   |  3.232    |  0.8562   |  1.115    |  1.646    |  26.8     |  47.96    |
|  435      |  0.9941   |  0.9644   |  5.635    |  0.8755   |  1.537    |  3.975    |  83.0     |  90.64    |
|  436      |  0.9941   |  0.8989   |  5.945    |  0.8731   |  1.851    |  1.087    |  30.5     |  44.4     |
|  437      |  0.994    |  0.7253   |  3.297    |  0.8411   |  3.793    |  1.375    |  27.12    |  46.6     |
|  438      |  0.9933   |  0.6032   |  5.25     |  0.5894   |  0.4073   |  5.253    |  25.56    |  166.2    |
|  439      |  0.994    |  0.5936   |  4.918    |  0.9874   |  3.186    |  7.065    |  8.585    |  99.79    |
|  440      |  0.9941   |  0.6266   |  2.193    |  0.8234   |  3.194    |  0.6161   |  26.01    |  46.06    |
|  441      |  0.9932   |  0.6306   |  4.031    |  0.74     |  5.672    |  7.588    |  6.868    |  101.2    |
|  442      |  0.9933   |  0.8994   |  5.976    |  0.6168   |  5.963    |  0.7935   |  26.14    |  49.54    |
|  443      |  0.9933   |  0.865    |  3.958    |  0.7222   |  4.882    |  5.186    |  13.63    |  95.39    |
|  444      |  0.9929   |  0.6169   |  3.344    |  0.5674   |  1.869    |  6.368    |  8.199    |  11.41    |
|  445      |  0.9941   |  0.6428   |  5.139    |  0.9867   |  1.417    |  5.509    |  7.424    |  106.0    |
|  446      |  0.9933   |  0.6419   |  4.583    |  0.6655   |  0.9336   |  4.26     |  82.84    |  90.21    |
|  447      |  0.994    |  0.6622   |  5.441    |  0.8713   |  3.765    |  7.503    |  34.9     |  172.2    |
|  448      |  0.9941   |  0.9289   |  4.862    |  0.8155   |  3.891    |  1.458    |  24.91    |  44.64    |
|  449      |  0.9941   |  0.8846   |  2.964    |  0.8311   |  1.454    |  4.594    |  9.088    |  16.27    |
|  450      |  0.9935   |  0.9437   |  5.976    |  0.6886   |  0.266    |  5.281    |  6.652    |  106.2    |
|  451      |  0.9941   |  0.7491   |  5.384    |  0.9697   |  2.163    |  3.898    |  6.618    |  105.7    |
|  452      |  0.9893   |  0.9723   |  4.153    |  0.4267   |  1.24     |  3.957    |  10.43    |  15.81    |
|  453      |  0.9935   |  0.9724   |  4.174    |  0.6899   |  0.9388   |  5.098    |  6.965    |  106.8    |
|  454      |  0.9941   |  0.7334   |  3.239    |  0.8826   |  3.277    |  2.14     |  31.08    |  49.0     |
|  455      |  0.9939   |  0.6762   |  6.825    |  0.7974   |  7.208    |  5.682    |  13.01    |  42.01    |
|  456      |  0.9931   |  0.4085   |  2.543    |  0.6664   |  3.397    |  4.305    |  8.729    |  16.08    |
|  457      |  0.9941   |  0.7464   |  5.219    |  0.912    |  2.404    |  2.442    |  12.91    |  99.67    |
|  458      |  0.9934   |  0.7585   |  4.498    |  0.642    |  1.105    |  1.052    |  70.47    |  110.7    |
|  459      |  0.9935   |  0.8559   |  5.6      |  0.5828   |  0.134    |  4.882    |  9.871    |  106.2    |
|  460      |  0.9941   |  0.6823   |  4.266    |  0.8343   |  1.498    |  4.656    |  7.392    |  105.8    |
|  461      |  0.994    |  0.4588   |  6.616    |  0.9636   |  2.925    |  3.876    |  11.68    |  99.71    |
|  462      |  0.9892   |  0.4797   |  2.717    |  0.428    |  0.5006   |  0.9288   |  26.81    |  48.56    |
|  463      |  0.9931   |  0.5009   |  4.955    |  0.617    |  6.167    |  7.508    |  8.479    |  99.55    |
|  464      |  0.9934   |  0.8305   |  3.063    |  0.5143   |  2.322    |  7.586    |  10.07    |  100.1    |
|  465      |  0.9939   |  0.5105   |  5.21     |  0.8132   |  5.424    |  9.079    |  8.119    |  101.6    |
|  466      |  0.994    |  0.9248   |  2.578    |  0.9875   |  2.496    |  5.881    |  8.205    |  14.08    |
|  467      |  0.9932   |  0.9604   |  1.825    |  0.6307   |  1.812    |  5.416    |  9.93     |  16.76    |
|  468      |  0.9939   |  0.6976   |  1.006    |  0.932    |  5.069    |  2.397    |  79.42    |  93.66    |
|  469      |  0.9941   |  0.7891   |  4.276    |  0.9288   |  2.306    |  2.673    |  30.27    |  48.71    |
|  470      |  0.9934   |  0.6232   |  2.787    |  0.6379   |  1.77     |  3.448    |  28.9     |  47.76    |
|  471      |  0.994    |  0.4764   |  3.025    |  0.8559   |  2.387    |  7.381    |  11.21    |  98.53    |
|  472      |  0.9939   |  0.4874   |  5.798    |  0.8464   |  5.189    |  5.484    |  38.85    |  182.4    |
|  473      |  0.989    |  0.7579   |  5.481    |  0.4517   |  5.657    |  6.115    |  13.47    |  94.5     |
|  474      |  0.994    |  0.863    |  3.079    |  0.8695   |  6.524    |  8.166    |  8.762    |  100.9    |
|  475      |  0.9941   |  0.551    |  4.701    |  0.9355   |  1.921    |  0.2229   |  30.12    |  43.45    |
|  476      |  0.9933   |  0.4514   |  2.906    |  0.5658   |  0.8679   |  0.3174   |  9.952    |  16.58    |
|  477      |  0.9941   |  0.9876   |  1.642    |  0.8681   |  2.583    |  2.574    |  8.786    |  18.39    |
|  478      |  0.9941   |  0.761    |  3.252    |  0.7639   |  3.502    |  0.1925   |  25.46    |  46.17    |
|  479      |  0.9931   |  0.5863   |  4.659    |  0.7301   |  6.84     |  1.831    |  79.59    |  100.2    |
|  480      |  0.9934   |  0.9924   |  2.742    |  0.5096   |  3.535    |  1.752    |  30.4     |  48.5     |
|  481      |  0.9894   |  0.5549   |  1.526    |  0.4807   |  1.361    |  5.431    |  8.355    |  12.93    |
|  482      |  0.994    |  0.794    |  3.622    |  0.7805   |  2.936    |  7.154    |  9.269    |  99.16    |
|  483      |  0.9933   |  0.4318   |  6.863    |  0.6541   |  2.547    |  2.582    |  11.45    |  100.6    |
|  484      |  0.9934   |  0.6483   |  1.32     |  0.6051   |  2.022    |  3.689    |  30.78    |  47.67    |
|  485      |  0.9931   |  0.6144   |  3.369    |  0.6216   |  2.279    |  3.594    |  8.502    |  15.85    |
|  486      |  0.9932   |  0.9154   |  2.419    |  0.5119   |  3.213    |  3.575    |  9.681    |  17.69    |
|  487      |  0.9934   |  0.5261   |  3.027    |  0.6216   |  0.6054   |  2.952    |  24.27    |  47.47    |
|  488      |  0.9933   |  0.5301   |  2.514    |  0.6827   |  2.255    |  2.978    |  30.86    |  49.84    |
|  489      |  0.994    |  0.5304   |  4.692    |  0.7653   |  2.928    |  2.809    |  11.84    |  99.19    |
|  490      |  0.9941   |  0.8774   |  4.011    |  0.8803   |  1.989    |  5.966    |  9.519    |  99.5     |
|  491      |  0.9934   |  0.7328   |  4.22     |  0.5035   |  3.318    |  0.4333   |  26.04    |  46.67    |
|  492      |  0.9941   |  0.7653   |  2.479    |  0.8987   |  1.144    |  2.583    |  9.758    |  15.33    |
|  493      |  0.9941   |  0.8492   |  5.971    |  0.8328   |  0.3487   |  3.376    |  58.85    |  174.1    |
|  494      |  0.9933   |  0.6282   |  3.169    |  0.6663   |  1.718    |  7.991    |  10.95    |  97.67    |
|  495      |  0.989    |  0.7306   |  4.148    |  0.4967   |  2.902    |  2.759    |  31.36    |  48.75    |
|  496      |  0.994    |  0.7538   |  4.673    |  0.9968   |  4.373    |  2.034    |  26.08    |  45.52    |
|  497      |  0.9941   |  0.7308   |  4.341    |  0.8816   |  2.724    |  1.597    |  11.69    |  98.41    |
|  498      |  0.9934   |  0.9908   |  2.578    |  0.6752   |  3.534    |  0.8406   |  26.77    |  47.19    |
|  499      |  0.9941   |  0.4246   |  3.871    |  0.9871   |  1.251    |  0.3961   |  29.66    |  43.56    |
|  500      |  0.9941   |  0.7811   |  3.682    |  0.7546   |  2.176    |  5.392    |  10.78    |  98.65    |
|  501      |  0.9933   |  0.6851   |  5.602    |  0.5733   |  3.145    |  7.076    |  9.531    |  99.09    |
|  502      |  0.994    |  0.4876   |  6.107    |  0.7781   |  3.677    |  0.4055   |  29.79    |  43.66    |
|  503      |  0.9934   |  0.86     |  5.806    |  0.7245   |  1.001    |  7.413    |  27.87    |  171.0    |
|  504      |  0.9941   |  0.8671   |  2.993    |  0.9417   |  2.703    |  7.621    |  8.738    |  100.2    |
|  505      |  0.9933   |  0.4743   |  3.99     |  0.7438   |  2.691    |  1.818    |  26.95    |  47.49    |
|  506      |  0.9941   |  0.9898   |  2.007    |  0.8336   |  2.656    |  3.26     |  25.78    |  47.52    |
|  507      |  0.9891   |  0.8646   |  4.208    |  0.4477   |  0.6636   |  0.8555   |  30.29    |  43.15    |
|  508      |  0.994    |  0.734    |  5.722    |  0.7733   |  4.267    |  7.383    |  33.98    |  173.0    |
|  509      |  0.9932   |  0.592    |  4.041    |  0.7345   |  5.596    |  1.216    |  41.29    |  160.6    |
|  510      |  0.9934   |  0.7374   |  4.343    |  0.5194   |  2.307    |  7.03     |  8.751    |  98.98    |
|  511      |  0.994    |  0.8469   |  3.797    |  0.9118   |  6.716    |  6.975    |  8.145    |  102.3    |
|  512      |  0.9934   |  0.8864   |  4.111    |  0.5557   |  2.206    |  2.778    |  25.35    |  48.33    |
|  513      |  0.9941   |  0.9329   |  5.234    |  0.7648   |  3.038    |  1.769    |  10.59    |  98.99    |
|  514      |  0.994    |  0.9327   |  5.368    |  0.8191   |  5.949    |  4.421    |  11.78    |  95.51    |
|  515      |  0.9941   |  0.7841   |  4.313    |  0.7945   |  4.187    |  1.441    |  11.26    |  98.47    |
|  516      |  0.9891   |  0.9528   |  6.708    |  0.4797   |  1.939    |  0.4849   |  29.16    |  43.35    |
|  517      |  0.9933   |  0.7799   |  3.865    |  0.6204   |  5.232    |  4.285    |  12.27    |  95.22    |
|  518      |  0.9934   |  0.8281   |  2.394    |  0.7264   |  2.086    |  0.4914   |  94.11    |  246.9    |
|  519      |  0.994    |  0.4387   |  1.71     |  0.7544   |  3.228    |  4.277    |  26.78    |  46.76    |
|  520      |  0.9941   |  0.4597   |  5.624    |  0.8412   |  1.354    |  2.268    |  10.87    |  98.87    |
|  521      |  0.9938   |  0.5832   |  5.233    |  0.791    |  7.421    |  9.537    |  9.17     |  101.6    |
|  522      |  0.9941   |  0.8172   |  2.962    |  0.8678   |  1.882    |  2.182    |  9.263    |  17.92    |
|  523      |  0.9892   |  0.6805   |  2.157    |  0.4742   |  1.54     |  7.161    |  12.11    |  14.94    |
|  524      |  0.994    |  0.9133   |  2.001    |  0.785    |  3.594    |  7.689    |  9.238    |  99.37    |
|  525      |  0.9939   |  0.5337   |  4.865    |  0.8562   |  6.557    |  8.702    |  8.584    |  101.9    |
|  526      |  0.9942   |  0.9482   |  4.908    |  0.7895   |  0.2149   |  4.12     |  6.947    |  105.5    |
|  527      |  0.994    |  0.9257   |  4.772    |  0.7607   |  4.854    |  2.479    |  30.69    |  171.2    |
|  528      |  0.994    |  0.4316   |  6.115    |  0.8879   |  3.23     |  0.7329   |  24.88    |  44.62    |
|  529      |  0.994    |  0.515    |  2.206    |  0.8437   |  2.466    |  4.504    |  27.03    |  48.21    |
|  530      |  0.9933   |  0.6775   |  2.161    |  0.7171   |  2.258    |  8.615    |  12.61    |  95.85    |
|  531      |  0.9934   |  0.4411   |  5.708    |  0.5784   |  0.4606   |  3.258    |  6.402    |  106.5    |
|  532      |  0.9933   |  0.552    |  2.713    |  0.73     |  3.514    |  3.702    |  25.49    |  47.31    |
|  533      |  0.994    |  0.4836   |  4.151    |  0.9499   |  2.62     |  5.428    |  8.567    |  98.37    |
|  534      |  0.9941   |  0.7842   |  4.95     |  0.9283   |  0.979    |  3.963    |  59.49    |  172.6    |
|  535      |  0.9941   |  1.0      |  2.625    |  1.0      |  2.703    |  6.944    |  7.97     |  13.12    |
|  536      |  0.994    |  0.8815   |  1.633    |  0.8926   |  3.198    |  7.208    |  9.898    |  100.2    |
|  537      |  0.9934   |  0.5887   |  3.565    |  0.6408   |  2.7      |  1.479    |  29.93    |  49.47    |
|  538      |  0.9933   |  0.5002   |  4.168    |  0.6811   |  2.827    |  0.6415   |  29.25    |  42.56    |
|  539      |  0.994    |  0.9142   |  3.245    |  0.9875   |  1.278    |  5.623    |  9.635    |  15.31    |
|  540      |  0.9889   |  0.4771   |  2.818    |  0.4588   |  1.759    |  0.8973   |  30.89    |  48.47    |
|  541      |  0.994    |  0.99     |  2.767    |  0.7887   |  7.599    |  7.821    |  7.812    |  101.6    |
|  542      |  0.9941   |  0.6507   |  4.088    |  0.9886   |  1.949    |  4.822    |  6.536    |  105.3    |
|  543      |  0.9941   |  0.9907   |  4.608    |  0.9799   |  4.169    |  2.547    |  11.73    |  99.11    |
|  544      |  0.9934   |  0.9839   |  2.868    |  0.6429   |  2.584    |  7.747    |  11.85    |  97.51    |
|  545      |  0.9933   |  0.4393   |  1.902    |  0.7155   |  1.802    |  6.673    |  11.05    |  99.3     |
|  546      |  0.994    |  0.6127   |  2.442    |  0.8614   |  4.304    |  7.947    |  6.343    |  240.4    |
|  547      |  0.9941   |  0.9101   |  3.483    |  0.7803   |  0.5238   |  1.612    |  69.43    |  110.2    |
|  548      |  0.9894   |  0.9333   |  2.583    |  0.4239   |  1.59     |  4.022    |  8.755    |  15.21    |
|  549      |  0.9941   |  0.9206   |  5.57     |  0.9781   |  3.352    |  0.7477   |  24.83    |  46.62    |
|  550      |  0.994    |  0.6894   |  4.427    |  0.7945   |  1.601    |  3.001    |  91.03    |  58.32    |
=============================================================================================================

BEST HYPERPARAMETERS:
|  111      |  0.9942   |  0.9834   |  4.268    |  0.923    |  0.05423  |  2.109    |  29.59    |  172.8    |
