|  196      |  0.9956   |  0.5355   |  6.966    |  0.443    |  1.653    |  4.707    |  32.68    |  49.13    |
|  197      |  0.9957   |  0.5097   |  3.768    |  0.4657   |  7.604    |  3.539    |  41.26    |  47.09    |
|  198      |  0.9972   |  0.5442   |  5.814    |  0.7436   |  9.32     |  5.98     |  46.41    |  85.98    |
|  199      |  0.9976   |  0.7215   |  5.704    |  0.8687   |  0.373    |  6.395    |  26.11    |  167.0    |
|  200      |  0.9973   |  0.423    |  3.454    |  0.6241   |  1.222    |  0.03297  |  54.73    |  28.91    |
|  201      |  0.9972   |  0.5346   |  3.735    |  0.5534   |  3.363    |  6.936    |  50.4     |  213.9    |
|  202      |  0.9973   |  0.6326   |  4.696    |  0.6259   |  1.547    |  3.609    |  28.51    |  48.57    |
|  203      |  0.9957   |  0.8339   |  6.209    |  0.4401   |  3.453    |  1.433    |  25.88    |  110.0    |
|  204      |  0.9973   |  0.9373   |  2.508    |  0.5063   |  2.64     |  0.1759   |  74.19    |  62.01    |
|  205      |  0.9974   |  0.4715   |  1.882    |  0.7811   |  8.863    |  6.915    |  31.64    |  60.17    |
|  206      |  0.9975   |  0.5541   |  5.935    |  0.8464   |  3.444    |  8.207    |  17.14    |  22.71    |
|  207      |  0.9972   |  0.4296   |  3.981    |  0.6935   |  1.677    |  6.429    |  45.05    |  100.8    |
|  208      |  0.9975   |  0.4034   |  3.833    |  0.9749   |  1.111    |  5.458    |  25.95    |  165.3    |
|  209      |  0.9975   |  0.5435   |  1.379    |  0.8483   |  1.609    |  2.741    |  84.32    |  92.59    |
|  210      |  0.9976   |  0.5766   |  1.987    |  0.7734   |  0.06354  |  8.228    |  6.528    |  249.7    |
|  211      |  0.9975   |  0.564    |  6.991    |  0.9459   |  8.776    |  1.825    |  11.83    |  213.2    |
|  212      |  0.9974   |  0.5748   |  4.991    |  0.9521   |  8.302    |  9.924    |  71.22    |  157.3    |
|  213      |  0.9976   |  0.6718   |  5.61     |  0.8486   |  0.5752   |  4.672    |  49.03    |  45.79    |
|  214      |  0.9975   |  0.5969   |  2.256    |  0.9838   |  8.463    |  8.9      |  32.05    |  22.0     |
|  215      |  0.9976   |  0.6191   |  4.756    |  0.9592   |  2.744    |  0.5747   |  81.5     |  95.27    |
|  216      |  0.9973   |  0.8342   |  2.504    |  0.619    |  2.297    |  4.422    |  83.73    |  92.21    |
|  217      |  0.9975   |  0.4886   |  4.095    |  0.8399   |  3.04     |  1.974    |  30.95    |  47.42    |
|  218      |  0.9972   |  0.5618   |  1.088    |  0.7354   |  7.464    |  3.068    |  76.41    |  68.19    |
|  219      |  0.9973   |  0.8356   |  2.844    |  0.5064   |  1.807    |  3.685    |  81.65    |  95.68    |
|  220      |  0.9957   |  0.6323   |  4.586    |  0.4919   |  4.098    |  4.783    |  56.84    |  195.0    |
|  221      |  0.9957   |  0.9782   |  2.002    |  0.4693   |  0.08596  |  0.4869   |  83.84    |  94.35    |
|  222      |  0.9973   |  0.9894   |  1.358    |  0.6389   |  8.859    |  2.717    |  18.71    |  126.5    |
|  223      |  0.9973   |  0.9961   |  6.374    |  0.7317   |  2.676    |  5.023    |  85.91    |  101.5    |
|  224      |  0.9973   |  0.8118   |  3.263    |  0.7153   |  5.939    |  9.319    |  48.81    |  31.83    |
|  225      |  0.9973   |  0.7046   |  5.843    |  0.6298   |  1.363    |  5.129    |  48.32    |  46.35    |
|  226      |  0.9974   |  0.5732   |  1.524    |  0.9824   |  7.289    |  9.797    |  46.2     |  33.69    |
|  227      |  0.9975   |  0.4904   |  6.339    |  0.9389   |  2.74     |  0.8655   |  75.35    |  24.03    |
|  228      |  0.9975   |  0.6412   |  4.967    |  0.8906   |  9.501    |  3.936    |  59.63    |  207.7    |
|  229      |  0.9973   |  0.7854   |  4.406    |  0.5772   |  2.772    |  3.876    |  26.05    |  167.2    |
|  230      |  0.9976   |  0.6778   |  6.091    |  0.7775   |  2.187    |  2.287    |  27.65    |  46.76    |
|  231      |  0.9976   |  0.6107   |  5.677    |  0.9293   |  0.9963   |  3.0      |  82.81    |  89.92    |
|  232      |  0.9973   |  0.9232   |  3.452    |  0.7256   |  7.098    |  4.696    |  18.95    |  154.8    |
|  233      |  0.9973   |  0.8567   |  2.618    |  0.5652   |  4.326    |  0.8578   |  29.83    |  46.31    |
|  234      |  0.9975   |  0.9722   |  5.095    |  0.7501   |  5.701    |  5.261    |  22.8     |  113.4    |
|  235      |  0.9976   |  0.9911   |  4.034    |  0.7902   |  2.935    |  3.787    |  30.9     |  47.76    |
|  236      |  0.9973   |  0.9255   |  2.074    |  0.6912   |  3.926    |  5.331    |  56.05    |  117.2    |
|  237      |  0.9974   |  0.8016   |  5.744    |  0.5812   |  0.3311   |  5.59     |  25.46    |  166.6    |
|  238      |  0.9957   |  0.7526   |  1.146    |  0.4125   |  7.702    |  8.09     |  83.62    |  140.1    |
|  239      |  0.9974   |  0.7898   |  5.134    |  0.7051   |  1.297    |  2.372    |  30.73    |  47.24    |
|  240      |  0.9975   |  0.5656   |  3.011    |  0.8781   |  0.491    |  8.901    |  5.64     |  249.6    |
|  241      |  0.9974   |  0.9769   |  6.409    |  0.5377   |  1.466    |  2.476    |  27.9     |  49.68    |
|  242      |  0.9976   |  0.5137   |  4.194    |  0.7871   |  1.501    |  1.957    |  31.94    |  48.0     |
|  243      |  0.9957   |  0.8677   |  6.131    |  0.4585   |  2.838    |  1.611    |  27.79    |  47.97    |
|  244      |  0.9975   |  0.6514   |  1.614    |  0.9501   |  7.418    |  4.21     |  62.91    |  108.0    |
|  245      |  0.9973   |  0.7286   |  3.757    |  0.5036   |  1.653    |  4.147    |  81.95    |  91.94    |
|  246      |  0.9973   |  0.6593   |  3.046    |  0.5648   |  2.819    |  0.3155   |  32.28    |  42.33    |
|  247      |  0.9973   |  0.8411   |  4.649    |  0.6452   |  3.28     |  0.8206   |  29.87    |  45.8     |
|  248      |  0.9976   |  0.6983   |  4.257    |  0.9411   |  1.152    |  3.756    |  83.61    |  93.08    |
|  249      |  0.9976   |  0.6974   |  2.277    |  0.807    |  0.4682   |  9.891    |  6.588    |  250.2    |
|  250      |  0.9956   |  0.6242   |  6.923    |  0.4073   |  0.6162   |  3.356    |  28.86    |  47.45    |
|  251      |  0.9974   |  0.5551   |  4.933    |  0.913    |  7.435    |  7.358    |  90.61    |  118.1    |
|  252      |  0.9976   |  0.8855   |  3.879    |  0.9686   |  3.899    |  0.6552   |  24.92    |  115.2    |
|  253      |  0.9975   |  0.8803   |  6.266    |  0.9637   |  3.535    |  7.777    |  16.22    |  23.05    |
|  254      |  0.9973   |  0.9184   |  2.734    |  0.701    |  3.345    |  8.232    |  35.23    |  39.43    |
|  255      |  0.9957   |  0.7987   |  3.72     |  0.4484   |  1.188    |  5.36     |  26.31    |  165.3    |
|  256      |  0.9957   |  0.5449   |  1.521    |  0.4517   |  7.276    |  4.52     |  85.05    |  35.65    |
|  257      |  0.9957   |  0.9296   |  2.934    |  0.4659   |  1.545    |  0.8029   |  87.26    |  249.2    |
|  258      |  0.9975   |  0.7599   |  2.65     |  0.8418   |  9.492    |  3.926    |  72.27    |  115.8    |
|  259      |  0.9972   |  0.7324   |  3.815    |  0.7063   |  6.114    |  8.924    |  60.97    |  180.6    |
|  260      |  0.9973   |  0.9333   |  2.531    |  0.5402   |  3.658    |  0.1725   |  81.22    |  95.52    |
|  261      |  0.9957   |  0.4991   |  6.744    |  0.4097   |  6.148    |  2.745    |  83.51    |  238.0    |
|  262      |  0.9976   |  0.7462   |  2.993    |  0.9239   |  0.1172   |  0.5827   |  78.15    |  93.14    |
|  263      |  0.9972   |  0.7019   |  1.014    |  0.6534   |  9.616    |  3.818    |  36.67    |  52.39    |
|  264      |  0.9972   |  0.6709   |  5.085    |  0.6232   |  7.209    |  5.891    |  70.26    |  140.4    |
|  265      |  0.9973   |  0.8753   |  5.821    |  0.5284   |  2.323    |  5.588    |  88.9     |  191.1    |
|  266      |  0.9974   |  0.4762   |  1.078    |  0.7673   |  9.192    |  3.505    |  29.87    |  145.9    |
|  267      |  0.9974   |  0.9712   |  1.743    |  0.5645   |  0.5791   |  3.794    |  73.69    |  103.1    |
|  268      |  0.9973   |  0.6583   |  2.108    |  0.5149   |  0.9821   |  9.741    |  29.37    |  235.5    |
|  269      |  0.9976   |  0.9657   |  4.789    |  0.786    |  0.632    |  1.181    |  68.63    |  110.2    |
|  270      |  0.9975   |  0.8878   |  4.318    |  0.9712   |  7.355    |  6.175    |  36.24    |  113.6    |
|  271      |  0.9957   |  0.499    |  4.508    |  0.4849   |  2.97     |  5.606    |  60.71    |  158.5    |
|  272      |  0.9973   |  0.6754   |  6.847    |  0.6518   |  0.1645   |  2.403    |  84.05    |  94.82    |
|  273      |  0.9976   |  0.8938   |  5.076    |  0.9352   |  3.714    |  4.974    |  21.19    |  188.1    |
|  274      |  0.9973   |  0.9886   |  5.795    |  0.5828   |  9.463    |  4.351    |  10.34    |  60.79    |
|  275      |  0.9975   |  0.8349   |  1.321    |  0.8888   |  7.032    |  6.985    |  11.54    |  30.92    |
|  276      |  0.9975   |  0.9147   |  2.171    |  0.8026   |  5.435    |  8.479    |  50.73    |  33.15    |
|  277      |  0.9956   |  0.5078   |  4.214    |  0.4306   |  2.532    |  0.7497   |  31.08    |  48.36    |
|  278      |  0.9976   |  0.6066   |  5.374    |  0.8604   |  2.225    |  5.083    |  31.72    |  49.1     |
|  279      |  0.9974   |  0.8941   |  1.041    |  0.6548   |  1.846    |  0.5109   |  44.55    |  175.4    |
|  280      |  0.9975   |  0.4274   |  4.845    |  0.8094   |  1.562    |  4.268    |  89.68    |  58.07    |
|  281      |  0.9976   |  0.8775   |  5.81     |  0.9388   |  2.178    |  2.024    |  31.87    |  48.13    |
|  282      |  0.9973   |  0.7451   |  4.968    |  0.5176   |  5.528    |  3.106    |  23.27    |  101.4    |
|  283      |  0.9973   |  0.8084   |  4.015    |  0.6254   |  1.811    |  5.719    |  13.33    |  14.4     |
|  284      |  0.9972   |  0.4934   |  1.777    |  0.7166   |  7.404    |  6.819    |  8.161    |  240.4    |
|  285      |  0.9971   |  0.8624   |  4.709    |  0.6048   |  0.8977   |  5.931    |  45.93    |  7.214    |
|  286      |  0.9975   |  0.9858   |  6.34     |  0.7828   |  7.098    |  2.083    |  53.38    |  18.95    |
|  287      |  0.9973   |  0.647    |  6.556    |  0.6999   |  2.61     |  3.767    |  19.08    |  108.4    |
|  288      |  0.9957   |  0.6278   |  2.427    |  0.4578   |  8.212    |  9.146    |  7.938    |  239.5    |
|  289      |  0.9976   |  0.9196   |  2.844    |  0.7561   |  1.016    |  3.846    |  83.07    |  92.07    |
|  290      |  0.9957   |  0.5854   |  4.65     |  0.4747   |  5.414    |  5.117    |  46.1     |  13.16    |
|  291      |  0.9972   |  0.6384   |  4.761    |  0.5876   |  7.089    |  3.856    |  66.34    |  251.4    |
|  292      |  0.9973   |  0.4349   |  3.778    |  0.7385   |  3.95     |  0.321    |  29.23    |  46.75    |
|  293      |  0.9957   |  0.9808   |  3.7      |  0.4834   |  0.8355   |  2.154    |  30.14    |  47.34    |
|  294      |  0.9972   |  0.5434   |  1.934    |  0.5758   |  6.92     |  1.341    |  58.01    |  67.0     |
|  295      |  0.9922   |  0.4023   |  3.752    |  0.6981   |  1.573    |  3.533    |  22.22    |  3.827    |
|  296      |  0.9957   |  0.8361   |  4.816    |  0.4697   |  0.9457   |  4.511    |  91.29    |  49.67    |
|  297      |  0.9956   |  0.5759   |  4.642    |  0.4799   |  1.626    |  3.282    |  32.46    |  46.87    |
|  298      |  0.9972   |  0.513    |  2.56     |  0.7392   |  3.378    |  0.4514   |  46.24    |  44.0     |
|  299      |  0.9957   |  0.9887   |  4.776    |  0.4637   |  0.8994   |  9.643    |  84.51    |  55.69    |
|  300      |  0.9972   |  0.554    |  3.864    |  0.6377   |  4.241    |  6.116    |  50.19    |  214.0    |
|  301      |  0.9957   |  0.895    |  4.991    |  0.4647   |  1.814    |  3.401    |  46.7     |  202.0    |
|  302      |  0.9976   |  0.7068   |  2.952    |  0.7622   |  0.411    |  0.3382   |  81.64    |  95.64    |
|  303      |  0.9973   |  0.7928   |  4.635    |  0.6269   |  3.683    |  1.831    |  31.12    |  46.66    |
|  304      |  0.9973   |  0.6878   |  4.866    |  0.632    |  1.262    |  8.623    |  35.49    |  49.69    |
|  305      |  0.9976   |  0.6164   |  4.682    |  0.7614   |  1.247    |  3.343    |  89.69    |  57.96    |
|  306      |  0.9973   |  0.8181   |  4.922    |  0.6875   |  3.449    |  1.54     |  87.57    |  59.18    |
|  307      |  0.9972   |  0.9874   |  5.655    |  0.5845   |  3.019    |  6.209    |  74.25    |  11.13    |
|  308      |  0.9976   |  0.9208   |  4.265    |  0.764    |  0.862    |  4.128    |  89.59    |  58.66    |
|  309      |  0.9971   |  0.4996   |  6.411    |  0.5165   |  8.482    |  1.382    |  93.19    |  139.8    |
|  310      |  0.9972   |  0.501    |  6.871    |  0.6469   |  7.016    |  3.696    |  16.23    |  163.5    |
|  311      |  0.9957   |  0.9355   |  1.525    |  0.4899   |  2.11     |  1.452    |  72.1     |  244.5    |
|  312      |  0.9957   |  0.8048   |  2.898    |  0.4578   |  6.12     |  6.526    |  71.41    |  82.46    |
|  313      |  0.9975   |  0.7522   |  4.389    |  0.7651   |  2.94     |  5.27     |  95.41    |  14.57    |
|  314      |  0.9972   |  0.6581   |  4.511    |  0.6491   |  8.845    |  8.593    |  33.09    |  100.1    |
|  315      |  0.9973   |  0.7271   |  5.671    |  0.5996   |  3.319    |  2.325    |  31.33    |  48.96    |
|  316      |  0.9973   |  0.7825   |  5.627    |  0.6614   |  0.4796   |  4.195    |  89.45    |  58.45    |
|  317      |  0.9957   |  0.5289   |  1.902    |  0.4819   |  7.277    |  6.045    |  62.95    |  109.1    |
|  318      |  0.9957   |  0.7911   |  2.532    |  0.451    |  9.184    |  8.087    |  69.76    |  176.8    |
|  319      |  0.9975   |  0.4771   |  1.697    |  0.974    |  4.066    |  1.602    |  79.0     |  170.8    |
|  320      |  0.9971   |  0.9066   |  2.531    |  0.5804   |  2.37     |  2.443    |  35.41    |  8.047    |
|  321      |  0.9972   |  0.4555   |  1.963    |  0.6806   |  2.651    |  2.975    |  85.34    |  92.27    |
|  322      |  0.9972   |  0.4033   |  4.022    |  0.7335   |  5.023    |  2.768    |  19.65    |  52.88    |
|  323      |  0.9974   |  0.7803   |  5.868    |  0.6231   |  1.313    |  1.931    |  30.53    |  46.97    |
|  324      |  0.9975   |  0.8295   |  1.182    |  0.9619   |  4.129    |  9.161    |  58.27    |  133.1    |
|  325      |  0.9975   |  0.7331   |  5.015    |  0.8868   |  6.102    |  3.681    |  44.74    |  47.99    |
|  326      |  0.9975   |  0.5214   |  3.039    |  0.9945   |  7.007    |  3.524    |  44.47    |  110.7    |
|  327      |  0.9974   |  0.8271   |  4.264    |  0.5967   |  1.509    |  0.9281   |  30.07    |  45.98    |
|  328      |  0.9973   |  0.8679   |  3.188    |  0.7046   |  2.281    |  2.639    |  29.55    |  45.9     |
|  329      |  0.9975   |  0.6983   |  1.428    |  0.9255   |  7.8      |  5.392    |  62.91    |  107.3    |
|  330      |  0.9975   |  0.8903   |  3.226    |  0.8946   |  4.294    |  2.073    |  79.81    |  93.35    |
|  331      |  0.9957   |  0.6665   |  5.009    |  0.449    |  2.198    |  4.31     |  30.58    |  49.06    |
|  332      |  0.9976   |  0.9036   |  2.59     |  0.9654   |  3.328    |  2.364    |  29.28    |  46.66    |
|  333      |  0.9975   |  0.5098   |  5.914    |  0.9626   |  1.957    |  2.526    |  27.91    |  49.33    |
|  334      |  0.9972   |  0.7872   |  3.922    |  0.6925   |  8.666    |  9.555    |  71.62    |  157.8    |
|  335      |  0.9972   |  0.4161   |  3.332    |  0.6151   |  3.95     |  1.044    |  29.1     |  47.82    |
|  336      |  0.9975   |  0.6635   |  4.238    |  0.9935   |  6.712    |  5.647    |  14.81    |  95.36    |
|  337      |  0.9972   |  0.5515   |  1.413    |  0.6943   |  1.299    |  7.769    |  50.97    |  161.0    |
|  338      |  0.9972   |  0.8012   |  1.479    |  0.509    |  8.314    |  5.744    |  69.3     |  98.16    |
|  339      |  0.9973   |  0.963    |  1.206    |  0.6015   |  3.419    |  3.226    |  79.53    |  94.45    |
|  340      |  0.9972   |  0.6324   |  5.456    |  0.5432   |  3.358    |  5.546    |  77.22    |  149.9    |
|  341      |  0.9957   |  0.8432   |  2.412    |  0.4352   |  7.855    |  7.087    |  56.92    |  226.9    |
|  342      |  0.9957   |  0.6608   |  3.115    |  0.453    |  3.563    |  5.261    |  18.08    |  49.4     |
|  343      |  0.9975   |  0.9374   |  4.605    |  0.8431   |  7.939    |  6.749    |  35.88    |  197.3    |
|  344      |  0.9973   |  0.9719   |  4.009    |  0.6739   |  6.133    |  1.709    |  78.89    |  187.1    |
|  345      |  0.9975   |  0.629    |  2.719    |  0.7994   |  4.99     |  6.253    |  85.77    |  238.1    |
|  346      |  0.9972   |  0.5117   |  3.657    |  0.6131   |  4.482    |  0.01649  |  44.08    |  35.34    |
|  347      |  0.9974   |  0.5285   |  1.374    |  0.993    |  0.9676   |  8.602    |  92.3     |  8.305    |
|  348      |  0.9974   |  0.7535   |  5.641    |  0.5315   |  0.3667   |  3.356    |  27.23    |  115.2    |
|  349      |  0.9976   |  0.6969   |  3.667    |  0.8244   |  2.71     |  2.65     |  28.93    |  45.75    |
|  350      |  0.9956   |  0.6038   |  6.105    |  0.4093   |  1.913    |  2.291    |  28.99    |  49.58    |
|  351      |  0.9974   |  0.8844   |  4.654    |  0.6741   |  2.143    |  3.82     |  26.88    |  167.0    |
|  352      |  0.9971   |  0.4644   |  3.931    |  0.7299   |  9.792    |  8.357    |  32.42    |  100.3    |
|  353      |  0.9973   |  0.7857   |  4.458    |  0.5142   |  2.318    |  1.911    |  29.28    |  46.06    |
|  354      |  0.9971   |  0.4611   |  2.598    |  0.6011   |  8.782    |  8.704    |  64.69    |  73.88    |
|  355      |  0.9973   |  0.7823   |  6.432    |  0.7189   |  1.12     |  2.134    |  82.32    |  90.29    |
|  356      |  0.9973   |  0.5091   |  1.564    |  0.7242   |  2.879    |  3.285    |  29.47    |  46.57    |
|  357      |  0.9974   |  0.5922   |  5.655    |  0.9755   |  7.679    |  6.476    |  94.03    |  74.98    |
|  358      |  0.9975   |  0.7264   |  4.063    |  0.7865   |  7.527    |  4.033    |  39.04    |  132.7    |
|  359      |  0.9973   |  0.5593   |  5.163    |  0.6431   |  2.651    |  5.242    |  32.38    |  49.32    |
|  360      |  0.9957   |  0.9262   |  5.24     |  0.4046   |  0.8819   |  5.24     |  59.31    |  174.2    |
|  361      |  0.9973   |  0.9443   |  2.851    |  0.5734   |  3.162    |  3.283    |  80.34    |  94.0     |
|  362      |  0.9976   |  0.8856   |  4.529    |  0.8763   |  2.21     |  2.794    |  48.08    |  163.1    |
|  363      |  0.9976   |  0.8328   |  5.384    |  0.8965   |  1.904    |  1.538    |  82.69    |  94.19    |
|  364      |  0.9975   |  0.9298   |  1.427    |  0.9443   |  5.977    |  0.7039   |  75.62    |  91.93    |
|  365      |  0.9974   |  0.7129   |  2.886    |  0.7304   |  0.6277   |  0.4224   |  78.9     |  92.53    |
|  366      |  0.9972   |  0.5213   |  3.065    |  0.5316   |  9.25     |  9.252    |  19.17    |  140.4    |
|  367      |  0.9957   |  0.8036   |  3.123    |  0.4037   |  2.063    |  9.153    |  87.16    |  202.6    |
|  368      |  0.9972   |  0.4381   |  1.149    |  0.5233   |  7.411    |  6.501    |  8.192    |  240.8    |
|  369      |  0.9976   |  0.7087   |  3.282    |  0.7897   |  0.6798   |  1.268    |  77.56    |  93.15    |
|  370      |  0.9975   |  0.4321   |  6.382    |  0.9275   |  1.895    |  4.003    |  27.68    |  47.33    |
|  371      |  0.9972   |  0.5094   |  1.784    |  0.6654   |  8.006    |  6.742    |  12.82    |  203.9    |
|  372      |  0.9974   |  0.9336   |  5.787    |  0.6993   |  1.169    |  1.477    |  68.47    |  110.8    |
|  373      |  0.9976   |  0.7899   |  4.63     |  0.8047   |  0.09638  |  9.526    |  82.89    |  56.51    |
|  374      |  0.9976   |  0.4989   |  4.928    |  0.8884   |  0.8162   |  1.313    |  30.74    |  47.2     |
|  375      |  0.9957   |  0.8029   |  6.547    |  0.4306   |  6.058    |  8.195    |  81.3     |  61.49    |
|  376      |  0.9973   |  0.9466   |  2.263    |  0.5843   |  7.159    |  3.96     |  32.52    |  196.0    |
|  377      |  0.9972   |  0.6062   |  1.108    |  0.7223   |  3.394    |  3.057    |  85.02    |  207.2    |
|  378      |  0.9974   |  0.6007   |  4.906    |  0.7683   |  9.874    |  3.85     |  58.47    |  207.9    |
|  379      |  0.9972   |  0.9148   |  3.199    |  0.6868   |  8.348    |  2.448    |  55.94    |  19.34    |
|  380      |  0.9974   |  0.5595   |  5.444    |  0.8858   |  6.234    |  8.118    |  72.67    |  216.5    |
|  381      |  0.9957   |  0.772    |  1.533    |  0.4959   |  4.66     |  5.991    |  66.93    |  34.5     |
|  382      |  0.9973   |  0.7806   |  2.197    |  0.5733   |  7.654    |  0.1962   |  20.26    |  87.2     |
|  383      |  0.9973   |  0.6279   |  3.053    |  0.5296   |  5.85     |  1.575    |  24.28    |  48.75    |
|  384      |  0.9975   |  0.8708   |  1.778    |  0.7569   |  3.168    |  9.527    |  43.65    |  236.2    |
|  385      |  0.9973   |  0.7877   |  3.217    |  0.5487   |  6.984    |  7.01     |  9.767    |  108.7    |
|  386      |  0.9972   |  0.5295   |  5.198    |  0.5258   |  6.016    |  6.67     |  21.01    |  36.19    |
|  387      |  0.9974   |  0.4269   |  4.879    |  0.8078   |  6.878    |  4.076    |  88.25    |  167.7    |
|  388      |  0.9972   |  0.4308   |  6.066    |  0.6274   |  2.606    |  8.91     |  32.08    |  46.01    |
|  389      |  0.9975   |  0.8854   |  5.866    |  0.8584   |  4.046    |  8.196    |  53.12    |  66.55    |
|  390      |  0.9976   |  0.9658   |  5.511    |  0.8762   |  4.432    |  4.364    |  20.89    |  188.1    |
|  391      |  0.9957   |  0.5939   |  6.363    |  0.4828   |  2.095    |  3.91     |  81.8     |  221.0    |
|  392      |  0.9975   |  0.4704   |  4.877    |  0.8891   |  0.9633   |  5.383    |  89.52    |  190.5    |
|  393      |  0.9972   |  0.8353   |  4.84     |  0.5709   |  8.13     |  9.925    |  54.42    |  83.49    |
