|  394      |  0.9974   |  0.4043   |  5.448    |  0.9861   |  7.086    |  4.752    |  75.04    |  202.3    |
|  395      |  0.9957   |  0.4786   |  6.098    |  0.4677   |  4.749    |  4.819    |  98.51    |  222.6    |
|  396      |  0.9975   |  0.8844   |  6.851    |  0.8494   |  2.96     |  6.253    |  91.36    |  66.27    |
|  397      |  0.9976   |  0.4905   |  5.456    |  0.8551   |  0.9521   |  0.8801   |  30.41    |  45.5     |
|  398      |  0.9976   |  0.7997   |  3.764    |  0.8936   |  2.703    |  0.6434   |  34.33    |  44.5     |
|  399      |  0.9976   |  0.7611   |  2.157    |  0.8008   |  0.8991   |  3.743    |  81.76    |  91.59    |
|  400      |  0.9975   |  0.5355   |  5.391    |  0.7566   |  0.5807   |  5.137    |  87.95    |  189.4    |
|  401      |  0.9973   |  0.9621   |  1.622    |  0.6342   |  4.877    |  5.336    |  53.09    |  32.7     |
|  402      |  0.9957   |  0.734    |  2.606    |  0.4749   |  7.274    |  3.334    |  24.9     |  35.97    |
|  403      |  0.9975   |  0.5072   |  3.004    |  0.8793   |  0.5495   |  9.05     |  62.5     |  177.5    |
|  404      |  0.9975   |  0.7598   |  6.702    |  0.9465   |  5.672    |  2.528    |  89.4     |  194.4    |
|  405      |  0.9975   |  0.8642   |  2.692    |  0.7918   |  6.548    |  8.556    |  50.32    |  32.07    |
|  406      |  0.9976   |  0.8152   |  2.379    |  0.9278   |  0.8882   |  2.44     |  82.98    |  91.24    |
|  407      |  0.9957   |  0.7657   |  4.6      |  0.4764   |  2.125    |  5.687    |  32.5     |  48.15    |
|  408      |  0.9975   |  0.9996   |  4.246    |  0.9662   |  6.522    |  1.843    |  91.46    |  54.25    |
|  409      |  0.9973   |  0.6871   |  4.366    |  0.6462   |  0.972    |  5.238    |  26.42    |  167.1    |
|  410      |  0.9976   |  0.9576   |  2.01     |  0.9813   |  0.6859   |  9.043    |  63.63    |  177.5    |
|  411      |  0.9957   |  0.6989   |  4.791    |  0.4017   |  8.018    |  5.336    |  23.95    |  62.69    |
|  412      |  0.9957   |  0.5386   |  4.667    |  0.4803   |  8.308    |  1.163    |  22.31    |  135.3    |
|  413      |  0.9973   |  0.6195   |  5.515    |  0.7179   |  4.372    |  3.522    |  27.57    |  48.65    |
|  414      |  0.9957   |  0.925    |  3.295    |  0.4578   |  2.677    |  2.035    |  30.62    |  46.36    |
|  415      |  0.9972   |  0.8002   |  3.826    |  0.5238   |  6.401    |  1.868    |  74.25    |  185.8    |
|  416      |  0.9974   |  0.8176   |  4.326    |  0.6933   |  2.961    |  0.775    |  34.59    |  45.29    |
|  417      |  0.9972   |  0.5414   |  2.421    |  0.7412   |  6.211    |  2.01     |  92.29    |  145.2    |
|  418      |  0.9957   |  0.5251   |  4.66     |  0.4275   |  3.418    |  1.404    |  18.63    |  203.6    |
|  419      |  0.9972   |  0.4526   |  4.234    |  0.6057   |  3.526    |  7.787    |  77.61    |  62.08    |
|  420      |  0.9973   |  0.9879   |  1.116    |  0.5399   |  7.698    |  3.714    |  73.09    |  124.3    |
|  421      |  0.9972   |  0.435    |  4.89     |  0.7122   |  6.932    |  4.603    |  13.47    |  94.95    |
|  422      |  0.9973   |  0.7966   |  6.787    |  0.5327   |  6.657    |  1.602    |  37.9     |  192.3    |
|  423      |  0.9957   |  0.8611   |  5.012    |  0.4771   |  1.955    |  2.79     |  30.62    |  47.71    |
|  424      |  0.9972   |  0.6845   |  2.968    |  0.5864   |  3.908    |  3.026    |  68.02    |  50.24    |
|  425      |  0.9957   |  0.7321   |  5.157    |  0.4091   |  0.5232   |  1.161    |  67.42    |  109.6    |
|  426      |  0.9957   |  0.8112   |  1.914    |  0.4412   |  6.198    |  6.497    |  36.54    |  159.1    |
|  427      |  0.9973   |  0.7742   |  3.332    |  0.6812   |  2.964    |  8.166    |  34.81    |  30.03    |
|  428      |  0.996    |  0.5071   |  5.889    |  0.4833   |  1.971    |  1.819    |  55.39    |  6.927    |
|  429      |  0.9972   |  0.5991   |  6.535    |  0.5831   |  2.641    |  1.83     |  73.77    |  22.77    |
|  430      |  0.9975   |  0.5924   |  1.241    |  0.8307   |  9.157    |  6.97     |  36.52    |  235.6    |
|  431      |  0.9976   |  0.7427   |  6.278    |  0.8916   |  0.7752   |  1.915    |  30.3     |  46.38    |
|  432      |  0.9957   |  0.7235   |  4.672    |  0.4816   |  3.952    |  8.009    |  36.82    |  210.5    |
|  433      |  0.9972   |  0.9447   |  5.914    |  0.5159   |  7.875    |  6.32     |  33.84    |  14.25    |
|  434      |  0.9973   |  0.9576   |  6.705    |  0.5488   |  1.14     |  6.353    |  79.95    |  242.5    |
|  435      |  0.9972   |  0.9118   |  3.217    |  0.6294   |  3.259    |  9.875    |  94.73    |  105.6    |
|  436      |  0.9972   |  0.6811   |  5.927    |  0.6998   |  4.952    |  6.034    |  66.45    |  65.11    |
|  437      |  0.9975   |  0.6656   |  4.623    |  0.9134   |  3.216    |  5.213    |  96.01    |  13.71    |
|  438      |  0.9974   |  0.9091   |  4.187    |  0.7286   |  1.959    |  0.801    |  28.73    |  90.65    |
|  439      |  0.9976   |  0.835    |  2.002    |  0.8059   |  3.875    |  0.5494   |  80.28    |  95.48    |
|  440      |  0.9975   |  0.5916   |  3.078    |  0.8127   |  5.404    |  4.953    |  70.62    |  31.3     |
|  441      |  0.9975   |  0.987    |  2.654    |  0.7547   |  6.974    |  5.955    |  10.2     |  109.6    |
|  442      |  0.9975   |  0.771    |  1.167    |  0.9608   |  7.154    |  5.061    |  63.45    |  107.7    |
|  443      |  0.9974   |  0.9808   |  5.948    |  0.6401   |  0.04694  |  3.85     |  59.9     |  173.6    |
|  444      |  0.9957   |  0.7098   |  4.077    |  0.4579   |  2.847    |  2.393    |  31.17    |  47.54    |
|  445      |  0.9957   |  0.9539   |  4.354    |  0.4886   |  8.544    |  3.333    |  90.5     |  224.6    |
|  446      |  0.9973   |  0.5247   |  2.848    |  0.7004   |  0.3427   |  0.8691   |  81.37    |  95.8     |
|  447      |  0.9957   |  0.792    |  5.051    |  0.4616   |  7.118    |  7.019    |  21.06    |  35.96    |
|  448      |  0.9972   |  0.8326   |  2.839    |  0.553    |  8.526    |  9.417    |  32.5     |  72.83    |
|  449      |  0.9976   |  0.9941   |  4.371    |  0.9516   |  1.139    |  3.576    |  90.12    |  57.21    |
|  450      |  0.9973   |  0.6042   |  6.363    |  0.6823   |  0.5156   |  5.969    |  26.63    |  166.8    |
|  451      |  0.9974   |  0.5449   |  4.706    |  0.9599   |  5.997    |  7.817    |  74.87    |  156.0    |
|  452      |  0.9957   |  0.7067   |  4.469    |  0.401    |  3.528    |  5.708    |  95.2     |  14.17    |
|  453      |  0.9973   |  0.7981   |  3.796    |  0.5467   |  1.667    |  5.317    |  47.3     |  53.73    |
|  454      |  0.9974   |  0.7907   |  4.879    |  0.5856   |  0.09366  |  1.203    |  31.07    |  48.09    |
|  455      |  0.9972   |  0.8563   |  6.783    |  0.7144   |  3.442    |  6.145    |  95.23    |  171.6    |
|  456      |  0.9975   |  0.7319   |  6.494    |  0.9827   |  9.662    |  5.312    |  47.83    |  204.4    |
|  457      |  0.9975   |  0.9703   |  5.645    |  0.9714   |  5.74     |  7.68     |  74.67    |  255.5    |
|  458      |  0.9973   |  0.7834   |  2.325    |  0.6918   |  6.201    |  6.186    |  9.454    |  108.4    |
|  459      |  0.9976   |  0.4551   |  4.658    |  0.8675   |  0.5767   |  0.3149   |  83.04    |  93.58    |
|  460      |  0.9975   |  0.7577   |  3.001    |  0.9983   |  5.245    |  2.333    |  63.59    |  139.7    |
|  461      |  0.9972   |  0.5623   |  3.723    |  0.6838   |  7.409    |  7.742    |  8.639    |  250.1    |
|  462      |  0.9973   |  0.8392   |  2.568    |  0.7149   |  4.68     |  1.418    |  29.52    |  46.96    |
|  463      |  0.9975   |  0.8658   |  3.136    |  0.8363   |  4.334    |  6.152    |  58.92    |  208.0    |
|  464      |  0.9971   |  0.4819   |  3.775    |  0.6455   |  9.3      |  5.945    |  71.75    |  187.4    |
|  465      |  0.9973   |  0.8064   |  6.119    |  0.7076   |  6.193    |  2.339    |  59.65    |  26.61    |
|  466      |  0.9976   |  0.7365   |  2.271    |  0.8867   |  0.7284   |  1.137    |  78.61    |  91.25    |
|  467      |  0.9957   |  0.663    |  3.205    |  0.4996   |  3.385    |  1.147    |  74.52    |  231.9    |
|  468      |  0.9975   |  0.6976   |  1.006    |  0.932    |  5.069    |  2.397    |  79.42    |  93.66    |
|  469      |  0.9976   |  0.8247   |  3.942    |  0.8516   |  4.655    |  0.4816   |  25.5     |  114.2    |
|  470      |  0.9972   |  0.4436   |  1.076    |  0.6629   |  8.12     |  3.999    |  28.48    |  104.0    |
|  471      |  0.9975   |  0.7979   |  6.267    |  0.918    |  2.945    |  6.287    |  91.95    |  65.64    |
|  472      |  0.9975   |  0.503    |  3.992    |  0.9011   |  1.886    |  6.994    |  45.21    |  100.8    |
|  473      |  0.9976   |  0.9401   |  3.89     |  0.9684   |  2.473    |  2.903    |  63.08    |  43.01    |
|  474      |  0.9972   |  0.5479   |  3.623    |  0.6897   |  1.515    |  4.009    |  83.73    |  92.75    |
|  475      |  0.9975   |  0.6208   |  1.712    |  0.8195   |  5.258    |  0.6853   |  45.0     |  58.42    |
|  476      |  0.9976   |  0.9992   |  6.036    |  0.8982   |  4.303    |  2.538    |  6.64     |  104.7    |
|  477      |  0.9975   |  0.505    |  1.083    |  0.8412   |  2.39     |  2.165    |  12.91    |  114.8    |
|  478      |  0.9976   |  0.7405   |  6.189    |  0.9918   |  2.612    |  0.9125   |  74.43    |  23.39    |
|  479      |  0.9973   |  0.8283   |  2.449    |  0.7169   |  3.594    |  7.552    |  47.03    |  219.0    |
|  480      |  0.9957   |  0.8648   |  5.9      |  0.433    |  0.7981   |  0.5345   |  65.99    |  24.19    |
|  481      |  0.9975   |  0.4564   |  1.326    |  0.8061   |  5.651    |  0.4443   |  44.15    |  58.02    |
|  482      |  0.9975   |  0.7175   |  5.54     |  0.8229   |  6.285    |  7.438    |  14.49    |  18.74    |
|  483      |  0.9975   |  0.884    |  6.006    |  0.9717   |  7.581    |  1.405    |  91.9     |  190.7    |
|  484      |  0.9972   |  0.525    |  3.02     |  0.6089   |  2.737    |  2.798    |  82.85    |  92.5     |
|  485      |  0.9973   |  0.7969   |  3.161    |  0.5286   |  2.355    |  2.514    |  62.95    |  62.9     |
|  486      |  0.9972   |  0.5905   |  3.502    |  0.5659   |  2.596    |  4.867    |  95.27    |  15.03    |
|  487      |  0.9975   |  0.4167   |  2.624    |  0.7819   |  2.321    |  2.639    |  86.63    |  116.7    |
|  488      |  0.9973   |  0.8947   |  2.056    |  0.6232   |  7.095    |  2.709    |  9.648    |  58.44    |
|  489      |  0.9971   |  0.517    |  6.539    |  0.6636   |  6.903    |  9.159    |  68.54    |  152.5    |
|  490      |  0.9976   |  0.8513   |  4.776    |  0.9998   |  4.122    |  0.6011   |  19.32    |  237.3    |
|  491      |  0.9975   |  0.7957   |  1.228    |  0.9834   |  6.326    |  3.512    |  82.24    |  74.47    |
|  492      |  0.9975   |  0.7873   |  2.191    |  0.9047   |  2.371    |  6.393    |  86.6     |  229.2    |
|  493      |  0.9975   |  0.7264   |  3.298    |  0.9379   |  6.113    |  8.265    |  59.69    |  27.76    |
|  494      |  0.9973   |  0.7723   |  1.949    |  0.7367   |  1.182    |  4.418    |  78.77    |  253.4    |
|  495      |  0.9976   |  0.9135   |  2.743    |  0.973    |  1.009    |  0.8444   |  81.23    |  95.71    |
|  496      |  0.9973   |  0.9541   |  6.903    |  0.7034   |  4.107    |  9.603    |  5.109    |  74.89    |
|  497      |  0.9957   |  0.6328   |  6.258    |  0.4802   |  8.075    |  8.835    |  13.65    |  100.5    |
|  498      |  0.9976   |  0.5319   |  6.109    |  0.9441   |  0.9898   |  5.413    |  47.87    |  46.49    |
|  499      |  0.9973   |  0.9499   |  1.332    |  0.6571   |  6.349    |  6.332    |  10.28    |  108.6    |
|  500      |  0.9976   |  0.5881   |  4.466    |  0.9774   |  1.031    |  5.684    |  25.24    |  167.5    |
|  501      |  0.9973   |  0.8974   |  2.12     |  0.5135   |  2.221    |  3.644    |  83.3     |  92.88    |
|  502      |  0.9973   |  0.5409   |  4.476    |  0.5591   |  2.249    |  1.352    |  33.45    |  42.44    |
|  503      |  0.9957   |  0.718    |  1.505    |  0.4354   |  6.594    |  2.229    |  24.27    |  47.86    |
|  504      |  0.9957   |  0.9149   |  1.235    |  0.4349   |  2.017    |  2.498    |  84.56    |  92.41    |
|  505      |  0.9976   |  0.8842   |  4.771    |  0.9875   |  0.3594   |  4.702    |  27.34    |  165.3    |
|  506      |  0.9975   |  0.6761   |  2.425    |  0.8941   |  8.23     |  5.865    |  7.379    |  249.7    |
|  507      |  0.9957   |  0.8587   |  4.856    |  0.4952   |  3.942    |  9.228    |  88.5     |  179.3    |
|  508      |  0.9972   |  0.874    |  5.622    |  0.5657   |  9.943    |  7.367    |  72.27    |  191.2    |
|  509      |  0.9957   |  0.6167   |  5.925    |  0.4148   |  9.453    |  4.664    |  69.76    |  210.2    |
|  510      |  0.9976   |  0.6662   |  4.57     |  0.8572   |  1.307    |  3.962    |  90.35    |  57.74    |
|  511      |  0.9975   |  0.5501   |  6.355    |  0.9342   |  2.179    |  4.567    |  62.07    |  98.99    |
|  512      |  0.9957   |  0.9221   |  2.255    |  0.4402   |  1.999    |  5.666    |  80.91    |  95.56    |
|  513      |  0.9975   |  0.4725   |  6.0      |  0.9003   |  3.384    |  4.831    |  20.65    |  189.3    |
|  514      |  0.9974   |  0.4468   |  5.653    |  0.8855   |  8.448    |  0.3681   |  71.35    |  149.7    |
|  515      |  0.9976   |  0.903    |  6.223    |  0.8914   |  1.752    |  2.217    |  28.11    |  46.04    |
|  516      |  0.9975   |  0.4702   |  3.293    |  0.9668   |  5.904    |  0.03867  |  78.63    |  71.19    |
|  517      |  0.9976   |  0.9647   |  5.216    |  0.9764   |  4.433    |  4.597    |  21.52    |  187.6    |
|  518      |  0.9975   |  0.8092   |  1.549    |  0.8783   |  6.655    |  4.614    |  62.46    |  106.7    |
|  519      |  0.9973   |  0.4885   |  6.791    |  0.6328   |  0.6668   |  4.579    |  48.32    |  45.71    |
|  520      |  0.9973   |  0.4544   |  5.854    |  0.7041   |  2.706    |  2.301    |  27.89    |  47.32    |
|  521      |  0.9975   |  0.5552   |  2.284    |  0.8071   |  2.706    |  6.587    |  86.07    |  228.7    |
|  522      |  0.9972   |  0.6016   |  3.023    |  0.5461   |  4.462    |  5.479    |  63.83    |  201.3    |
|  523      |  0.9972   |  0.8603   |  1.17     |  0.5838   |  9.573    |  8.911    |  61.05    |  205.3    |
|  524      |  0.9969   |  0.5627   |  2.275    |  0.7812   |  5.139    |  9.222    |  56.28    |  4.323    |
|  525      |  0.9956   |  0.426    |  3.989    |  0.45     |  5.442    |  7.652    |  21.61    |  230.5    |
|  526      |  0.9972   |  0.6901   |  2.922    |  0.6906   |  8.553    |  4.129    |  35.66    |  224.4    |
|  527      |  0.9976   |  0.9676   |  2.127    |  0.9363   |  2.853    |  1.576    |  67.68    |  177.8    |
|  528      |  0.9976   |  0.5654   |  5.227    |  0.9659   |  2.724    |  2.374    |  54.76    |  247.1    |
|  529      |  0.9976   |  0.7367   |  1.069    |  0.9913   |  0.7599   |  2.416    |  80.27    |  97.75    |
|  530      |  0.9975   |  0.9903   |  4.132    |  0.9025   |  9.5      |  5.841    |  83.13    |  77.35    |
|  531      |  0.9975   |  0.8324   |  5.722    |  0.7699   |  8.458    |  8.866    |  22.93    |  228.6    |
|  532      |  0.9973   |  0.9151   |  3.847    |  0.7198   |  0.5064   |  8.98     |  82.69    |  241.4    |
|  533      |  0.9975   |  0.8443   |  3.124    |  0.9147   |  8.052    |  0.6354   |  71.94    |  102.8    |
|  534      |  0.9957   |  0.5245   |  6.54     |  0.4505   |  3.996    |  0.8225   |  70.0     |  44.28    |
|  535      |  0.9973   |  0.6522   |  3.194    |  0.5855   |  3.607    |  0.6264   |  28.49    |  45.38    |
|  536      |  0.9957   |  0.9181   |  2.403    |  0.4984   |  9.712    |  6.196    |  37.5     |  207.6    |
|  537      |  0.9972   |  0.642    |  3.762    |  0.548    |  7.409    |  8.104    |  42.87    |  117.7    |
|  538      |  0.9975   |  0.5922   |  3.681    |  0.8764   |  4.404    |  0.4685   |  28.59    |  47.61    |
|  539      |  0.9958   |  0.7748   |  2.506    |  0.4391   |  5.92     |  9.726    |  59.13    |  10.09    |
|  540      |  0.9976   |  0.8174   |  4.397    |  0.9037   |  3.33     |  2.61     |  92.43    |  157.1    |
|  541      |  0.9957   |  0.6115   |  5.734    |  0.4766   |  0.6197   |  2.501    |  27.99    |  74.89    |
|  542      |  0.9972   |  0.4375   |  1.696    |  0.6688   |  7.852    |  6.336    |  10.84    |  139.6    |
|  543      |  0.9973   |  0.6882   |  2.897    |  0.5322   |  2.211    |  7.634    |  35.04    |  30.59    |
|  544      |  0.9975   |  0.7123   |  4.013    |  0.8512   |  8.374    |  6.86     |  19.58    |  246.4    |
|  545      |  0.9972   |  0.4479   |  6.229    |  0.7277   |  3.708    |  6.305    |  49.43    |  35.67    |
|  546      |  0.9957   |  0.5982   |  2.522    |  0.4662   |  9.984    |  3.842    |  72.27    |  116.2    |
|  547      |  0.9973   |  0.9009   |  1.914    |  0.733    |  8.6      |  6.604    |  31.61    |  60.21    |
|  548      |  0.9972   |  0.4286   |  4.575    |  0.556    |  7.377    |  6.81     |  36.1     |  196.9    |
|  549      |  0.9974   |  0.4752   |  1.76     |  0.7869   |  7.53     |  8.547    |  38.63    |  120.2    |
|  550      |  0.9973   |  0.6435   |  5.458    |  0.6323   |  4.323    |  6.934    |  41.86    |  235.3    |
=============================================================================================================

BEST HYPERPARAMETERS:
|  262      |  0.9976   |  0.7462   |  2.993    |  0.9239   |  0.1172   |  0.5827   |  78.15    |  93.14    |